2026-04-28 10:13:41,593 WARNING database DDL Query made to DB:
create table `tabAdditional Salary` (
			name varchar(140) primary key,
			creation datetime(6),
			modified datetime(6),
			modified_by varchar(140),
			owner varchar(140),
			docstatus int(1) not null default '0',
			idx int(8) not null default '0',
			`naming_series` varchar(140),
`employee` varchar(140),
`employee_name` varchar(140),
`department` varchar(140),
`company` varchar(140),
`is_recurring` int(1) not null default 0,
`disabled` int(1) not null default 0,
`from_date` date,
`to_date` date,
`payroll_date` date,
`amended_from` varchar(140),
`salary_component` varchar(140),
`type` varchar(140),
`currency` varchar(140),
`amount` decimal(21,9) not null default 0,
`deduct_full_tax_on_selected_payroll_date` int(1) not null default 0,
`overwrite_salary_structure_amount` int(1) not null default 1,
`ref_doctype` varchar(140),
`ref_docname` varchar(140),
`_user_tags` text,
`_comments` text,
`_assign` text,
`_liked_by` text,
index `employee`(`employee`),
index `payroll_date`(`payroll_date`),
index `salary_component`(`salary_component`),
index modified(modified))
			ENGINE=InnoDB
			ROW_FORMAT=DYNAMIC
			CHARACTER SET=utf8mb4
			COLLATE=utf8mb4_unicode_ci
2026-04-28 10:13:41,729 WARNING database DDL Query made to DB:
create table `tabEmployee Incentive` (
			name varchar(140) primary key,
			creation datetime(6),
			modified datetime(6),
			modified_by varchar(140),
			owner varchar(140),
			docstatus int(1) not null default '0',
			idx int(8) not null default '0',
			`employee` varchar(140),
`employee_name` varchar(140),
`amended_from` varchar(140),
`company` varchar(140),
`department` varchar(140),
`salary_component` varchar(140),
`currency` varchar(140),
`payroll_date` date,
`incentive_amount` decimal(21,9) not null default 0,
`_user_tags` text,
`_comments` text,
`_assign` text,
`_liked_by` text,
index modified(modified))
			ENGINE=InnoDB
			ROW_FORMAT=DYNAMIC
			CHARACTER SET=utf8mb4
			COLLATE=utf8mb4_unicode_ci
2026-04-28 10:13:41,857 WARNING database DDL Query made to DB:
create table `tabTaxable Salary Slab` (
			name varchar(140) primary key,
			creation datetime(6),
			modified datetime(6),
			modified_by varchar(140),
			owner varchar(140),
			docstatus int(1) not null default '0',
			idx int(8) not null default '0',
			`from_amount` decimal(21,9) not null default 0,
`to_amount` decimal(21,9) not null default 0,
`percent_deduction` decimal(21,9) not null default 0,
`condition` longtext,
parent varchar(140),
parentfield varchar(140),
parenttype varchar(140),
index parent(parent))
			ENGINE=InnoDB
			ROW_FORMAT=DYNAMIC
			CHARACTER SET=utf8mb4
			COLLATE=utf8mb4_unicode_ci
2026-04-28 10:13:42,083 WARNING database DDL Query made to DB:
create table `tabSalary Slip` (
			name varchar(140) primary key,
			creation datetime(6),
			modified datetime(6),
			modified_by varchar(140),
			owner varchar(140),
			docstatus int(1) not null default '0',
			idx int(8) not null default '0',
			`employee` varchar(140),
`employee_name` varchar(140),
`company` varchar(140),
`department` varchar(140),
`designation` varchar(140),
`branch` varchar(140),
`posting_date` date,
`letter_head` varchar(140),
`status` varchar(140),
`salary_withholding` varchar(140),
`salary_withholding_cycle` varchar(140),
`currency` varchar(140),
`exchange_rate` decimal(21,9) not null default 1.0,
`payroll_frequency` varchar(140),
`start_date` date,
`end_date` date,
`salary_structure` varchar(140),
`payroll_entry` varchar(140),
`mode_of_payment` varchar(140),
`salary_slip_based_on_timesheet` int(1) not null default 0,
`deduct_tax_for_unclaimed_employee_benefits` int(1) not null default 0,
`deduct_tax_for_unsubmitted_tax_exemption_proof` int(1) not null default 0,
`total_working_days` decimal(21,9) not null default 0,
`unmarked_days` decimal(21,9) not null default 0,
`leave_without_pay` decimal(21,9) not null default 0,
`absent_days` decimal(21,9) not null default 0,
`payment_days` decimal(21,9) not null default 0,
`total_working_hours` decimal(21,9) not null default 0,
`hour_rate` decimal(21,9) not null default 0,
`base_hour_rate` decimal(21,9) not null default 0,
`gross_pay` decimal(21,9) not null default 0,
`base_gross_pay` decimal(21,9) not null default 0,
`gross_year_to_date` decimal(21,9) not null default 0,
`base_gross_year_to_date` decimal(21,9) not null default 0,
`total_deduction` decimal(21,9) not null default 0,
`base_total_deduction` decimal(21,9) not null default 0,
`net_pay` decimal(21,9) not null default 0,
`base_net_pay` decimal(21,9) not null default 0,
`rounded_total` decimal(21,9) not null default 0,
`base_rounded_total` decimal(21,9) not null default 0,
`year_to_date` decimal(21,9) not null default 0,
`base_year_to_date` decimal(21,9) not null default 0,
`month_to_date` decimal(21,9) not null default 0,
`base_month_to_date` decimal(21,9) not null default 0,
`total_in_words` varchar(240),
`base_total_in_words` varchar(240),
`ctc` decimal(21,9) not null default 0,
`income_from_other_sources` decimal(21,9) not null default 0,
`total_earnings` decimal(21,9) not null default 0,
`non_taxable_earnings` decimal(21,9) not null default 0,
`standard_tax_exemption_amount` decimal(21,9) not null default 0,
`tax_exemption_declaration` decimal(21,9) not null default 0,
`deductions_before_tax_calculation` decimal(21,9) not null default 0,
`annual_taxable_amount` decimal(21,9) not null default 0,
`income_tax_deducted_till_date` decimal(21,9) not null default 0,
`current_month_income_tax` decimal(21,9) not null default 0,
`future_income_tax_deductions` decimal(21,9) not null default 0,
`total_income_tax` decimal(21,9) not null default 0,
`journal_entry` varchar(140),
`amended_from` varchar(140),
`bank_name` varchar(140),
`bank_account_no` varchar(140),
`_user_tags` text,
`_comments` text,
`_assign` text,
`_liked_by` text,
index `employee`(`employee`),
index `start_date`(`start_date`),
index `end_date`(`end_date`),
index `salary_structure`(`salary_structure`),
index `payroll_entry`(`payroll_entry`),
index modified(modified))
			ENGINE=InnoDB
			ROW_FORMAT=DYNAMIC
			CHARACTER SET=utf8mb4
			COLLATE=utf8mb4_unicode_ci
2026-04-28 10:13:42,197 WARNING database DDL Query made to DB:
ALTER TABLE `tabSalary Slip`
				ADD INDEX IF NOT EXISTS `employee_start_date_end_date_index`(employee, start_date, end_date)
2026-04-28 10:13:42,272 WARNING database DDL Query made to DB:
create table `tabPayroll Employee Detail` (
			name varchar(140) primary key,
			creation datetime(6),
			modified datetime(6),
			modified_by varchar(140),
			owner varchar(140),
			docstatus int(1) not null default '0',
			idx int(8) not null default '0',
			`employee` varchar(140),
`employee_name` varchar(140),
`department` varchar(140),
`designation` varchar(140),
`is_salary_withheld` int(1) not null default 0,
parent varchar(140),
parentfield varchar(140),
parenttype varchar(140),
index parent(parent))
			ENGINE=InnoDB
			ROW_FORMAT=DYNAMIC
			CHARACTER SET=utf8mb4
			COLLATE=utf8mb4_unicode_ci
2026-04-28 10:13:42,450 WARNING database DDL Query made to DB:
create table `tabIncome Tax Slab` (
			name varchar(140) primary key,
			creation datetime(6),
			modified datetime(6),
			modified_by varchar(140),
			owner varchar(140),
			docstatus int(1) not null default '0',
			idx int(8) not null default '0',
			`disabled` int(1) not null default 0,
`effective_from` date,
`company` varchar(140),
`currency` varchar(140),
`standard_tax_exemption_amount` decimal(21,9) not null default 0,
`allow_tax_exemption` int(1) not null default 0,
`amended_from` varchar(140),
`tax_relief_limit` decimal(21,9) not null default 0,
`_user_tags` text,
`_comments` text,
`_assign` text,
`_liked_by` text,
index modified(modified))
			ENGINE=InnoDB
			ROW_FORMAT=DYNAMIC
			CHARACTER SET=utf8mb4
			COLLATE=utf8mb4_unicode_ci
2026-04-28 10:13:44,291 WARNING database DDL Query made to DB:
ALTER TABLE `tabTimesheet` ADD COLUMN `salary_slip` varchar(140)
2026-04-28 10:13:44,338 WARNING database DDL Query made to DB:
ALTER TABLE `tabTimesheet` MODIFY `total_billed_hours` decimal(21,9) not null default 0, MODIFY `base_total_costing_amount` decimal(21,9) not null default 0, MODIFY `total_billed_amount` decimal(21,9) not null default 0, MODIFY `base_total_billable_amount` decimal(21,9) not null default 0, MODIFY `base_total_billed_amount` decimal(21,9) not null default 0, MODIFY `total_costing_amount` decimal(21,9) not null default 0, MODIFY `per_billed` decimal(21,9) not null default 0, MODIFY `total_billable_hours` decimal(21,9) not null default 0
2026-04-28 10:13:44,457 WARNING database DDL Query made to DB:
ALTER TABLE `tabProject` ADD COLUMN `total_expense_claim` decimal(21,9) not null default 0
2026-04-28 10:13:44,503 WARNING database DDL Query made to DB:
ALTER TABLE `tabProject` MODIFY `total_billable_amount` decimal(21,9) not null default 0, MODIFY `total_costing_amount` decimal(21,9) not null default 0, MODIFY `gross_margin` decimal(21,9) not null default 0, MODIFY `percent_complete` decimal(21,9) not null default 0, MODIFY `total_purchase_cost` decimal(21,9) not null default 0, MODIFY `total_billed_amount` decimal(21,9) not null default 0, MODIFY `total_consumed_material_cost` decimal(21,9) not null default 0, MODIFY `per_gross_margin` decimal(21,9) not null default 0, MODIFY `actual_time` decimal(21,9) not null default 0, MODIFY `total_sales_amount` decimal(21,9) not null default 0, MODIFY `estimated_costing` decimal(21,9) not null default 0
2026-04-28 10:13:44,584 WARNING database DDL Query made to DB:
ALTER TABLE `tabDepartment` ADD COLUMN `payroll_cost_center` varchar(140), ADD COLUMN `leave_block_list` varchar(140)
2026-04-28 10:13:44,732 WARNING database DDL Query made to DB:
ALTER TABLE `tabCompany` ADD COLUMN `default_expense_claim_payable_account` varchar(140), ADD COLUMN `default_employee_advance_account` varchar(140), ADD COLUMN `default_payroll_payable_account` varchar(140)
2026-04-28 10:13:44,781 WARNING database DDL Query made to DB:
ALTER TABLE `tabCompany` MODIFY `monthly_sales_target` decimal(21,9) not null default 0, MODIFY `credit_limit` decimal(21,9) not null default 0, MODIFY `total_monthly_sales` decimal(21,9) not null default 0
2026-04-28 10:13:44,867 WARNING database DDL Query made to DB:
ALTER TABLE `tabTask` ADD COLUMN `total_expense_claim` decimal(21,9) not null default 0
2026-04-28 10:13:44,913 WARNING database DDL Query made to DB:
ALTER TABLE `tabTask` MODIFY `actual_time` decimal(21,9) not null default 0, MODIFY `task_weight` decimal(21,9) not null default 0, MODIFY `total_costing_amount` decimal(21,9) not null default 0, MODIFY `progress` decimal(21,9) not null default 0, MODIFY `total_billing_amount` decimal(21,9) not null default 0
2026-04-28 10:13:44,997 WARNING database DDL Query made to DB:
ALTER TABLE `tabDesignation` ADD COLUMN `appraisal_template` varchar(140)
2026-04-28 10:13:45,063 WARNING database DDL Query made to DB:
ALTER TABLE `tabTerms and Conditions` ADD COLUMN `hr` int(1) not null default 1
2026-04-28 10:13:45,168 WARNING database DDL Query made to DB:
ALTER TABLE `tabEmployee` ADD COLUMN `employment_type` varchar(140), ADD COLUMN `grade` varchar(140), ADD COLUMN `job_applicant` varchar(140), ADD COLUMN `default_shift` varchar(140), ADD COLUMN `expense_approver` varchar(140), ADD COLUMN `leave_approver` varchar(140), ADD COLUMN `shift_request_approver` varchar(140), ADD COLUMN `payroll_cost_center` varchar(140), ADD COLUMN `health_insurance_provider` varchar(140), ADD COLUMN `health_insurance_no` varchar(140)
2026-04-28 10:13:45,217 WARNING database DDL Query made to DB:
ALTER TABLE `tabEmployee` MODIFY `ctc` decimal(21,9) not null default 0
2026-04-28 10:14:05,440 WARNING database DDL Query made to DB:
ALTER TABLE `tabEmployee Tax Exemption Proof Submission` ADD COLUMN `house_rent_payment_amount` decimal(21,9) not null default 0, ADD COLUMN `rented_in_metro_city` int(1) not null default 0, ADD COLUMN `rented_from_date` date, ADD COLUMN `rented_to_date` date, ADD COLUMN `monthly_house_rent` decimal(21,9) not null default 0, ADD COLUMN `monthly_hra_exemption` decimal(21,9) not null default 0, ADD COLUMN `total_eligible_hra_exemption` decimal(21,9) not null default 0
2026-04-28 10:14:05,449 WARNING database DDL Query made to DB:
ALTER TABLE `tabEmployee Tax Exemption Proof Submission` MODIFY `exemption_amount` decimal(21,9) not null default 0, MODIFY `total_actual_amount` decimal(21,9) not null default 0
2026-04-28 10:14:05,529 WARNING database DDL Query made to DB:
ALTER TABLE `tabCompany` ADD COLUMN `basic_component` varchar(140), ADD COLUMN `hra_component` varchar(140), ADD COLUMN `arrear_component` varchar(140)
2026-04-28 10:14:05,539 WARNING database DDL Query made to DB:
ALTER TABLE `tabCompany` MODIFY `total_monthly_sales` decimal(21,9) not null default 0, MODIFY `credit_limit` decimal(21,9) not null default 0, MODIFY `monthly_sales_target` decimal(21,9) not null default 0
2026-04-28 10:14:05,578 WARNING database DDL Query made to DB:
ALTER TABLE `tabSalary Component` ADD COLUMN `component_type` varchar(140)
2026-04-28 10:14:05,587 WARNING database DDL Query made to DB:
ALTER TABLE `tabSalary Component` MODIFY `amount` decimal(21,9) not null default 0, MODIFY `max_benefit_amount` decimal(21,9) not null default 0
2026-04-28 10:14:05,601 WARNING database DDL Query made to DB:
ALTER TABLE `tabSalary Component` ADD INDEX `creation`(`creation`)
2026-04-28 10:14:05,641 WARNING database DDL Query made to DB:
ALTER TABLE `tabIncome Tax Slab` ADD COLUMN `marginal_relief_limit` decimal(21,9) not null default 0
2026-04-28 10:14:05,650 WARNING database DDL Query made to DB:
ALTER TABLE `tabIncome Tax Slab` MODIFY `tax_relief_limit` decimal(21,9) not null default 0, MODIFY `standard_tax_exemption_amount` decimal(21,9) not null default 0
2026-04-28 10:14:05,663 WARNING database DDL Query made to DB:
ALTER TABLE `tabIncome Tax Slab` ADD INDEX `creation`(`creation`)
2026-04-28 10:14:05,717 WARNING database DDL Query made to DB:
ALTER TABLE `tabEmployee` ADD COLUMN `pan_number` varchar(140), ADD COLUMN `provident_fund_account` varchar(140), ADD COLUMN `ifsc_code` varchar(140), ADD COLUMN `micr_code` varchar(140)
2026-04-28 10:14:05,728 WARNING database DDL Query made to DB:
ALTER TABLE `tabEmployee` MODIFY `ctc` decimal(21,9) not null default 0
2026-04-28 10:14:05,767 WARNING database DDL Query made to DB:
ALTER TABLE `tabEmployee Tax Exemption Declaration` ADD COLUMN `monthly_house_rent` decimal(21,9) not null default 0, ADD COLUMN `rented_in_metro_city` int(1) not null default 0, ADD COLUMN `salary_structure_hra` decimal(21,9) not null default 0, ADD COLUMN `annual_hra_exemption` decimal(21,9) not null default 0, ADD COLUMN `monthly_hra_exemption` decimal(21,9) not null default 0
2026-04-28 10:14:05,776 WARNING database DDL Query made to DB:
ALTER TABLE `tabEmployee Tax Exemption Declaration` MODIFY `total_exemption_amount` decimal(21,9) not null default 0, MODIFY `total_declared_amount` decimal(21,9) not null default 0
2026-04-28 12:20:06,001 WARNING database DDL Query made to DB:
alter table `tabDocType` add column if not exists migration_hash varchar(140)
2026-04-28 12:20:07,118 WARNING database DDL Query made to DB:
ALTER TABLE `tabPrint Heading` DROP INDEX `print_heading`
2026-04-28 12:20:08,351 WARNING database DDL Query made to DB:
create table `tabCareer Inquiry` (
			name varchar(140) primary key,
			creation datetime(6),
			modified datetime(6),
			modified_by varchar(140),
			owner varchar(140),
			docstatus int(1) not null default '0',
			idx int(8) not null default '0',
			`first_name` varchar(140),
`last_name` varchar(140),
`email` varchar(140),
`phone_number` varchar(140),
`role_applying_for` varchar(140),
`years_of_experience` varchar(140),
`linkedin_profile_url` varchar(140),
`resume_link` text,
`portfolio_site` varchar(140),
`tell_us_about_yourself` text,
`how_did_you_hear` varchar(140),
`_user_tags` text,
`_comments` text,
`_assign` text,
`_liked_by` text,
index modified(modified))
			ENGINE=InnoDB
			ROW_FORMAT=DYNAMIC
			CHARACTER SET=utf8mb4
			COLLATE=utf8mb4_unicode_ci
2026-04-28 12:20:08,494 WARNING database DDL Query made to DB:
ALTER TABLE `tabPrint Heading` ADD UNIQUE INDEX IF NOT EXISTS print_heading (`print_heading`)
2026-04-28 12:29:33,124 WARNING database DDL Query made to DB:
alter table `tabDocType` add column if not exists migration_hash varchar(140)
2026-04-28 12:29:33,903 WARNING database DDL Query made to DB:
ALTER TABLE `tabPrint Heading` DROP INDEX `print_heading`
2026-04-28 12:29:34,721 WARNING database DDL Query made to DB:
ALTER TABLE `tabPrint Heading` ADD UNIQUE INDEX IF NOT EXISTS print_heading (`print_heading`)
2026-04-28 14:13:59,237 WARNING database DDL Query made to DB:
alter table `tabDocType` add column if not exists migration_hash varchar(140)
2026-04-28 14:13:59,917 WARNING database DDL Query made to DB:
ALTER TABLE `tabPrint Heading` DROP INDEX `print_heading`
2026-04-28 14:14:00,675 WARNING database DDL Query made to DB:
ALTER TABLE `tabPrint Heading` ADD UNIQUE INDEX IF NOT EXISTS print_heading (`print_heading`)
2026-04-29 15:36:46,296 WARNING database DDL Query made to DB:
alter table `tabDocType` add column if not exists migration_hash varchar(140)
2026-04-29 15:36:47,906 WARNING database DDL Query made to DB:
ALTER TABLE `tabPrint Heading` DROP INDEX `print_heading`
2026-04-29 15:36:50,001 WARNING database DDL Query made to DB:
ALTER TABLE `tabCareer Inquiry` ADD COLUMN `other_source` text
2026-04-29 15:36:50,225 WARNING database DDL Query made to DB:
ALTER TABLE `tabPrint Heading` ADD UNIQUE INDEX IF NOT EXISTS print_heading (`print_heading`)
2026-04-30 11:27:42,666 WARNING database DDL Query made to DB:
ALTER TABLE `tabCRM Lead` MODIFY `total` decimal(21,9) not null default 0, MODIFY `net_total` decimal(21,9) not null default 0, MODIFY `last_response_time` decimal(21,9), MODIFY `annual_revenue` decimal(21,9) not null default 0, MODIFY `first_response_time` decimal(21,9)
2026-04-30 13:04:31,510 WARNING database DDL Query made to DB:
alter table `tabDocType` add column if not exists migration_hash varchar(140)
2026-04-30 13:04:32,218 WARNING database DDL Query made to DB:
ALTER TABLE `tabPrint Heading` DROP INDEX `print_heading`
2026-04-30 13:04:32,968 WARNING database DDL Query made to DB:
ALTER TABLE `tabPrint Heading` ADD UNIQUE INDEX IF NOT EXISTS print_heading (`print_heading`)
2026-04-30 13:04:43,532 WARNING database DDL Query made to DB:
alter table `tabDocType` add column if not exists migration_hash varchar(140)
2026-04-30 13:04:44,357 WARNING database DDL Query made to DB:
ALTER TABLE `tabPrint Heading` DROP INDEX `print_heading`
2026-04-30 13:04:45,128 WARNING database DDL Query made to DB:
ALTER TABLE `tabPrint Heading` ADD UNIQUE INDEX IF NOT EXISTS print_heading (`print_heading`)
2026-04-30 13:19:41,454 WARNING database DDL Query made to DB:
ALTER TABLE `tabCRM Lead` MODIFY `annual_revenue` decimal(21,9) not null default 0, MODIFY `last_response_time` decimal(21,9), MODIFY `total` decimal(21,9) not null default 0, MODIFY `net_total` decimal(21,9) not null default 0, MODIFY `first_response_time` decimal(21,9)
2026-04-30 15:10:38,281 WARNING database DDL Query made to DB:
ALTER TABLE `tabSales Invoice` ADD COLUMN `crm_deal` varchar(140)
2026-04-30 15:10:38,292 WARNING database DDL Query made to DB:
ALTER TABLE `tabSales Invoice` MODIFY `rounding_adjustment` decimal(21,9) not null default 0, MODIFY `base_total_taxes_and_charges` decimal(21,9) not null default 0, MODIFY `base_paid_amount` decimal(21,9) not null default 0, MODIFY `base_grand_total` decimal(21,9) not null default 0, MODIFY `paid_amount` decimal(21,9) not null default 0, MODIFY `base_rounding_adjustment` decimal(21,9) not null default 0, MODIFY `base_discount_amount` decimal(21,9) not null default 0, MODIFY `base_change_amount` decimal(21,9) not null default 0, MODIFY `net_total` decimal(21,9) not null default 0, MODIFY `loyalty_amount` decimal(21,9) not null default 0, MODIFY `grand_total` decimal(21,9) not null default 0, MODIFY `change_amount` decimal(21,9) not null default 0, MODIFY `rounded_total` decimal(21,9) not null default 0, MODIFY `amount_eligible_for_commission` decimal(21,9) not null default 0, MODIFY `discount_amount` decimal(21,9) not null default 0, MODIFY `base_total` decimal(21,9) not null default 0, MODIFY `commission_rate` decimal(21,9) not null default 0, MODIFY `total` decimal(21,9) not null default 0, MODIFY `outstanding_amount` decimal(21,9) not null default 0, MODIFY `total_commission` decimal(21,9) not null default 0, MODIFY `conversion_rate` decimal(21,9) not null default 0, MODIFY `base_write_off_amount` decimal(21,9) not null default 0, MODIFY `total_qty` decimal(21,9) not null default 0, MODIFY `additional_discount_percentage` decimal(21,9) not null default 0, MODIFY `total_net_weight` decimal(21,9) not null default 0, MODIFY `write_off_amount` decimal(21,9) not null default 0, MODIFY `total_taxes_and_charges` decimal(21,9) not null default 0, MODIFY `total_billing_hours` decimal(21,9) not null default 0, MODIFY `base_net_total` decimal(21,9) not null default 0, MODIFY `base_rounded_total` decimal(21,9) not null default 0, MODIFY `total_advance` decimal(21,9) not null default 0, MODIFY `plc_conversion_rate` decimal(21,9) not null default 0
2026-04-30 15:10:38,361 WARNING database DDL Query made to DB:
ALTER TABLE `tabCRM Deal` ADD COLUMN `erpnext_invoice` varchar(140)
2026-04-30 15:10:38,371 WARNING database DDL Query made to DB:
ALTER TABLE `tabCRM Deal` MODIFY `net_total` decimal(21,9) not null default 0, MODIFY `first_response_time` decimal(21,9), MODIFY `deal_value` decimal(21,9) not null default 0, MODIFY `probability` decimal(21,9) not null default 0, MODIFY `expected_deal_value` decimal(21,9) not null default 0, MODIFY `last_response_time` decimal(21,9), MODIFY `annual_revenue` decimal(21,9) not null default 0, MODIFY `total` decimal(21,9) not null default 0
2026-05-13 15:08:18,320 WARNING database DDL Query made to DB:
alter table `tabDocType` add column if not exists migration_hash varchar(140)
2026-05-13 15:08:19,575 WARNING database DDL Query made to DB:
ALTER TABLE `tabPrint Heading` DROP INDEX `print_heading`
2026-05-13 15:08:20,523 WARNING database DDL Query made to DB:
ALTER TABLE `tabPrint Heading` ADD UNIQUE INDEX IF NOT EXISTS print_heading (`print_heading`)
2026-05-13 15:08:21,344 WARNING database DDL Query made to DB:
ALTER TABLE `tabCRM Lead` MODIFY `last_response_time` decimal(21,9), MODIFY `annual_revenue` decimal(21,9) not null default 0, MODIFY `first_response_time` decimal(21,9), MODIFY `net_total` decimal(21,9) not null default 0, MODIFY `total` decimal(21,9) not null default 0
2026-05-13 15:08:30,527 WARNING database DDL Query made to DB:
alter table `tabDocType` add column if not exists migration_hash varchar(140)
2026-05-13 15:08:31,324 WARNING database DDL Query made to DB:
ALTER TABLE `tabPrint Heading` DROP INDEX `print_heading`
2026-05-13 15:08:32,086 WARNING database DDL Query made to DB:
ALTER TABLE `tabPrint Heading` ADD UNIQUE INDEX IF NOT EXISTS print_heading (`print_heading`)
2026-05-13 15:08:32,877 WARNING database DDL Query made to DB:
ALTER TABLE `tabJob Applicant` ADD COLUMN `recruitment_stage` varchar(140) default 'Applied'
2026-05-13 15:08:32,888 WARNING database DDL Query made to DB:
ALTER TABLE `tabJob Applicant` MODIFY `upper_range` decimal(21,0) not null default 0, MODIFY `applicant_rating` decimal(3,2), MODIFY `lower_range` decimal(21,0) not null default 0
2026-05-13 15:08:34,715 WARNING database DDL Query made to DB:
ALTER TABLE `tabIncome Tax Slab` MODIFY `tax_relief_limit` decimal(21,9) not null default 0, MODIFY `standard_tax_exemption_amount` decimal(21,9) not null default 0, MODIFY `marginal_relief_limit` decimal(21,9) not null default 0
2026-05-13 15:08:34,771 WARNING database DDL Query made to DB:
ALTER TABLE `tabSalary Component` MODIFY `max_benefit_amount` decimal(21,9) not null default 0, MODIFY `amount` decimal(21,9) not null default 0
2026-05-13 15:08:34,842 WARNING database DDL Query made to DB:
ALTER TABLE `tabEmployee Tax Exemption Proof Submission` MODIFY `exemption_amount` decimal(21,9) not null default 0, MODIFY `total_actual_amount` decimal(21,9) not null default 0, MODIFY `monthly_hra_exemption` decimal(21,9) not null default 0, MODIFY `monthly_house_rent` decimal(21,9) not null default 0, MODIFY `total_eligible_hra_exemption` decimal(21,9) not null default 0, MODIFY `house_rent_payment_amount` decimal(21,9) not null default 0
2026-05-13 15:08:34,909 WARNING database DDL Query made to DB:
ALTER TABLE `tabEmployee Tax Exemption Declaration` MODIFY `salary_structure_hra` decimal(21,9) not null default 0, MODIFY `monthly_house_rent` decimal(21,9) not null default 0, MODIFY `total_exemption_amount` decimal(21,9) not null default 0, MODIFY `annual_hra_exemption` decimal(21,9) not null default 0, MODIFY `monthly_hra_exemption` decimal(21,9) not null default 0, MODIFY `total_declared_amount` decimal(21,9) not null default 0
2026-05-25 17:47:02,944 WARNING database DDL Query made to DB:
alter table `tabDocType` add column if not exists migration_hash varchar(140)
2026-05-25 17:47:03,434 WARNING database DDL Query made to DB:
ALTER TABLE `tabFile` DROP INDEX `is_home_folder_index`
2026-05-25 17:47:04,748 WARNING database DDL Query made to DB:
ALTER TABLE `tabPrint Heading` DROP INDEX `print_heading`
2026-05-25 17:47:05,106 WARNING database DDL Query made to DB:
ALTER TABLE `tabItem Tax Template Detail` MODIFY `tax_rate` decimal(21,9) not null default 0
2026-05-25 17:47:05,630 WARNING database DDL Query made to DB:
ALTER TABLE `tabPOS Invoice Item` MODIFY `actual_batch_qty` decimal(21,9) not null default 0, MODIFY `amount` decimal(21,9) not null default 0, MODIFY `net_rate` decimal(21,9) not null default 0, MODIFY `net_amount` decimal(21,9) not null default 0, MODIFY `actual_qty` decimal(21,9) not null default 0, MODIFY `delivered_qty` decimal(21,9) not null default 0, MODIFY `discount_amount` decimal(21,9) not null default 0, MODIFY `rate` decimal(21,9) not null default 0, MODIFY `qty` decimal(21,9) not null default 0, MODIFY `base_rate_with_margin` decimal(21,9) not null default 0, MODIFY `base_net_rate` decimal(21,9) not null default 0, MODIFY `distributed_discount_amount` decimal(21,9) not null default 0, MODIFY `base_net_amount` decimal(21,9) not null default 0, MODIFY `base_price_list_rate` decimal(21,9) not null default 0, MODIFY `conversion_factor` decimal(21,9) not null default 0, MODIFY `price_list_rate` decimal(21,9) not null default 0, MODIFY `weight_per_unit` decimal(21,9) not null default 0, MODIFY `stock_qty` decimal(21,9) not null default 0, MODIFY `total_weight` decimal(21,9) not null default 0, MODIFY `discount_percentage` decimal(21,2) not null default 0, MODIFY `base_amount` decimal(21,9) not null default 0, MODIFY `margin_rate_or_amount` decimal(21,9) not null default 0, MODIFY `base_rate` decimal(21,9) not null default 0, MODIFY `rate_with_margin` decimal(21,9) not null default 0
2026-05-25 17:47:07,368 WARNING database DDL Query made to DB:
ALTER TABLE `tabPrint Heading` ADD UNIQUE INDEX IF NOT EXISTS print_heading (`print_heading`)
2026-05-25 17:47:07,566 WARNING database DDL Query made to DB:
create table `tabCareer Inquiry` (
			name varchar(140) primary key,
			creation datetime(6),
			modified datetime(6),
			modified_by varchar(140),
			owner varchar(140),
			docstatus int(1) not null default '0',
			idx int(8) not null default '0',
			`first_name` varchar(140),
`last_name` varchar(140),
`role_applying_for` varchar(140),
`email` varchar(140),
`phone_number` varchar(140),
`years_of_experience` varchar(140),
`linkedin_profile_url` varchar(140),
`portfolio_site` varchar(140),
`how_did_you_hear` varchar(140),
`other_source` text,
`resume_link` text,
`tell_us_about_yourself` text,
`job_applicant_ref` varchar(140),
`_user_tags` text,
`_comments` text,
`_assign` text,
`_liked_by` text,
index modified(modified))
			ENGINE=InnoDB
			ROW_FORMAT=DYNAMIC
			CHARACTER SET=utf8mb4
			COLLATE=utf8mb4_unicode_ci
2026-05-25 17:47:08,559 WARNING database DDL Query made to DB:
ALTER TABLE `tabStock Entry Detail` MODIFY `valuation_rate` decimal(21,9) not null default 0, MODIFY `basic_amount` decimal(21,9) not null default 0, MODIFY `actual_qty` decimal(21,9) not null default 0, MODIFY `transferred_qty` decimal(21,9) not null default 0, MODIFY `qty` decimal(21,9) not null default 0, MODIFY `basic_rate` decimal(21,9) not null default 0, MODIFY `amount` decimal(21,9) not null default 0, MODIFY `additional_cost` decimal(21,9) not null default 0, MODIFY `transfer_qty` decimal(21,9) not null default 0, MODIFY `conversion_factor` decimal(21,9) not null default 0
2026-05-25 17:47:08,852 WARNING database DDL Query made to DB:
ALTER TABLE `tabPurchase Receipt Item` MODIFY `total_weight` decimal(21,9) not null default 0, MODIFY `received_stock_qty` decimal(21,9) not null default 0, MODIFY `stock_uom_rate` decimal(21,9) not null default 0, MODIFY `landed_cost_voucher_amount` decimal(21,9) not null default 0, MODIFY `weight_per_unit` decimal(21,9) not null default 0, MODIFY `base_amount` decimal(21,9) not null default 0, MODIFY `conversion_factor` decimal(21,9) not null default 0, MODIFY `base_net_rate` decimal(21,9) not null default 0, MODIFY `base_rate_with_margin` decimal(21,9) not null default 0, MODIFY `rm_supp_cost` decimal(21,9) not null default 0, MODIFY `item_tax_amount` decimal(21,9) not null default 0, MODIFY `base_price_list_rate` decimal(21,9) not null default 0, MODIFY `sales_incoming_rate` decimal(21,9) not null default 0, MODIFY `discount_percentage` decimal(21,9) not null default 0, MODIFY `returned_qty` decimal(21,9) not null default 0, MODIFY `valuation_rate` decimal(21,9) not null default 0, MODIFY `base_net_amount` decimal(21,9) not null default 0, MODIFY `distributed_discount_amount` decimal(21,9) not null default 0, MODIFY `price_list_rate` decimal(21,9) not null default 0, MODIFY `amount_difference_with_purchase_invoice` decimal(21,9) not null default 0, MODIFY `stock_qty` decimal(21,9) not null default 0, MODIFY `rate` decimal(21,9) not null default 0, MODIFY `rejected_qty` decimal(21,9) not null default 0, MODIFY `qty` decimal(21,9) not null default 0, MODIFY `net_rate` decimal(21,9) not null default 0, MODIFY `billed_amt` decimal(21,9) not null default 0, MODIFY `margin_rate_or_amount` decimal(21,9) not null default 0, MODIFY `amount` decimal(21,9) not null default 0, MODIFY `net_amount` decimal(21,9) not null default 0, MODIFY `base_rate` decimal(21,9) not null default 0, MODIFY `discount_amount` decimal(21,9) not null default 0, MODIFY `rate_with_margin` decimal(21,9) not null default 0
2026-05-25 17:47:09,959 WARNING database DDL Query made to DB:
ALTER TABLE `tabJob Applicant` ADD COLUMN `recruitment_stage` varchar(140) default 'Applied'
2026-05-25 17:47:09,975 WARNING database DDL Query made to DB:
ALTER TABLE `tabJob Applicant` MODIFY `upper_range` decimal(21,0) not null default 0, MODIFY `lower_range` decimal(21,0) not null default 0, MODIFY `applicant_rating` decimal(3,2)
2026-05-25 17:47:10,155 WARNING database DDL Query made to DB:
ALTER TABLE `tabInterview` ADD COLUMN `applicant_name` varchar(140)
2026-05-25 17:47:10,169 WARNING database DDL Query made to DB:
ALTER TABLE `tabInterview` MODIFY `expected_average_rating` decimal(3,2), MODIFY `average_rating` decimal(3,2)
2026-05-25 17:47:10,738 WARNING database DDL Query made to DB:
ALTER TABLE `tabCRM Lead` ADD COLUMN `website_message` text, ADD COLUMN `primary_interest` varchar(140), ADD COLUMN `preferred_contact` varchar(140), ADD COLUMN `how_found_us` varchar(140)
2026-05-25 17:47:10,754 WARNING database DDL Query made to DB:
ALTER TABLE `tabCRM Lead` MODIFY `total` decimal(21,9) not null default 0, MODIFY `last_response_time` decimal(21,9), MODIFY `first_response_time` decimal(21,9), MODIFY `net_total` decimal(21,9) not null default 0, MODIFY `annual_revenue` decimal(21,9) not null default 0
2026-05-25 17:51:19,587 WARNING database DDL Query made to DB:
DROP TABLE IF EXISTS `tabMFT License`
2026-05-25 23:17:56,383 WARNING database DDL Query made to DB:
alter table `tabDocType` add column if not exists migration_hash varchar(140)
2026-05-25 23:17:57,164 WARNING database DDL Query made to DB:
ALTER TABLE `tabPrint Heading` DROP INDEX `print_heading`
2026-05-25 23:17:58,267 WARNING database DDL Query made to DB:
ALTER TABLE `tabPrint Heading` ADD UNIQUE INDEX IF NOT EXISTS print_heading (`print_heading`)
2026-05-25 23:17:59,719 WARNING database DDL Query made to DB:
create table `tabMFT License` (
			name varchar(140) primary key,
			creation datetime(6),
			modified datetime(6),
			modified_by varchar(140),
			owner varchar(140),
			docstatus int(1) not null default '0',
			idx int(8) not null default '0',
			`license_key` varchar(140) unique,
`status` varchar(140) default 'Active',
`customer` varchar(140),
`email` varchar(140),
`invoice_number` varchar(140),
`stripe_session_id` varchar(140) unique,
`product` varchar(140),
`purchase_date` date,
`expiry` date,
`amount_paid` decimal(21,9) not null default 0,
`_user_tags` text,
`_comments` text,
`_assign` text,
`_liked_by` text,
index `email`(`email`),
index `invoice_number`(`invoice_number`),
index modified(modified))
			ENGINE=InnoDB
			ROW_FORMAT=DYNAMIC
			CHARACTER SET=utf8mb4
			COLLATE=utf8mb4_unicode_ci
2026-05-26 12:02:46,956 WARNING database DDL Query made to DB:
alter table `tabDocType` add column if not exists migration_hash varchar(140)
2026-05-26 12:02:51,098 WARNING database DDL Query made to DB:
ALTER TABLE `tabPrint Heading` DROP INDEX `print_heading`
2026-05-26 12:02:54,313 WARNING database DDL Query made to DB:
ALTER TABLE `tabMFT License` MODIFY `amount_paid` decimal(21,9) not null default 0
2026-05-26 12:02:54,452 WARNING database DDL Query made to DB:
ALTER TABLE `tabMFT License` ADD INDEX `license_key_index`(`license_key`), ADD INDEX `stripe_session_id_index`(`stripe_session_id`)
2026-05-26 12:02:58,220 WARNING database DDL Query made to DB:
ALTER TABLE `tabPrint Heading` ADD UNIQUE INDEX IF NOT EXISTS print_heading (`print_heading`)
2026-05-26 12:03:06,286 WARNING database DDL Query made to DB:
ALTER TABLE `tabMFT License` MODIFY `amount_paid` decimal(21,9) not null default 0
2026-05-26 12:04:10,100 WARNING database DDL Query made to DB:
ALTER TABLE `tabMFT License` MODIFY `amount_paid` decimal(21,9) not null default 0
