2026-05-25 15:16:59,349 ERROR scheduler Exception in Enqueue Events for Site mysite.local
Traceback (most recent call last):
  File "/home/paul/frappe-bench/apps/frappe/frappe/utils/scheduler.py", line 99, in enqueue_events_for_site
    if is_scheduler_inactive():
       ^^^^^^^^^^^^^^^^^^^^^^^
  File "/home/paul/frappe-bench/apps/frappe/frappe/utils/scheduler.py", line 143, in is_scheduler_inactive
    if is_scheduler_disabled(verbose=verbose):
       ^^^^^^^^^^^^^^^^^^^^^^^^^^^^^^^^^^^^^^
  File "/home/paul/frappe-bench/apps/frappe/frappe/utils/scheduler.py", line 156, in is_scheduler_disabled
    frappe.db.get_single_value("System Settings", "enable_scheduler")
  File "/home/paul/frappe-bench/apps/frappe/frappe/database/database.py", line 842, in get_single_value
    ).run()
      ^^^^^
  File "/home/paul/frappe-bench/apps/frappe/frappe/query_builder/utils.py", line 87, in execute_query
    result = frappe.db.sql(query, params, *args, **kwargs)  # nosemgrep
             ^^^^^^^^^^^^^^^^^^^^^^^^^^^^^^^^^^^^^^^^^^^^^
  File "/home/paul/frappe-bench/apps/frappe/frappe/database/database.py", line 207, in sql
    self.connect()
  File "/home/paul/frappe-bench/apps/frappe/frappe/database/database.py", line 112, in connect
    self._conn: MariadbConnection | PostgresConnection = self.get_connection()
                                                         ^^^^^^^^^^^^^^^^^^^^^
  File "/home/paul/frappe-bench/apps/frappe/frappe/database/mariadb/database.py", line 108, in get_connection
    conn = self._get_connection()
           ^^^^^^^^^^^^^^^^^^^^^^
  File "/home/paul/frappe-bench/apps/frappe/frappe/database/mariadb/database.py", line 114, in _get_connection
    return self.create_connection()
           ^^^^^^^^^^^^^^^^^^^^^^^^
  File "/home/paul/frappe-bench/apps/frappe/frappe/database/mariadb/database.py", line 117, in create_connection
    return pymysql.connect(**self.get_connection_settings())
           ^^^^^^^^^^^^^^^^^^^^^^^^^^^^^^^^^^^^^^^^^^^^^^^^^
  File "/home/paul/frappe-bench/env/lib/python3.12/site-packages/pymysql/connections.py", line 361, in __init__
    self.connect()
  File "/home/paul/frappe-bench/env/lib/python3.12/site-packages/pymysql/connections.py", line 669, in connect
    self._request_authentication()
  File "/home/paul/frappe-bench/env/lib/python3.12/site-packages/pymysql/connections.py", line 957, in _request_authentication
    auth_packet = self._read_packet()
                  ^^^^^^^^^^^^^^^^^^^
  File "/home/paul/frappe-bench/env/lib/python3.12/site-packages/pymysql/connections.py", line 775, in _read_packet
    packet.raise_for_error()
  File "/home/paul/frappe-bench/env/lib/python3.12/site-packages/pymysql/protocol.py", line 219, in raise_for_error
    err.raise_mysql_exception(self._data)
  File "/home/paul/frappe-bench/env/lib/python3.12/site-packages/pymysql/err.py", line 150, in raise_mysql_exception
    raise errorclass(errno, errval)
pymysql.err.OperationalError: (1049, "Unknown database '_c059e81fe917cb98'")
2026-05-25 15:18:05,411 ERROR scheduler Exception in Enqueue Events for Site mysite.local
Traceback (most recent call last):
  File "/home/paul/frappe-bench/apps/frappe/frappe/utils/scheduler.py", line 99, in enqueue_events_for_site
    if is_scheduler_inactive():
       ^^^^^^^^^^^^^^^^^^^^^^^
  File "/home/paul/frappe-bench/apps/frappe/frappe/utils/scheduler.py", line 143, in is_scheduler_inactive
    if is_scheduler_disabled(verbose=verbose):
       ^^^^^^^^^^^^^^^^^^^^^^^^^^^^^^^^^^^^^^
  File "/home/paul/frappe-bench/apps/frappe/frappe/utils/scheduler.py", line 156, in is_scheduler_disabled
    frappe.db.get_single_value("System Settings", "enable_scheduler")
  File "/home/paul/frappe-bench/apps/frappe/frappe/database/database.py", line 842, in get_single_value
    ).run()
      ^^^^^
  File "/home/paul/frappe-bench/apps/frappe/frappe/query_builder/utils.py", line 87, in execute_query
    result = frappe.db.sql(query, params, *args, **kwargs)  # nosemgrep
             ^^^^^^^^^^^^^^^^^^^^^^^^^^^^^^^^^^^^^^^^^^^^^
  File "/home/paul/frappe-bench/apps/frappe/frappe/database/database.py", line 207, in sql
    self.connect()
  File "/home/paul/frappe-bench/apps/frappe/frappe/database/database.py", line 112, in connect
    self._conn: MariadbConnection | PostgresConnection = self.get_connection()
                                                         ^^^^^^^^^^^^^^^^^^^^^
  File "/home/paul/frappe-bench/apps/frappe/frappe/database/mariadb/database.py", line 108, in get_connection
    conn = self._get_connection()
           ^^^^^^^^^^^^^^^^^^^^^^
  File "/home/paul/frappe-bench/apps/frappe/frappe/database/mariadb/database.py", line 114, in _get_connection
    return self.create_connection()
           ^^^^^^^^^^^^^^^^^^^^^^^^
  File "/home/paul/frappe-bench/apps/frappe/frappe/database/mariadb/database.py", line 117, in create_connection
    return pymysql.connect(**self.get_connection_settings())
           ^^^^^^^^^^^^^^^^^^^^^^^^^^^^^^^^^^^^^^^^^^^^^^^^^
  File "/home/paul/frappe-bench/env/lib/python3.12/site-packages/pymysql/connections.py", line 361, in __init__
    self.connect()
  File "/home/paul/frappe-bench/env/lib/python3.12/site-packages/pymysql/connections.py", line 669, in connect
    self._request_authentication()
  File "/home/paul/frappe-bench/env/lib/python3.12/site-packages/pymysql/connections.py", line 957, in _request_authentication
    auth_packet = self._read_packet()
                  ^^^^^^^^^^^^^^^^^^^
  File "/home/paul/frappe-bench/env/lib/python3.12/site-packages/pymysql/connections.py", line 775, in _read_packet
    packet.raise_for_error()
  File "/home/paul/frappe-bench/env/lib/python3.12/site-packages/pymysql/protocol.py", line 219, in raise_for_error
    err.raise_mysql_exception(self._data)
  File "/home/paul/frappe-bench/env/lib/python3.12/site-packages/pymysql/err.py", line 150, in raise_mysql_exception
    raise errorclass(errno, errval)
pymysql.err.OperationalError: (1049, "Unknown database '_c059e81fe917cb98'")
2026-05-25 15:19:08,411 ERROR scheduler Exception in Enqueue Events for Site mysite.local
Traceback (most recent call last):
  File "/home/paul/frappe-bench/apps/frappe/frappe/utils/scheduler.py", line 99, in enqueue_events_for_site
    if is_scheduler_inactive():
       ^^^^^^^^^^^^^^^^^^^^^^^
  File "/home/paul/frappe-bench/apps/frappe/frappe/utils/scheduler.py", line 143, in is_scheduler_inactive
    if is_scheduler_disabled(verbose=verbose):
       ^^^^^^^^^^^^^^^^^^^^^^^^^^^^^^^^^^^^^^
  File "/home/paul/frappe-bench/apps/frappe/frappe/utils/scheduler.py", line 156, in is_scheduler_disabled
    frappe.db.get_single_value("System Settings", "enable_scheduler")
  File "/home/paul/frappe-bench/apps/frappe/frappe/database/database.py", line 842, in get_single_value
    ).run()
      ^^^^^
  File "/home/paul/frappe-bench/apps/frappe/frappe/query_builder/utils.py", line 87, in execute_query
    result = frappe.db.sql(query, params, *args, **kwargs)  # nosemgrep
             ^^^^^^^^^^^^^^^^^^^^^^^^^^^^^^^^^^^^^^^^^^^^^
  File "/home/paul/frappe-bench/apps/frappe/frappe/database/database.py", line 207, in sql
    self.connect()
  File "/home/paul/frappe-bench/apps/frappe/frappe/database/database.py", line 112, in connect
    self._conn: MariadbConnection | PostgresConnection = self.get_connection()
                                                         ^^^^^^^^^^^^^^^^^^^^^
  File "/home/paul/frappe-bench/apps/frappe/frappe/database/mariadb/database.py", line 108, in get_connection
    conn = self._get_connection()
           ^^^^^^^^^^^^^^^^^^^^^^
  File "/home/paul/frappe-bench/apps/frappe/frappe/database/mariadb/database.py", line 114, in _get_connection
    return self.create_connection()
           ^^^^^^^^^^^^^^^^^^^^^^^^
  File "/home/paul/frappe-bench/apps/frappe/frappe/database/mariadb/database.py", line 117, in create_connection
    return pymysql.connect(**self.get_connection_settings())
           ^^^^^^^^^^^^^^^^^^^^^^^^^^^^^^^^^^^^^^^^^^^^^^^^^
  File "/home/paul/frappe-bench/env/lib/python3.12/site-packages/pymysql/connections.py", line 361, in __init__
    self.connect()
  File "/home/paul/frappe-bench/env/lib/python3.12/site-packages/pymysql/connections.py", line 669, in connect
    self._request_authentication()
  File "/home/paul/frappe-bench/env/lib/python3.12/site-packages/pymysql/connections.py", line 957, in _request_authentication
    auth_packet = self._read_packet()
                  ^^^^^^^^^^^^^^^^^^^
  File "/home/paul/frappe-bench/env/lib/python3.12/site-packages/pymysql/connections.py", line 775, in _read_packet
    packet.raise_for_error()
  File "/home/paul/frappe-bench/env/lib/python3.12/site-packages/pymysql/protocol.py", line 219, in raise_for_error
    err.raise_mysql_exception(self._data)
  File "/home/paul/frappe-bench/env/lib/python3.12/site-packages/pymysql/err.py", line 150, in raise_mysql_exception
    raise errorclass(errno, errval)
pymysql.err.OperationalError: (1049, "Unknown database '_c059e81fe917cb98'")
2026-05-25 15:20:14,275 ERROR scheduler Exception in Enqueue Events for Site mysite.local
Traceback (most recent call last):
  File "/home/paul/frappe-bench/apps/frappe/frappe/utils/scheduler.py", line 99, in enqueue_events_for_site
    if is_scheduler_inactive():
       ^^^^^^^^^^^^^^^^^^^^^^^
  File "/home/paul/frappe-bench/apps/frappe/frappe/utils/scheduler.py", line 143, in is_scheduler_inactive
    if is_scheduler_disabled(verbose=verbose):
       ^^^^^^^^^^^^^^^^^^^^^^^^^^^^^^^^^^^^^^
  File "/home/paul/frappe-bench/apps/frappe/frappe/utils/scheduler.py", line 156, in is_scheduler_disabled
    frappe.db.get_single_value("System Settings", "enable_scheduler")
  File "/home/paul/frappe-bench/apps/frappe/frappe/database/database.py", line 842, in get_single_value
    ).run()
      ^^^^^
  File "/home/paul/frappe-bench/apps/frappe/frappe/query_builder/utils.py", line 87, in execute_query
    result = frappe.db.sql(query, params, *args, **kwargs)  # nosemgrep
             ^^^^^^^^^^^^^^^^^^^^^^^^^^^^^^^^^^^^^^^^^^^^^
  File "/home/paul/frappe-bench/apps/frappe/frappe/database/database.py", line 207, in sql
    self.connect()
  File "/home/paul/frappe-bench/apps/frappe/frappe/database/database.py", line 112, in connect
    self._conn: MariadbConnection | PostgresConnection = self.get_connection()
                                                         ^^^^^^^^^^^^^^^^^^^^^
  File "/home/paul/frappe-bench/apps/frappe/frappe/database/mariadb/database.py", line 108, in get_connection
    conn = self._get_connection()
           ^^^^^^^^^^^^^^^^^^^^^^
  File "/home/paul/frappe-bench/apps/frappe/frappe/database/mariadb/database.py", line 114, in _get_connection
    return self.create_connection()
           ^^^^^^^^^^^^^^^^^^^^^^^^
  File "/home/paul/frappe-bench/apps/frappe/frappe/database/mariadb/database.py", line 117, in create_connection
    return pymysql.connect(**self.get_connection_settings())
           ^^^^^^^^^^^^^^^^^^^^^^^^^^^^^^^^^^^^^^^^^^^^^^^^^
  File "/home/paul/frappe-bench/env/lib/python3.12/site-packages/pymysql/connections.py", line 361, in __init__
    self.connect()
  File "/home/paul/frappe-bench/env/lib/python3.12/site-packages/pymysql/connections.py", line 669, in connect
    self._request_authentication()
  File "/home/paul/frappe-bench/env/lib/python3.12/site-packages/pymysql/connections.py", line 957, in _request_authentication
    auth_packet = self._read_packet()
                  ^^^^^^^^^^^^^^^^^^^
  File "/home/paul/frappe-bench/env/lib/python3.12/site-packages/pymysql/connections.py", line 775, in _read_packet
    packet.raise_for_error()
  File "/home/paul/frappe-bench/env/lib/python3.12/site-packages/pymysql/protocol.py", line 219, in raise_for_error
    err.raise_mysql_exception(self._data)
  File "/home/paul/frappe-bench/env/lib/python3.12/site-packages/pymysql/err.py", line 150, in raise_mysql_exception
    raise errorclass(errno, errval)
pymysql.err.OperationalError: (1049, "Unknown database '_c059e81fe917cb98'")
2026-05-25 15:21:20,259 ERROR scheduler Exception in Enqueue Events for Site mysite.local
Traceback (most recent call last):
  File "/home/paul/frappe-bench/apps/frappe/frappe/utils/scheduler.py", line 99, in enqueue_events_for_site
    if is_scheduler_inactive():
       ^^^^^^^^^^^^^^^^^^^^^^^
  File "/home/paul/frappe-bench/apps/frappe/frappe/utils/scheduler.py", line 143, in is_scheduler_inactive
    if is_scheduler_disabled(verbose=verbose):
       ^^^^^^^^^^^^^^^^^^^^^^^^^^^^^^^^^^^^^^
  File "/home/paul/frappe-bench/apps/frappe/frappe/utils/scheduler.py", line 156, in is_scheduler_disabled
    frappe.db.get_single_value("System Settings", "enable_scheduler")
  File "/home/paul/frappe-bench/apps/frappe/frappe/database/database.py", line 842, in get_single_value
    ).run()
      ^^^^^
  File "/home/paul/frappe-bench/apps/frappe/frappe/query_builder/utils.py", line 87, in execute_query
    result = frappe.db.sql(query, params, *args, **kwargs)  # nosemgrep
             ^^^^^^^^^^^^^^^^^^^^^^^^^^^^^^^^^^^^^^^^^^^^^
  File "/home/paul/frappe-bench/apps/frappe/frappe/database/database.py", line 207, in sql
    self.connect()
  File "/home/paul/frappe-bench/apps/frappe/frappe/database/database.py", line 112, in connect
    self._conn: MariadbConnection | PostgresConnection = self.get_connection()
                                                         ^^^^^^^^^^^^^^^^^^^^^
  File "/home/paul/frappe-bench/apps/frappe/frappe/database/mariadb/database.py", line 108, in get_connection
    conn = self._get_connection()
           ^^^^^^^^^^^^^^^^^^^^^^
  File "/home/paul/frappe-bench/apps/frappe/frappe/database/mariadb/database.py", line 114, in _get_connection
    return self.create_connection()
           ^^^^^^^^^^^^^^^^^^^^^^^^
  File "/home/paul/frappe-bench/apps/frappe/frappe/database/mariadb/database.py", line 117, in create_connection
    return pymysql.connect(**self.get_connection_settings())
           ^^^^^^^^^^^^^^^^^^^^^^^^^^^^^^^^^^^^^^^^^^^^^^^^^
  File "/home/paul/frappe-bench/env/lib/python3.12/site-packages/pymysql/connections.py", line 361, in __init__
    self.connect()
  File "/home/paul/frappe-bench/env/lib/python3.12/site-packages/pymysql/connections.py", line 669, in connect
    self._request_authentication()
  File "/home/paul/frappe-bench/env/lib/python3.12/site-packages/pymysql/connections.py", line 957, in _request_authentication
    auth_packet = self._read_packet()
                  ^^^^^^^^^^^^^^^^^^^
  File "/home/paul/frappe-bench/env/lib/python3.12/site-packages/pymysql/connections.py", line 775, in _read_packet
    packet.raise_for_error()
  File "/home/paul/frappe-bench/env/lib/python3.12/site-packages/pymysql/protocol.py", line 219, in raise_for_error
    err.raise_mysql_exception(self._data)
  File "/home/paul/frappe-bench/env/lib/python3.12/site-packages/pymysql/err.py", line 150, in raise_mysql_exception
    raise errorclass(errno, errval)
pymysql.err.OperationalError: (1049, "Unknown database '_c059e81fe917cb98'")
2026-05-25 15:22:26,212 ERROR scheduler Exception in Enqueue Events for Site mysite.local
Traceback (most recent call last):
  File "/home/paul/frappe-bench/apps/frappe/frappe/utils/scheduler.py", line 99, in enqueue_events_for_site
    if is_scheduler_inactive():
       ^^^^^^^^^^^^^^^^^^^^^^^
  File "/home/paul/frappe-bench/apps/frappe/frappe/utils/scheduler.py", line 143, in is_scheduler_inactive
    if is_scheduler_disabled(verbose=verbose):
       ^^^^^^^^^^^^^^^^^^^^^^^^^^^^^^^^^^^^^^
  File "/home/paul/frappe-bench/apps/frappe/frappe/utils/scheduler.py", line 156, in is_scheduler_disabled
    frappe.db.get_single_value("System Settings", "enable_scheduler")
  File "/home/paul/frappe-bench/apps/frappe/frappe/database/database.py", line 842, in get_single_value
    ).run()
      ^^^^^
  File "/home/paul/frappe-bench/apps/frappe/frappe/query_builder/utils.py", line 87, in execute_query
    result = frappe.db.sql(query, params, *args, **kwargs)  # nosemgrep
             ^^^^^^^^^^^^^^^^^^^^^^^^^^^^^^^^^^^^^^^^^^^^^
  File "/home/paul/frappe-bench/apps/frappe/frappe/database/database.py", line 207, in sql
    self.connect()
  File "/home/paul/frappe-bench/apps/frappe/frappe/database/database.py", line 112, in connect
    self._conn: MariadbConnection | PostgresConnection = self.get_connection()
                                                         ^^^^^^^^^^^^^^^^^^^^^
  File "/home/paul/frappe-bench/apps/frappe/frappe/database/mariadb/database.py", line 108, in get_connection
    conn = self._get_connection()
           ^^^^^^^^^^^^^^^^^^^^^^
  File "/home/paul/frappe-bench/apps/frappe/frappe/database/mariadb/database.py", line 114, in _get_connection
    return self.create_connection()
           ^^^^^^^^^^^^^^^^^^^^^^^^
  File "/home/paul/frappe-bench/apps/frappe/frappe/database/mariadb/database.py", line 117, in create_connection
    return pymysql.connect(**self.get_connection_settings())
           ^^^^^^^^^^^^^^^^^^^^^^^^^^^^^^^^^^^^^^^^^^^^^^^^^
  File "/home/paul/frappe-bench/env/lib/python3.12/site-packages/pymysql/connections.py", line 361, in __init__
    self.connect()
  File "/home/paul/frappe-bench/env/lib/python3.12/site-packages/pymysql/connections.py", line 669, in connect
    self._request_authentication()
  File "/home/paul/frappe-bench/env/lib/python3.12/site-packages/pymysql/connections.py", line 957, in _request_authentication
    auth_packet = self._read_packet()
                  ^^^^^^^^^^^^^^^^^^^
  File "/home/paul/frappe-bench/env/lib/python3.12/site-packages/pymysql/connections.py", line 775, in _read_packet
    packet.raise_for_error()
  File "/home/paul/frappe-bench/env/lib/python3.12/site-packages/pymysql/protocol.py", line 219, in raise_for_error
    err.raise_mysql_exception(self._data)
  File "/home/paul/frappe-bench/env/lib/python3.12/site-packages/pymysql/err.py", line 150, in raise_mysql_exception
    raise errorclass(errno, errval)
pymysql.err.OperationalError: (1049, "Unknown database '_c059e81fe917cb98'")
2026-05-25 15:23:32,230 ERROR scheduler Exception in Enqueue Events for Site mysite.local
Traceback (most recent call last):
  File "/home/paul/frappe-bench/apps/frappe/frappe/utils/scheduler.py", line 99, in enqueue_events_for_site
    if is_scheduler_inactive():
       ^^^^^^^^^^^^^^^^^^^^^^^
  File "/home/paul/frappe-bench/apps/frappe/frappe/utils/scheduler.py", line 143, in is_scheduler_inactive
    if is_scheduler_disabled(verbose=verbose):
       ^^^^^^^^^^^^^^^^^^^^^^^^^^^^^^^^^^^^^^
  File "/home/paul/frappe-bench/apps/frappe/frappe/utils/scheduler.py", line 156, in is_scheduler_disabled
    frappe.db.get_single_value("System Settings", "enable_scheduler")
  File "/home/paul/frappe-bench/apps/frappe/frappe/database/database.py", line 842, in get_single_value
    ).run()
      ^^^^^
  File "/home/paul/frappe-bench/apps/frappe/frappe/query_builder/utils.py", line 87, in execute_query
    result = frappe.db.sql(query, params, *args, **kwargs)  # nosemgrep
             ^^^^^^^^^^^^^^^^^^^^^^^^^^^^^^^^^^^^^^^^^^^^^
  File "/home/paul/frappe-bench/apps/frappe/frappe/database/database.py", line 207, in sql
    self.connect()
  File "/home/paul/frappe-bench/apps/frappe/frappe/database/database.py", line 112, in connect
    self._conn: MariadbConnection | PostgresConnection = self.get_connection()
                                                         ^^^^^^^^^^^^^^^^^^^^^
  File "/home/paul/frappe-bench/apps/frappe/frappe/database/mariadb/database.py", line 108, in get_connection
    conn = self._get_connection()
           ^^^^^^^^^^^^^^^^^^^^^^
  File "/home/paul/frappe-bench/apps/frappe/frappe/database/mariadb/database.py", line 114, in _get_connection
    return self.create_connection()
           ^^^^^^^^^^^^^^^^^^^^^^^^
  File "/home/paul/frappe-bench/apps/frappe/frappe/database/mariadb/database.py", line 117, in create_connection
    return pymysql.connect(**self.get_connection_settings())
           ^^^^^^^^^^^^^^^^^^^^^^^^^^^^^^^^^^^^^^^^^^^^^^^^^
  File "/home/paul/frappe-bench/env/lib/python3.12/site-packages/pymysql/connections.py", line 361, in __init__
    self.connect()
  File "/home/paul/frappe-bench/env/lib/python3.12/site-packages/pymysql/connections.py", line 669, in connect
    self._request_authentication()
  File "/home/paul/frappe-bench/env/lib/python3.12/site-packages/pymysql/connections.py", line 957, in _request_authentication
    auth_packet = self._read_packet()
                  ^^^^^^^^^^^^^^^^^^^
  File "/home/paul/frappe-bench/env/lib/python3.12/site-packages/pymysql/connections.py", line 775, in _read_packet
    packet.raise_for_error()
  File "/home/paul/frappe-bench/env/lib/python3.12/site-packages/pymysql/protocol.py", line 219, in raise_for_error
    err.raise_mysql_exception(self._data)
  File "/home/paul/frappe-bench/env/lib/python3.12/site-packages/pymysql/err.py", line 150, in raise_mysql_exception
    raise errorclass(errno, errval)
pymysql.err.OperationalError: (1049, "Unknown database '_c059e81fe917cb98'")
2026-05-25 15:24:38,098 ERROR scheduler Exception in Enqueue Events for Site mysite.local
Traceback (most recent call last):
  File "/home/paul/frappe-bench/apps/frappe/frappe/utils/scheduler.py", line 99, in enqueue_events_for_site
    if is_scheduler_inactive():
       ^^^^^^^^^^^^^^^^^^^^^^^
  File "/home/paul/frappe-bench/apps/frappe/frappe/utils/scheduler.py", line 143, in is_scheduler_inactive
    if is_scheduler_disabled(verbose=verbose):
       ^^^^^^^^^^^^^^^^^^^^^^^^^^^^^^^^^^^^^^
  File "/home/paul/frappe-bench/apps/frappe/frappe/utils/scheduler.py", line 156, in is_scheduler_disabled
    frappe.db.get_single_value("System Settings", "enable_scheduler")
  File "/home/paul/frappe-bench/apps/frappe/frappe/database/database.py", line 842, in get_single_value
    ).run()
      ^^^^^
  File "/home/paul/frappe-bench/apps/frappe/frappe/query_builder/utils.py", line 87, in execute_query
    result = frappe.db.sql(query, params, *args, **kwargs)  # nosemgrep
             ^^^^^^^^^^^^^^^^^^^^^^^^^^^^^^^^^^^^^^^^^^^^^
  File "/home/paul/frappe-bench/apps/frappe/frappe/database/database.py", line 207, in sql
    self.connect()
  File "/home/paul/frappe-bench/apps/frappe/frappe/database/database.py", line 112, in connect
    self._conn: MariadbConnection | PostgresConnection = self.get_connection()
                                                         ^^^^^^^^^^^^^^^^^^^^^
  File "/home/paul/frappe-bench/apps/frappe/frappe/database/mariadb/database.py", line 108, in get_connection
    conn = self._get_connection()
           ^^^^^^^^^^^^^^^^^^^^^^
  File "/home/paul/frappe-bench/apps/frappe/frappe/database/mariadb/database.py", line 114, in _get_connection
    return self.create_connection()
           ^^^^^^^^^^^^^^^^^^^^^^^^
  File "/home/paul/frappe-bench/apps/frappe/frappe/database/mariadb/database.py", line 117, in create_connection
    return pymysql.connect(**self.get_connection_settings())
           ^^^^^^^^^^^^^^^^^^^^^^^^^^^^^^^^^^^^^^^^^^^^^^^^^
  File "/home/paul/frappe-bench/env/lib/python3.12/site-packages/pymysql/connections.py", line 361, in __init__
    self.connect()
  File "/home/paul/frappe-bench/env/lib/python3.12/site-packages/pymysql/connections.py", line 669, in connect
    self._request_authentication()
  File "/home/paul/frappe-bench/env/lib/python3.12/site-packages/pymysql/connections.py", line 957, in _request_authentication
    auth_packet = self._read_packet()
                  ^^^^^^^^^^^^^^^^^^^
  File "/home/paul/frappe-bench/env/lib/python3.12/site-packages/pymysql/connections.py", line 775, in _read_packet
    packet.raise_for_error()
  File "/home/paul/frappe-bench/env/lib/python3.12/site-packages/pymysql/protocol.py", line 219, in raise_for_error
    err.raise_mysql_exception(self._data)
  File "/home/paul/frappe-bench/env/lib/python3.12/site-packages/pymysql/err.py", line 150, in raise_mysql_exception
    raise errorclass(errno, errval)
pymysql.err.OperationalError: (1049, "Unknown database '_c059e81fe917cb98'")
2026-05-25 15:25:44,146 ERROR scheduler Exception in Enqueue Events for Site mysite.local
Traceback (most recent call last):
  File "/home/paul/frappe-bench/apps/frappe/frappe/utils/scheduler.py", line 99, in enqueue_events_for_site
    if is_scheduler_inactive():
       ^^^^^^^^^^^^^^^^^^^^^^^
  File "/home/paul/frappe-bench/apps/frappe/frappe/utils/scheduler.py", line 143, in is_scheduler_inactive
    if is_scheduler_disabled(verbose=verbose):
       ^^^^^^^^^^^^^^^^^^^^^^^^^^^^^^^^^^^^^^
  File "/home/paul/frappe-bench/apps/frappe/frappe/utils/scheduler.py", line 156, in is_scheduler_disabled
    frappe.db.get_single_value("System Settings", "enable_scheduler")
  File "/home/paul/frappe-bench/apps/frappe/frappe/database/database.py", line 842, in get_single_value
    ).run()
      ^^^^^
  File "/home/paul/frappe-bench/apps/frappe/frappe/query_builder/utils.py", line 87, in execute_query
    result = frappe.db.sql(query, params, *args, **kwargs)  # nosemgrep
             ^^^^^^^^^^^^^^^^^^^^^^^^^^^^^^^^^^^^^^^^^^^^^
  File "/home/paul/frappe-bench/apps/frappe/frappe/database/database.py", line 207, in sql
    self.connect()
  File "/home/paul/frappe-bench/apps/frappe/frappe/database/database.py", line 112, in connect
    self._conn: MariadbConnection | PostgresConnection = self.get_connection()
                                                         ^^^^^^^^^^^^^^^^^^^^^
  File "/home/paul/frappe-bench/apps/frappe/frappe/database/mariadb/database.py", line 108, in get_connection
    conn = self._get_connection()
           ^^^^^^^^^^^^^^^^^^^^^^
  File "/home/paul/frappe-bench/apps/frappe/frappe/database/mariadb/database.py", line 114, in _get_connection
    return self.create_connection()
           ^^^^^^^^^^^^^^^^^^^^^^^^
  File "/home/paul/frappe-bench/apps/frappe/frappe/database/mariadb/database.py", line 117, in create_connection
    return pymysql.connect(**self.get_connection_settings())
           ^^^^^^^^^^^^^^^^^^^^^^^^^^^^^^^^^^^^^^^^^^^^^^^^^
  File "/home/paul/frappe-bench/env/lib/python3.12/site-packages/pymysql/connections.py", line 361, in __init__
    self.connect()
  File "/home/paul/frappe-bench/env/lib/python3.12/site-packages/pymysql/connections.py", line 669, in connect
    self._request_authentication()
  File "/home/paul/frappe-bench/env/lib/python3.12/site-packages/pymysql/connections.py", line 957, in _request_authentication
    auth_packet = self._read_packet()
                  ^^^^^^^^^^^^^^^^^^^
  File "/home/paul/frappe-bench/env/lib/python3.12/site-packages/pymysql/connections.py", line 775, in _read_packet
    packet.raise_for_error()
  File "/home/paul/frappe-bench/env/lib/python3.12/site-packages/pymysql/protocol.py", line 219, in raise_for_error
    err.raise_mysql_exception(self._data)
  File "/home/paul/frappe-bench/env/lib/python3.12/site-packages/pymysql/err.py", line 150, in raise_mysql_exception
    raise errorclass(errno, errval)
pymysql.err.OperationalError: (1049, "Unknown database '_c059e81fe917cb98'")
2026-05-25 15:26:47,158 ERROR scheduler Exception in Enqueue Events for Site mysite.local
Traceback (most recent call last):
  File "/home/paul/frappe-bench/apps/frappe/frappe/utils/scheduler.py", line 99, in enqueue_events_for_site
    if is_scheduler_inactive():
       ^^^^^^^^^^^^^^^^^^^^^^^
  File "/home/paul/frappe-bench/apps/frappe/frappe/utils/scheduler.py", line 143, in is_scheduler_inactive
    if is_scheduler_disabled(verbose=verbose):
       ^^^^^^^^^^^^^^^^^^^^^^^^^^^^^^^^^^^^^^
  File "/home/paul/frappe-bench/apps/frappe/frappe/utils/scheduler.py", line 156, in is_scheduler_disabled
    frappe.db.get_single_value("System Settings", "enable_scheduler")
  File "/home/paul/frappe-bench/apps/frappe/frappe/database/database.py", line 842, in get_single_value
    ).run()
      ^^^^^
  File "/home/paul/frappe-bench/apps/frappe/frappe/query_builder/utils.py", line 87, in execute_query
    result = frappe.db.sql(query, params, *args, **kwargs)  # nosemgrep
             ^^^^^^^^^^^^^^^^^^^^^^^^^^^^^^^^^^^^^^^^^^^^^
  File "/home/paul/frappe-bench/apps/frappe/frappe/database/database.py", line 207, in sql
    self.connect()
  File "/home/paul/frappe-bench/apps/frappe/frappe/database/database.py", line 112, in connect
    self._conn: MariadbConnection | PostgresConnection = self.get_connection()
                                                         ^^^^^^^^^^^^^^^^^^^^^
  File "/home/paul/frappe-bench/apps/frappe/frappe/database/mariadb/database.py", line 108, in get_connection
    conn = self._get_connection()
           ^^^^^^^^^^^^^^^^^^^^^^
  File "/home/paul/frappe-bench/apps/frappe/frappe/database/mariadb/database.py", line 114, in _get_connection
    return self.create_connection()
           ^^^^^^^^^^^^^^^^^^^^^^^^
  File "/home/paul/frappe-bench/apps/frappe/frappe/database/mariadb/database.py", line 117, in create_connection
    return pymysql.connect(**self.get_connection_settings())
           ^^^^^^^^^^^^^^^^^^^^^^^^^^^^^^^^^^^^^^^^^^^^^^^^^
  File "/home/paul/frappe-bench/env/lib/python3.12/site-packages/pymysql/connections.py", line 361, in __init__
    self.connect()
  File "/home/paul/frappe-bench/env/lib/python3.12/site-packages/pymysql/connections.py", line 669, in connect
    self._request_authentication()
  File "/home/paul/frappe-bench/env/lib/python3.12/site-packages/pymysql/connections.py", line 957, in _request_authentication
    auth_packet = self._read_packet()
                  ^^^^^^^^^^^^^^^^^^^
  File "/home/paul/frappe-bench/env/lib/python3.12/site-packages/pymysql/connections.py", line 775, in _read_packet
    packet.raise_for_error()
  File "/home/paul/frappe-bench/env/lib/python3.12/site-packages/pymysql/protocol.py", line 219, in raise_for_error
    err.raise_mysql_exception(self._data)
  File "/home/paul/frappe-bench/env/lib/python3.12/site-packages/pymysql/err.py", line 150, in raise_mysql_exception
    raise errorclass(errno, errval)
pymysql.err.OperationalError: (1049, "Unknown database '_c059e81fe917cb98'")
2026-05-25 15:27:53,101 ERROR scheduler Exception in Enqueue Events for Site mysite.local
Traceback (most recent call last):
  File "/home/paul/frappe-bench/apps/frappe/frappe/utils/scheduler.py", line 99, in enqueue_events_for_site
    if is_scheduler_inactive():
       ^^^^^^^^^^^^^^^^^^^^^^^
  File "/home/paul/frappe-bench/apps/frappe/frappe/utils/scheduler.py", line 143, in is_scheduler_inactive
    if is_scheduler_disabled(verbose=verbose):
       ^^^^^^^^^^^^^^^^^^^^^^^^^^^^^^^^^^^^^^
  File "/home/paul/frappe-bench/apps/frappe/frappe/utils/scheduler.py", line 156, in is_scheduler_disabled
    frappe.db.get_single_value("System Settings", "enable_scheduler")
  File "/home/paul/frappe-bench/apps/frappe/frappe/database/database.py", line 842, in get_single_value
    ).run()
      ^^^^^
  File "/home/paul/frappe-bench/apps/frappe/frappe/query_builder/utils.py", line 87, in execute_query
    result = frappe.db.sql(query, params, *args, **kwargs)  # nosemgrep
             ^^^^^^^^^^^^^^^^^^^^^^^^^^^^^^^^^^^^^^^^^^^^^
  File "/home/paul/frappe-bench/apps/frappe/frappe/database/database.py", line 207, in sql
    self.connect()
  File "/home/paul/frappe-bench/apps/frappe/frappe/database/database.py", line 112, in connect
    self._conn: MariadbConnection | PostgresConnection = self.get_connection()
                                                         ^^^^^^^^^^^^^^^^^^^^^
  File "/home/paul/frappe-bench/apps/frappe/frappe/database/mariadb/database.py", line 108, in get_connection
    conn = self._get_connection()
           ^^^^^^^^^^^^^^^^^^^^^^
  File "/home/paul/frappe-bench/apps/frappe/frappe/database/mariadb/database.py", line 114, in _get_connection
    return self.create_connection()
           ^^^^^^^^^^^^^^^^^^^^^^^^
  File "/home/paul/frappe-bench/apps/frappe/frappe/database/mariadb/database.py", line 117, in create_connection
    return pymysql.connect(**self.get_connection_settings())
           ^^^^^^^^^^^^^^^^^^^^^^^^^^^^^^^^^^^^^^^^^^^^^^^^^
  File "/home/paul/frappe-bench/env/lib/python3.12/site-packages/pymysql/connections.py", line 361, in __init__
    self.connect()
  File "/home/paul/frappe-bench/env/lib/python3.12/site-packages/pymysql/connections.py", line 669, in connect
    self._request_authentication()
  File "/home/paul/frappe-bench/env/lib/python3.12/site-packages/pymysql/connections.py", line 957, in _request_authentication
    auth_packet = self._read_packet()
                  ^^^^^^^^^^^^^^^^^^^
  File "/home/paul/frappe-bench/env/lib/python3.12/site-packages/pymysql/connections.py", line 775, in _read_packet
    packet.raise_for_error()
  File "/home/paul/frappe-bench/env/lib/python3.12/site-packages/pymysql/protocol.py", line 219, in raise_for_error
    err.raise_mysql_exception(self._data)
  File "/home/paul/frappe-bench/env/lib/python3.12/site-packages/pymysql/err.py", line 150, in raise_mysql_exception
    raise errorclass(errno, errval)
pymysql.err.OperationalError: (1049, "Unknown database '_c059e81fe917cb98'")
2026-05-25 15:28:59,087 ERROR scheduler Exception in Enqueue Events for Site mysite.local
Traceback (most recent call last):
  File "/home/paul/frappe-bench/apps/frappe/frappe/utils/scheduler.py", line 99, in enqueue_events_for_site
    if is_scheduler_inactive():
       ^^^^^^^^^^^^^^^^^^^^^^^
  File "/home/paul/frappe-bench/apps/frappe/frappe/utils/scheduler.py", line 143, in is_scheduler_inactive
    if is_scheduler_disabled(verbose=verbose):
       ^^^^^^^^^^^^^^^^^^^^^^^^^^^^^^^^^^^^^^
  File "/home/paul/frappe-bench/apps/frappe/frappe/utils/scheduler.py", line 156, in is_scheduler_disabled
    frappe.db.get_single_value("System Settings", "enable_scheduler")
  File "/home/paul/frappe-bench/apps/frappe/frappe/database/database.py", line 842, in get_single_value
    ).run()
      ^^^^^
  File "/home/paul/frappe-bench/apps/frappe/frappe/query_builder/utils.py", line 87, in execute_query
    result = frappe.db.sql(query, params, *args, **kwargs)  # nosemgrep
             ^^^^^^^^^^^^^^^^^^^^^^^^^^^^^^^^^^^^^^^^^^^^^
  File "/home/paul/frappe-bench/apps/frappe/frappe/database/database.py", line 207, in sql
    self.connect()
  File "/home/paul/frappe-bench/apps/frappe/frappe/database/database.py", line 112, in connect
    self._conn: MariadbConnection | PostgresConnection = self.get_connection()
                                                         ^^^^^^^^^^^^^^^^^^^^^
  File "/home/paul/frappe-bench/apps/frappe/frappe/database/mariadb/database.py", line 108, in get_connection
    conn = self._get_connection()
           ^^^^^^^^^^^^^^^^^^^^^^
  File "/home/paul/frappe-bench/apps/frappe/frappe/database/mariadb/database.py", line 114, in _get_connection
    return self.create_connection()
           ^^^^^^^^^^^^^^^^^^^^^^^^
  File "/home/paul/frappe-bench/apps/frappe/frappe/database/mariadb/database.py", line 117, in create_connection
    return pymysql.connect(**self.get_connection_settings())
           ^^^^^^^^^^^^^^^^^^^^^^^^^^^^^^^^^^^^^^^^^^^^^^^^^
  File "/home/paul/frappe-bench/env/lib/python3.12/site-packages/pymysql/connections.py", line 361, in __init__
    self.connect()
  File "/home/paul/frappe-bench/env/lib/python3.12/site-packages/pymysql/connections.py", line 669, in connect
    self._request_authentication()
  File "/home/paul/frappe-bench/env/lib/python3.12/site-packages/pymysql/connections.py", line 957, in _request_authentication
    auth_packet = self._read_packet()
                  ^^^^^^^^^^^^^^^^^^^
  File "/home/paul/frappe-bench/env/lib/python3.12/site-packages/pymysql/connections.py", line 775, in _read_packet
    packet.raise_for_error()
  File "/home/paul/frappe-bench/env/lib/python3.12/site-packages/pymysql/protocol.py", line 219, in raise_for_error
    err.raise_mysql_exception(self._data)
  File "/home/paul/frappe-bench/env/lib/python3.12/site-packages/pymysql/err.py", line 150, in raise_mysql_exception
    raise errorclass(errno, errval)
pymysql.err.OperationalError: (1049, "Unknown database '_c059e81fe917cb98'")
2026-05-25 15:30:04,948 ERROR scheduler Exception in Enqueue Events for Site mysite.local
Traceback (most recent call last):
  File "/home/paul/frappe-bench/apps/frappe/frappe/utils/scheduler.py", line 99, in enqueue_events_for_site
    if is_scheduler_inactive():
       ^^^^^^^^^^^^^^^^^^^^^^^
  File "/home/paul/frappe-bench/apps/frappe/frappe/utils/scheduler.py", line 143, in is_scheduler_inactive
    if is_scheduler_disabled(verbose=verbose):
       ^^^^^^^^^^^^^^^^^^^^^^^^^^^^^^^^^^^^^^
  File "/home/paul/frappe-bench/apps/frappe/frappe/utils/scheduler.py", line 156, in is_scheduler_disabled
    frappe.db.get_single_value("System Settings", "enable_scheduler")
  File "/home/paul/frappe-bench/apps/frappe/frappe/database/database.py", line 842, in get_single_value
    ).run()
      ^^^^^
  File "/home/paul/frappe-bench/apps/frappe/frappe/query_builder/utils.py", line 87, in execute_query
    result = frappe.db.sql(query, params, *args, **kwargs)  # nosemgrep
             ^^^^^^^^^^^^^^^^^^^^^^^^^^^^^^^^^^^^^^^^^^^^^
  File "/home/paul/frappe-bench/apps/frappe/frappe/database/database.py", line 207, in sql
    self.connect()
  File "/home/paul/frappe-bench/apps/frappe/frappe/database/database.py", line 112, in connect
    self._conn: MariadbConnection | PostgresConnection = self.get_connection()
                                                         ^^^^^^^^^^^^^^^^^^^^^
  File "/home/paul/frappe-bench/apps/frappe/frappe/database/mariadb/database.py", line 108, in get_connection
    conn = self._get_connection()
           ^^^^^^^^^^^^^^^^^^^^^^
  File "/home/paul/frappe-bench/apps/frappe/frappe/database/mariadb/database.py", line 114, in _get_connection
    return self.create_connection()
           ^^^^^^^^^^^^^^^^^^^^^^^^
  File "/home/paul/frappe-bench/apps/frappe/frappe/database/mariadb/database.py", line 117, in create_connection
    return pymysql.connect(**self.get_connection_settings())
           ^^^^^^^^^^^^^^^^^^^^^^^^^^^^^^^^^^^^^^^^^^^^^^^^^
  File "/home/paul/frappe-bench/env/lib/python3.12/site-packages/pymysql/connections.py", line 361, in __init__
    self.connect()
  File "/home/paul/frappe-bench/env/lib/python3.12/site-packages/pymysql/connections.py", line 669, in connect
    self._request_authentication()
  File "/home/paul/frappe-bench/env/lib/python3.12/site-packages/pymysql/connections.py", line 957, in _request_authentication
    auth_packet = self._read_packet()
                  ^^^^^^^^^^^^^^^^^^^
  File "/home/paul/frappe-bench/env/lib/python3.12/site-packages/pymysql/connections.py", line 775, in _read_packet
    packet.raise_for_error()
  File "/home/paul/frappe-bench/env/lib/python3.12/site-packages/pymysql/protocol.py", line 219, in raise_for_error
    err.raise_mysql_exception(self._data)
  File "/home/paul/frappe-bench/env/lib/python3.12/site-packages/pymysql/err.py", line 150, in raise_mysql_exception
    raise errorclass(errno, errval)
pymysql.err.OperationalError: (1049, "Unknown database '_c059e81fe917cb98'")
2026-05-25 15:31:10,933 ERROR scheduler Exception in Enqueue Events for Site mysite.local
Traceback (most recent call last):
  File "/home/paul/frappe-bench/apps/frappe/frappe/utils/scheduler.py", line 99, in enqueue_events_for_site
    if is_scheduler_inactive():
       ^^^^^^^^^^^^^^^^^^^^^^^
  File "/home/paul/frappe-bench/apps/frappe/frappe/utils/scheduler.py", line 143, in is_scheduler_inactive
    if is_scheduler_disabled(verbose=verbose):
       ^^^^^^^^^^^^^^^^^^^^^^^^^^^^^^^^^^^^^^
  File "/home/paul/frappe-bench/apps/frappe/frappe/utils/scheduler.py", line 156, in is_scheduler_disabled
    frappe.db.get_single_value("System Settings", "enable_scheduler")
  File "/home/paul/frappe-bench/apps/frappe/frappe/database/database.py", line 842, in get_single_value
    ).run()
      ^^^^^
  File "/home/paul/frappe-bench/apps/frappe/frappe/query_builder/utils.py", line 87, in execute_query
    result = frappe.db.sql(query, params, *args, **kwargs)  # nosemgrep
             ^^^^^^^^^^^^^^^^^^^^^^^^^^^^^^^^^^^^^^^^^^^^^
  File "/home/paul/frappe-bench/apps/frappe/frappe/database/database.py", line 207, in sql
    self.connect()
  File "/home/paul/frappe-bench/apps/frappe/frappe/database/database.py", line 112, in connect
    self._conn: MariadbConnection | PostgresConnection = self.get_connection()
                                                         ^^^^^^^^^^^^^^^^^^^^^
  File "/home/paul/frappe-bench/apps/frappe/frappe/database/mariadb/database.py", line 108, in get_connection
    conn = self._get_connection()
           ^^^^^^^^^^^^^^^^^^^^^^
  File "/home/paul/frappe-bench/apps/frappe/frappe/database/mariadb/database.py", line 114, in _get_connection
    return self.create_connection()
           ^^^^^^^^^^^^^^^^^^^^^^^^
  File "/home/paul/frappe-bench/apps/frappe/frappe/database/mariadb/database.py", line 117, in create_connection
    return pymysql.connect(**self.get_connection_settings())
           ^^^^^^^^^^^^^^^^^^^^^^^^^^^^^^^^^^^^^^^^^^^^^^^^^
  File "/home/paul/frappe-bench/env/lib/python3.12/site-packages/pymysql/connections.py", line 361, in __init__
    self.connect()
  File "/home/paul/frappe-bench/env/lib/python3.12/site-packages/pymysql/connections.py", line 669, in connect
    self._request_authentication()
  File "/home/paul/frappe-bench/env/lib/python3.12/site-packages/pymysql/connections.py", line 957, in _request_authentication
    auth_packet = self._read_packet()
                  ^^^^^^^^^^^^^^^^^^^
  File "/home/paul/frappe-bench/env/lib/python3.12/site-packages/pymysql/connections.py", line 775, in _read_packet
    packet.raise_for_error()
  File "/home/paul/frappe-bench/env/lib/python3.12/site-packages/pymysql/protocol.py", line 219, in raise_for_error
    err.raise_mysql_exception(self._data)
  File "/home/paul/frappe-bench/env/lib/python3.12/site-packages/pymysql/err.py", line 150, in raise_mysql_exception
    raise errorclass(errno, errval)
pymysql.err.OperationalError: (1049, "Unknown database '_c059e81fe917cb98'")
2026-05-25 15:32:16,981 ERROR scheduler Exception in Enqueue Events for Site mysite.local
Traceback (most recent call last):
  File "/home/paul/frappe-bench/apps/frappe/frappe/utils/scheduler.py", line 99, in enqueue_events_for_site
    if is_scheduler_inactive():
       ^^^^^^^^^^^^^^^^^^^^^^^
  File "/home/paul/frappe-bench/apps/frappe/frappe/utils/scheduler.py", line 143, in is_scheduler_inactive
    if is_scheduler_disabled(verbose=verbose):
       ^^^^^^^^^^^^^^^^^^^^^^^^^^^^^^^^^^^^^^
  File "/home/paul/frappe-bench/apps/frappe/frappe/utils/scheduler.py", line 156, in is_scheduler_disabled
    frappe.db.get_single_value("System Settings", "enable_scheduler")
  File "/home/paul/frappe-bench/apps/frappe/frappe/database/database.py", line 842, in get_single_value
    ).run()
      ^^^^^
  File "/home/paul/frappe-bench/apps/frappe/frappe/query_builder/utils.py", line 87, in execute_query
    result = frappe.db.sql(query, params, *args, **kwargs)  # nosemgrep
             ^^^^^^^^^^^^^^^^^^^^^^^^^^^^^^^^^^^^^^^^^^^^^
  File "/home/paul/frappe-bench/apps/frappe/frappe/database/database.py", line 207, in sql
    self.connect()
  File "/home/paul/frappe-bench/apps/frappe/frappe/database/database.py", line 112, in connect
    self._conn: MariadbConnection | PostgresConnection = self.get_connection()
                                                         ^^^^^^^^^^^^^^^^^^^^^
  File "/home/paul/frappe-bench/apps/frappe/frappe/database/mariadb/database.py", line 108, in get_connection
    conn = self._get_connection()
           ^^^^^^^^^^^^^^^^^^^^^^
  File "/home/paul/frappe-bench/apps/frappe/frappe/database/mariadb/database.py", line 114, in _get_connection
    return self.create_connection()
           ^^^^^^^^^^^^^^^^^^^^^^^^
  File "/home/paul/frappe-bench/apps/frappe/frappe/database/mariadb/database.py", line 117, in create_connection
    return pymysql.connect(**self.get_connection_settings())
           ^^^^^^^^^^^^^^^^^^^^^^^^^^^^^^^^^^^^^^^^^^^^^^^^^
  File "/home/paul/frappe-bench/env/lib/python3.12/site-packages/pymysql/connections.py", line 361, in __init__
    self.connect()
  File "/home/paul/frappe-bench/env/lib/python3.12/site-packages/pymysql/connections.py", line 669, in connect
    self._request_authentication()
  File "/home/paul/frappe-bench/env/lib/python3.12/site-packages/pymysql/connections.py", line 957, in _request_authentication
    auth_packet = self._read_packet()
                  ^^^^^^^^^^^^^^^^^^^
  File "/home/paul/frappe-bench/env/lib/python3.12/site-packages/pymysql/connections.py", line 775, in _read_packet
    packet.raise_for_error()
  File "/home/paul/frappe-bench/env/lib/python3.12/site-packages/pymysql/protocol.py", line 219, in raise_for_error
    err.raise_mysql_exception(self._data)
  File "/home/paul/frappe-bench/env/lib/python3.12/site-packages/pymysql/err.py", line 150, in raise_mysql_exception
    raise errorclass(errno, errval)
pymysql.err.OperationalError: (1049, "Unknown database '_c059e81fe917cb98'")
2026-05-25 16:46:22,966 ERROR scheduler Exception in Enqueue Events for Site mysite.local
Traceback (most recent call last):
  File "/home/paul/frappe-bench/apps/frappe/frappe/utils/scheduler.py", line 99, in enqueue_events_for_site
    if is_scheduler_inactive():
       ^^^^^^^^^^^^^^^^^^^^^^^
  File "/home/paul/frappe-bench/apps/frappe/frappe/utils/scheduler.py", line 143, in is_scheduler_inactive
    if is_scheduler_disabled(verbose=verbose):
       ^^^^^^^^^^^^^^^^^^^^^^^^^^^^^^^^^^^^^^
  File "/home/paul/frappe-bench/apps/frappe/frappe/utils/scheduler.py", line 156, in is_scheduler_disabled
    frappe.db.get_single_value("System Settings", "enable_scheduler")
  File "/home/paul/frappe-bench/apps/frappe/frappe/database/database.py", line 842, in get_single_value
    ).run()
      ^^^^^
  File "/home/paul/frappe-bench/apps/frappe/frappe/query_builder/utils.py", line 87, in execute_query
    result = frappe.db.sql(query, params, *args, **kwargs)  # nosemgrep
             ^^^^^^^^^^^^^^^^^^^^^^^^^^^^^^^^^^^^^^^^^^^^^
  File "/home/paul/frappe-bench/apps/frappe/frappe/database/database.py", line 207, in sql
    self.connect()
  File "/home/paul/frappe-bench/apps/frappe/frappe/database/database.py", line 112, in connect
    self._conn: MariadbConnection | PostgresConnection = self.get_connection()
                                                         ^^^^^^^^^^^^^^^^^^^^^
  File "/home/paul/frappe-bench/apps/frappe/frappe/database/mariadb/database.py", line 108, in get_connection
    conn = self._get_connection()
           ^^^^^^^^^^^^^^^^^^^^^^
  File "/home/paul/frappe-bench/apps/frappe/frappe/database/mariadb/database.py", line 114, in _get_connection
    return self.create_connection()
           ^^^^^^^^^^^^^^^^^^^^^^^^
  File "/home/paul/frappe-bench/apps/frappe/frappe/database/mariadb/database.py", line 117, in create_connection
    return pymysql.connect(**self.get_connection_settings())
           ^^^^^^^^^^^^^^^^^^^^^^^^^^^^^^^^^^^^^^^^^^^^^^^^^
  File "/home/paul/frappe-bench/env/lib/python3.12/site-packages/pymysql/connections.py", line 361, in __init__
    self.connect()
  File "/home/paul/frappe-bench/env/lib/python3.12/site-packages/pymysql/connections.py", line 669, in connect
    self._request_authentication()
  File "/home/paul/frappe-bench/env/lib/python3.12/site-packages/pymysql/connections.py", line 957, in _request_authentication
    auth_packet = self._read_packet()
                  ^^^^^^^^^^^^^^^^^^^
  File "/home/paul/frappe-bench/env/lib/python3.12/site-packages/pymysql/connections.py", line 775, in _read_packet
    packet.raise_for_error()
  File "/home/paul/frappe-bench/env/lib/python3.12/site-packages/pymysql/protocol.py", line 219, in raise_for_error
    err.raise_mysql_exception(self._data)
  File "/home/paul/frappe-bench/env/lib/python3.12/site-packages/pymysql/err.py", line 150, in raise_mysql_exception
    raise errorclass(errno, errval)
pymysql.err.OperationalError: (1049, "Unknown database '_c059e81fe917cb98'")
2026-05-25 16:47:29,253 ERROR scheduler Exception in Enqueue Events for Site mysite.local
Traceback (most recent call last):
  File "/home/paul/frappe-bench/apps/frappe/frappe/utils/scheduler.py", line 99, in enqueue_events_for_site
    if is_scheduler_inactive():
       ^^^^^^^^^^^^^^^^^^^^^^^
  File "/home/paul/frappe-bench/apps/frappe/frappe/utils/scheduler.py", line 143, in is_scheduler_inactive
    if is_scheduler_disabled(verbose=verbose):
       ^^^^^^^^^^^^^^^^^^^^^^^^^^^^^^^^^^^^^^
  File "/home/paul/frappe-bench/apps/frappe/frappe/utils/scheduler.py", line 156, in is_scheduler_disabled
    frappe.db.get_single_value("System Settings", "enable_scheduler")
  File "/home/paul/frappe-bench/apps/frappe/frappe/database/database.py", line 842, in get_single_value
    ).run()
      ^^^^^
  File "/home/paul/frappe-bench/apps/frappe/frappe/query_builder/utils.py", line 87, in execute_query
    result = frappe.db.sql(query, params, *args, **kwargs)  # nosemgrep
             ^^^^^^^^^^^^^^^^^^^^^^^^^^^^^^^^^^^^^^^^^^^^^
  File "/home/paul/frappe-bench/apps/frappe/frappe/database/database.py", line 207, in sql
    self.connect()
  File "/home/paul/frappe-bench/apps/frappe/frappe/database/database.py", line 112, in connect
    self._conn: MariadbConnection | PostgresConnection = self.get_connection()
                                                         ^^^^^^^^^^^^^^^^^^^^^
  File "/home/paul/frappe-bench/apps/frappe/frappe/database/mariadb/database.py", line 108, in get_connection
    conn = self._get_connection()
           ^^^^^^^^^^^^^^^^^^^^^^
  File "/home/paul/frappe-bench/apps/frappe/frappe/database/mariadb/database.py", line 114, in _get_connection
    return self.create_connection()
           ^^^^^^^^^^^^^^^^^^^^^^^^
  File "/home/paul/frappe-bench/apps/frappe/frappe/database/mariadb/database.py", line 117, in create_connection
    return pymysql.connect(**self.get_connection_settings())
           ^^^^^^^^^^^^^^^^^^^^^^^^^^^^^^^^^^^^^^^^^^^^^^^^^
  File "/home/paul/frappe-bench/env/lib/python3.12/site-packages/pymysql/connections.py", line 361, in __init__
    self.connect()
  File "/home/paul/frappe-bench/env/lib/python3.12/site-packages/pymysql/connections.py", line 669, in connect
    self._request_authentication()
  File "/home/paul/frappe-bench/env/lib/python3.12/site-packages/pymysql/connections.py", line 957, in _request_authentication
    auth_packet = self._read_packet()
                  ^^^^^^^^^^^^^^^^^^^
  File "/home/paul/frappe-bench/env/lib/python3.12/site-packages/pymysql/connections.py", line 775, in _read_packet
    packet.raise_for_error()
  File "/home/paul/frappe-bench/env/lib/python3.12/site-packages/pymysql/protocol.py", line 219, in raise_for_error
    err.raise_mysql_exception(self._data)
  File "/home/paul/frappe-bench/env/lib/python3.12/site-packages/pymysql/err.py", line 150, in raise_mysql_exception
    raise errorclass(errno, errval)
pymysql.err.OperationalError: (1049, "Unknown database '_c059e81fe917cb98'")
2026-05-25 16:50:09,106 ERROR scheduler Exception in Enqueue Events for Site mysite.local
Traceback (most recent call last):
  File "/home/paul/frappe-bench/apps/frappe/frappe/utils/scheduler.py", line 99, in enqueue_events_for_site
    if is_scheduler_inactive():
       ^^^^^^^^^^^^^^^^^^^^^^^
  File "/home/paul/frappe-bench/apps/frappe/frappe/utils/scheduler.py", line 143, in is_scheduler_inactive
    if is_scheduler_disabled(verbose=verbose):
       ^^^^^^^^^^^^^^^^^^^^^^^^^^^^^^^^^^^^^^
  File "/home/paul/frappe-bench/apps/frappe/frappe/utils/scheduler.py", line 156, in is_scheduler_disabled
    frappe.db.get_single_value("System Settings", "enable_scheduler")
  File "/home/paul/frappe-bench/apps/frappe/frappe/database/database.py", line 842, in get_single_value
    ).run()
      ^^^^^
  File "/home/paul/frappe-bench/apps/frappe/frappe/query_builder/utils.py", line 87, in execute_query
    result = frappe.db.sql(query, params, *args, **kwargs)  # nosemgrep
             ^^^^^^^^^^^^^^^^^^^^^^^^^^^^^^^^^^^^^^^^^^^^^
  File "/home/paul/frappe-bench/apps/frappe/frappe/database/database.py", line 207, in sql
    self.connect()
  File "/home/paul/frappe-bench/apps/frappe/frappe/database/database.py", line 112, in connect
    self._conn: MariadbConnection | PostgresConnection = self.get_connection()
                                                         ^^^^^^^^^^^^^^^^^^^^^
  File "/home/paul/frappe-bench/apps/frappe/frappe/database/mariadb/database.py", line 108, in get_connection
    conn = self._get_connection()
           ^^^^^^^^^^^^^^^^^^^^^^
  File "/home/paul/frappe-bench/apps/frappe/frappe/database/mariadb/database.py", line 114, in _get_connection
    return self.create_connection()
           ^^^^^^^^^^^^^^^^^^^^^^^^
  File "/home/paul/frappe-bench/apps/frappe/frappe/database/mariadb/database.py", line 117, in create_connection
    return pymysql.connect(**self.get_connection_settings())
           ^^^^^^^^^^^^^^^^^^^^^^^^^^^^^^^^^^^^^^^^^^^^^^^^^
  File "/home/paul/frappe-bench/env/lib/python3.12/site-packages/pymysql/connections.py", line 361, in __init__
    self.connect()
  File "/home/paul/frappe-bench/env/lib/python3.12/site-packages/pymysql/connections.py", line 669, in connect
    self._request_authentication()
  File "/home/paul/frappe-bench/env/lib/python3.12/site-packages/pymysql/connections.py", line 957, in _request_authentication
    auth_packet = self._read_packet()
                  ^^^^^^^^^^^^^^^^^^^
  File "/home/paul/frappe-bench/env/lib/python3.12/site-packages/pymysql/connections.py", line 775, in _read_packet
    packet.raise_for_error()
  File "/home/paul/frappe-bench/env/lib/python3.12/site-packages/pymysql/protocol.py", line 219, in raise_for_error
    err.raise_mysql_exception(self._data)
  File "/home/paul/frappe-bench/env/lib/python3.12/site-packages/pymysql/err.py", line 150, in raise_mysql_exception
    raise errorclass(errno, errval)
pymysql.err.OperationalError: (1049, "Unknown database '_c059e81fe917cb98'")
2026-05-25 16:51:12,168 ERROR scheduler Exception in Enqueue Events for Site mysite.local
Traceback (most recent call last):
  File "/home/paul/frappe-bench/apps/frappe/frappe/utils/scheduler.py", line 99, in enqueue_events_for_site
    if is_scheduler_inactive():
       ^^^^^^^^^^^^^^^^^^^^^^^
  File "/home/paul/frappe-bench/apps/frappe/frappe/utils/scheduler.py", line 143, in is_scheduler_inactive
    if is_scheduler_disabled(verbose=verbose):
       ^^^^^^^^^^^^^^^^^^^^^^^^^^^^^^^^^^^^^^
  File "/home/paul/frappe-bench/apps/frappe/frappe/utils/scheduler.py", line 156, in is_scheduler_disabled
    frappe.db.get_single_value("System Settings", "enable_scheduler")
  File "/home/paul/frappe-bench/apps/frappe/frappe/database/database.py", line 842, in get_single_value
    ).run()
      ^^^^^
  File "/home/paul/frappe-bench/apps/frappe/frappe/query_builder/utils.py", line 87, in execute_query
    result = frappe.db.sql(query, params, *args, **kwargs)  # nosemgrep
             ^^^^^^^^^^^^^^^^^^^^^^^^^^^^^^^^^^^^^^^^^^^^^
  File "/home/paul/frappe-bench/apps/frappe/frappe/database/database.py", line 207, in sql
    self.connect()
  File "/home/paul/frappe-bench/apps/frappe/frappe/database/database.py", line 112, in connect
    self._conn: MariadbConnection | PostgresConnection = self.get_connection()
                                                         ^^^^^^^^^^^^^^^^^^^^^
  File "/home/paul/frappe-bench/apps/frappe/frappe/database/mariadb/database.py", line 108, in get_connection
    conn = self._get_connection()
           ^^^^^^^^^^^^^^^^^^^^^^
  File "/home/paul/frappe-bench/apps/frappe/frappe/database/mariadb/database.py", line 114, in _get_connection
    return self.create_connection()
           ^^^^^^^^^^^^^^^^^^^^^^^^
  File "/home/paul/frappe-bench/apps/frappe/frappe/database/mariadb/database.py", line 117, in create_connection
    return pymysql.connect(**self.get_connection_settings())
           ^^^^^^^^^^^^^^^^^^^^^^^^^^^^^^^^^^^^^^^^^^^^^^^^^
  File "/home/paul/frappe-bench/env/lib/python3.12/site-packages/pymysql/connections.py", line 361, in __init__
    self.connect()
  File "/home/paul/frappe-bench/env/lib/python3.12/site-packages/pymysql/connections.py", line 669, in connect
    self._request_authentication()
  File "/home/paul/frappe-bench/env/lib/python3.12/site-packages/pymysql/connections.py", line 957, in _request_authentication
    auth_packet = self._read_packet()
                  ^^^^^^^^^^^^^^^^^^^
  File "/home/paul/frappe-bench/env/lib/python3.12/site-packages/pymysql/connections.py", line 775, in _read_packet
    packet.raise_for_error()
  File "/home/paul/frappe-bench/env/lib/python3.12/site-packages/pymysql/protocol.py", line 219, in raise_for_error
    err.raise_mysql_exception(self._data)
  File "/home/paul/frappe-bench/env/lib/python3.12/site-packages/pymysql/err.py", line 150, in raise_mysql_exception
    raise errorclass(errno, errval)
pymysql.err.OperationalError: (1049, "Unknown database '_c059e81fe917cb98'")
2026-05-25 16:52:18,238 ERROR scheduler Exception in Enqueue Events for Site mysite.local
Traceback (most recent call last):
  File "/home/paul/frappe-bench/apps/frappe/frappe/utils/scheduler.py", line 99, in enqueue_events_for_site
    if is_scheduler_inactive():
       ^^^^^^^^^^^^^^^^^^^^^^^
  File "/home/paul/frappe-bench/apps/frappe/frappe/utils/scheduler.py", line 143, in is_scheduler_inactive
    if is_scheduler_disabled(verbose=verbose):
       ^^^^^^^^^^^^^^^^^^^^^^^^^^^^^^^^^^^^^^
  File "/home/paul/frappe-bench/apps/frappe/frappe/utils/scheduler.py", line 156, in is_scheduler_disabled
    frappe.db.get_single_value("System Settings", "enable_scheduler")
  File "/home/paul/frappe-bench/apps/frappe/frappe/database/database.py", line 842, in get_single_value
    ).run()
      ^^^^^
  File "/home/paul/frappe-bench/apps/frappe/frappe/query_builder/utils.py", line 87, in execute_query
    result = frappe.db.sql(query, params, *args, **kwargs)  # nosemgrep
             ^^^^^^^^^^^^^^^^^^^^^^^^^^^^^^^^^^^^^^^^^^^^^
  File "/home/paul/frappe-bench/apps/frappe/frappe/database/database.py", line 207, in sql
    self.connect()
  File "/home/paul/frappe-bench/apps/frappe/frappe/database/database.py", line 112, in connect
    self._conn: MariadbConnection | PostgresConnection = self.get_connection()
                                                         ^^^^^^^^^^^^^^^^^^^^^
  File "/home/paul/frappe-bench/apps/frappe/frappe/database/mariadb/database.py", line 108, in get_connection
    conn = self._get_connection()
           ^^^^^^^^^^^^^^^^^^^^^^
  File "/home/paul/frappe-bench/apps/frappe/frappe/database/mariadb/database.py", line 114, in _get_connection
    return self.create_connection()
           ^^^^^^^^^^^^^^^^^^^^^^^^
  File "/home/paul/frappe-bench/apps/frappe/frappe/database/mariadb/database.py", line 117, in create_connection
    return pymysql.connect(**self.get_connection_settings())
           ^^^^^^^^^^^^^^^^^^^^^^^^^^^^^^^^^^^^^^^^^^^^^^^^^
  File "/home/paul/frappe-bench/env/lib/python3.12/site-packages/pymysql/connections.py", line 361, in __init__
    self.connect()
  File "/home/paul/frappe-bench/env/lib/python3.12/site-packages/pymysql/connections.py", line 669, in connect
    self._request_authentication()
  File "/home/paul/frappe-bench/env/lib/python3.12/site-packages/pymysql/connections.py", line 957, in _request_authentication
    auth_packet = self._read_packet()
                  ^^^^^^^^^^^^^^^^^^^
  File "/home/paul/frappe-bench/env/lib/python3.12/site-packages/pymysql/connections.py", line 775, in _read_packet
    packet.raise_for_error()
  File "/home/paul/frappe-bench/env/lib/python3.12/site-packages/pymysql/protocol.py", line 219, in raise_for_error
    err.raise_mysql_exception(self._data)
  File "/home/paul/frappe-bench/env/lib/python3.12/site-packages/pymysql/err.py", line 150, in raise_mysql_exception
    raise errorclass(errno, errval)
pymysql.err.OperationalError: (1049, "Unknown database '_c059e81fe917cb98'")
2026-05-25 16:53:24,101 ERROR scheduler Exception in Enqueue Events for Site mysite.local
Traceback (most recent call last):
  File "/home/paul/frappe-bench/apps/frappe/frappe/utils/scheduler.py", line 99, in enqueue_events_for_site
    if is_scheduler_inactive():
       ^^^^^^^^^^^^^^^^^^^^^^^
  File "/home/paul/frappe-bench/apps/frappe/frappe/utils/scheduler.py", line 143, in is_scheduler_inactive
    if is_scheduler_disabled(verbose=verbose):
       ^^^^^^^^^^^^^^^^^^^^^^^^^^^^^^^^^^^^^^
  File "/home/paul/frappe-bench/apps/frappe/frappe/utils/scheduler.py", line 156, in is_scheduler_disabled
    frappe.db.get_single_value("System Settings", "enable_scheduler")
  File "/home/paul/frappe-bench/apps/frappe/frappe/database/database.py", line 842, in get_single_value
    ).run()
      ^^^^^
  File "/home/paul/frappe-bench/apps/frappe/frappe/query_builder/utils.py", line 87, in execute_query
    result = frappe.db.sql(query, params, *args, **kwargs)  # nosemgrep
             ^^^^^^^^^^^^^^^^^^^^^^^^^^^^^^^^^^^^^^^^^^^^^
  File "/home/paul/frappe-bench/apps/frappe/frappe/database/database.py", line 207, in sql
    self.connect()
  File "/home/paul/frappe-bench/apps/frappe/frappe/database/database.py", line 112, in connect
    self._conn: MariadbConnection | PostgresConnection = self.get_connection()
                                                         ^^^^^^^^^^^^^^^^^^^^^
  File "/home/paul/frappe-bench/apps/frappe/frappe/database/mariadb/database.py", line 108, in get_connection
    conn = self._get_connection()
           ^^^^^^^^^^^^^^^^^^^^^^
  File "/home/paul/frappe-bench/apps/frappe/frappe/database/mariadb/database.py", line 114, in _get_connection
    return self.create_connection()
           ^^^^^^^^^^^^^^^^^^^^^^^^
  File "/home/paul/frappe-bench/apps/frappe/frappe/database/mariadb/database.py", line 117, in create_connection
    return pymysql.connect(**self.get_connection_settings())
           ^^^^^^^^^^^^^^^^^^^^^^^^^^^^^^^^^^^^^^^^^^^^^^^^^
  File "/home/paul/frappe-bench/env/lib/python3.12/site-packages/pymysql/connections.py", line 361, in __init__
    self.connect()
  File "/home/paul/frappe-bench/env/lib/python3.12/site-packages/pymysql/connections.py", line 669, in connect
    self._request_authentication()
  File "/home/paul/frappe-bench/env/lib/python3.12/site-packages/pymysql/connections.py", line 957, in _request_authentication
    auth_packet = self._read_packet()
                  ^^^^^^^^^^^^^^^^^^^
  File "/home/paul/frappe-bench/env/lib/python3.12/site-packages/pymysql/connections.py", line 775, in _read_packet
    packet.raise_for_error()
  File "/home/paul/frappe-bench/env/lib/python3.12/site-packages/pymysql/protocol.py", line 219, in raise_for_error
    err.raise_mysql_exception(self._data)
  File "/home/paul/frappe-bench/env/lib/python3.12/site-packages/pymysql/err.py", line 150, in raise_mysql_exception
    raise errorclass(errno, errval)
pymysql.err.OperationalError: (1049, "Unknown database '_c059e81fe917cb98'")
2026-05-25 22:45:11,200 ERROR scheduler Exception in Enqueue Events for Site mysite.local
Traceback (most recent call last):
  File "/home/paul/frappe-bench/env/lib/python3.12/site-packages/pymysql/connections.py", line 649, in connect
    sock = socket.create_connection(
           ^^^^^^^^^^^^^^^^^^^^^^^^^
  File "/usr/lib/python3.12/socket.py", line 865, in create_connection
    raise exceptions[0]
  File "/usr/lib/python3.12/socket.py", line 850, in create_connection
    sock.connect(sa)
ConnectionRefusedError: [Errno 111] Connection refused

During handling of the above exception, another exception occurred:

Traceback (most recent call last):
  File "/home/paul/frappe-bench/apps/frappe/frappe/utils/scheduler.py", line 99, in enqueue_events_for_site
    if is_scheduler_inactive():
       ^^^^^^^^^^^^^^^^^^^^^^^
  File "/home/paul/frappe-bench/apps/frappe/frappe/utils/scheduler.py", line 143, in is_scheduler_inactive
    if is_scheduler_disabled(verbose=verbose):
       ^^^^^^^^^^^^^^^^^^^^^^^^^^^^^^^^^^^^^^
  File "/home/paul/frappe-bench/apps/frappe/frappe/utils/scheduler.py", line 156, in is_scheduler_disabled
    frappe.db.get_single_value("System Settings", "enable_scheduler")
  File "/home/paul/frappe-bench/apps/frappe/frappe/database/database.py", line 842, in get_single_value
    ).run()
      ^^^^^
  File "/home/paul/frappe-bench/apps/frappe/frappe/query_builder/utils.py", line 87, in execute_query
    result = frappe.db.sql(query, params, *args, **kwargs)  # nosemgrep
             ^^^^^^^^^^^^^^^^^^^^^^^^^^^^^^^^^^^^^^^^^^^^^
  File "/home/paul/frappe-bench/apps/frappe/frappe/database/database.py", line 207, in sql
    self.connect()
  File "/home/paul/frappe-bench/apps/frappe/frappe/database/database.py", line 112, in connect
    self._conn: MariadbConnection | PostgresConnection = self.get_connection()
                                                         ^^^^^^^^^^^^^^^^^^^^^
  File "/home/paul/frappe-bench/apps/frappe/frappe/database/mariadb/database.py", line 108, in get_connection
    conn = self._get_connection()
           ^^^^^^^^^^^^^^^^^^^^^^
  File "/home/paul/frappe-bench/apps/frappe/frappe/database/mariadb/database.py", line 114, in _get_connection
    return self.create_connection()
           ^^^^^^^^^^^^^^^^^^^^^^^^
  File "/home/paul/frappe-bench/apps/frappe/frappe/database/mariadb/database.py", line 117, in create_connection
    return pymysql.connect(**self.get_connection_settings())
           ^^^^^^^^^^^^^^^^^^^^^^^^^^^^^^^^^^^^^^^^^^^^^^^^^
  File "/home/paul/frappe-bench/env/lib/python3.12/site-packages/pymysql/connections.py", line 361, in __init__
    self.connect()
  File "/home/paul/frappe-bench/env/lib/python3.12/site-packages/pymysql/connections.py", line 716, in connect
    raise exc
pymysql.err.OperationalError: (2003, "Can't connect to MySQL server on '127.0.0.1' ([Errno 111] Connection refused)")
2026-05-26 09:17:13,617 ERROR scheduler Skipped queueing erpnext.utilities.doctype.video.video.update_youtube_data because it was found in queue for mysite.local
2026-05-26 09:17:13,623 ERROR scheduler Skipped queueing erpnext.setup.doctype.company.company.cache_companies_monthly_sales_history because it was found in queue for mysite.local
2026-05-26 09:17:13,628 ERROR scheduler Skipped queueing frappe.desk.page.backups.backups.delete_downloadable_backups because it was found in queue for mysite.local
2026-05-26 09:17:13,634 ERROR scheduler Skipped queueing hrms.hr.utils.generate_leave_encashment because it was found in queue for mysite.local
2026-05-26 09:17:13,637 ERROR scheduler Skipped queueing frappe.integrations.doctype.google_drive.google_drive.daily_backup because it was found in queue for mysite.local
2026-05-26 09:17:13,647 ERROR scheduler Skipped queueing frappe.social.doctype.energy_point_settings.energy_point_settings.allocate_review_points because it was found in queue for mysite.local
2026-05-26 09:17:13,651 ERROR scheduler Skipped queueing erpnext.accounts.utils.auto_create_exchange_rate_revaluation_daily because it was found in queue for mysite.local
2026-05-26 09:17:13,656 ERROR scheduler Skipped queueing frappe.desk.form.document_follow.send_hourly_updates because it was found in queue for mysite.local
2026-05-26 09:17:13,661 ERROR scheduler Skipped queueing erpnext.projects.doctype.project.project.collect_project_status because it was found in queue for mysite.local
2026-05-26 09:17:13,665 ERROR scheduler Skipped queueing hrms.hr.doctype.shift_type.shift_type.process_auto_attendance_for_all_shifts because it was found in queue for mysite.local
2026-05-26 09:17:13,670 ERROR scheduler Skipped queueing hrms.hr.doctype.leave_ledger_entry.leave_ledger_entry.process_expired_allocation because it was found in queue for mysite.local
2026-05-26 09:17:13,676 ERROR scheduler Skipped queueing frappe.model.utils.user_settings.sync_user_settings because it was found in queue for mysite.local
2026-05-26 09:17:13,680 ERROR scheduler Skipped queueing erpnext.accounts.doctype.fiscal_year.fiscal_year.auto_create_fiscal_year because it was found in queue for mysite.local
2026-05-26 09:17:13,682 ERROR scheduler Skipped queueing frappe.integrations.doctype.dropbox_settings.dropbox_settings.take_backups_daily because it was found in queue for mysite.local
2026-05-26 09:17:13,686 ERROR scheduler Skipped queueing erpnext.accounts.doctype.process_statement_of_accounts.process_statement_of_accounts.send_auto_email because it was found in queue for mysite.local
2026-05-26 09:17:13,689 ERROR scheduler Skipped queueing erpnext.stock.doctype.repost_item_valuation.repost_item_valuation.repost_entries because it was found in queue for mysite.local
2026-05-26 09:17:13,693 ERROR scheduler Skipped queueing erpnext.projects.doctype.project.project.send_project_status_email_to_users because it was found in queue for mysite.local
2026-05-26 09:17:13,696 ERROR scheduler Skipped queueing frappe.oauth.delete_oauth2_data because it was found in queue for mysite.local
2026-05-26 09:17:13,701 ERROR scheduler Skipped queueing frappe.website.doctype.personal_data_deletion_request.personal_data_deletion_request.process_data_deletion_request because it was found in queue for mysite.local
2026-05-26 09:17:13,704 ERROR scheduler Skipped queueing frappe.desk.notifications.clear_notifications because it was found in queue for mysite.local
2026-05-26 09:17:13,707 ERROR scheduler Skipped queueing crm.lead_syncing.background_sync.sync_leads_from_sources_hourly because it was found in queue for mysite.local
2026-05-26 09:17:13,713 ERROR scheduler Skipped queueing hrms.hr.doctype.shift_type.shift_type.update_last_sync_of_checkin because it was found in queue for mysite.local
2026-05-26 09:17:13,718 ERROR scheduler Skipped queueing frappe.twofactor.delete_all_barcodes_for_users because it was found in queue for mysite.local
2026-05-26 09:17:13,725 ERROR scheduler Skipped queueing erpnext.support.doctype.service_level_agreement.service_level_agreement.check_agreement_status because it was found in queue for mysite.local
2026-05-26 09:17:13,730 ERROR scheduler Skipped queueing frappe.automation.doctype.auto_repeat.auto_repeat.make_auto_repeat_entry because it was found in queue for mysite.local
2026-05-26 09:17:13,734 ERROR scheduler Skipped queueing erpnext.assets.doctype.asset.asset.update_maintenance_status because it was found in queue for mysite.local
2026-05-26 09:17:13,740 ERROR scheduler Skipped queueing erpnext.crm.doctype.email_campaign.email_campaign.send_email_to_leads_or_contacts because it was found in queue for mysite.local
2026-05-26 09:17:13,745 ERROR scheduler Skipped queueing erpnext.stock.doctype.serial_no.serial_no.update_maintenance_status because it was found in queue for mysite.local
2026-05-26 09:17:13,749 ERROR scheduler Skipped queueing erpnext.support.doctype.issue.issue.auto_close_tickets because it was found in queue for mysite.local
2026-05-26 09:17:13,753 ERROR scheduler Skipped queueing erpnext.buying.doctype.supplier_scorecard.supplier_scorecard.refresh_scorecards because it was found in queue for mysite.local
2026-05-26 09:17:13,759 ERROR scheduler Skipped queueing frappe.core.doctype.log_settings.log_settings.run_log_clean_up because it was found in queue for mysite.local
2026-05-26 09:17:13,763 ERROR scheduler Skipped queueing hrms.hr.utils.allocate_earned_leaves because it was found in queue for mysite.local
2026-05-26 09:17:13,773 ERROR scheduler Skipped queueing frappe.desk.utils.delete_old_exported_report_files because it was found in queue for mysite.local
2026-05-26 09:17:13,776 ERROR scheduler Skipped queueing frappe.integrations.doctype.s3_backup_settings.s3_backup_settings.take_backups_daily because it was found in queue for mysite.local
2026-05-26 09:17:13,780 ERROR scheduler Skipped queueing frappe.core.doctype.user_invitation.user_invitation.mark_expired_invitations because it was found in queue for mysite.local
2026-05-26 09:17:13,785 ERROR scheduler Skipped queueing frappe.website.doctype.web_page.web_page.check_publish_status because it was found in queue for mysite.local
2026-05-26 09:17:13,791 ERROR scheduler Skipped queueing frappe.email.doctype.auto_email_report.auto_email_report.send_daily because it was found in queue for mysite.local
2026-05-26 09:17:13,795 ERROR scheduler Skipped queueing erpnext.crm.doctype.contract.contract.update_status_for_contracts because it was found in queue for mysite.local
2026-05-26 09:17:13,808 ERROR scheduler Skipped queueing frappe.website.doctype.personal_data_deletion_request.personal_data_deletion_request.remove_unverified_record because it was found in queue for mysite.local
2026-05-26 09:17:13,811 ERROR scheduler Skipped queueing frappe.sessions.clear_expired_sessions because it was found in queue for mysite.local
2026-05-26 09:17:13,817 ERROR scheduler Skipped queueing hrms.hr.doctype.shift_schedule_assignment.shift_schedule_assignment.process_auto_shift_creation because it was found in queue for mysite.local
2026-05-26 09:17:13,820 ERROR scheduler Skipped queueing erpnext.accounts.doctype.process_subscription.process_subscription.create_subscription_process because it was found in queue for mysite.local
2026-05-26 09:17:13,826 ERROR scheduler Skipped queueing erpnext.controllers.accounts_controller.update_invoice_status because it was found in queue for mysite.local
2026-05-26 09:17:13,833 ERROR scheduler Skipped queueing erpnext.projects.doctype.project.project.update_project_sales_billing because it was found in queue for mysite.local
2026-05-26 09:17:13,845 ERROR scheduler Skipped queueing erpnext.crm.utils.open_leads_opportunities_based_on_todays_event because it was found in queue for mysite.local
2026-05-26 09:17:13,855 ERROR scheduler Skipped queueing erpnext.assets.doctype.asset.asset.make_post_gl_entry because it was found in queue for mysite.local
2026-05-26 09:17:13,858 ERROR scheduler Skipped queueing crm.lead_syncing.background_sync.sync_leads_from_sources_daily because it was found in queue for mysite.local
2026-05-26 09:17:13,862 ERROR scheduler Skipped queueing erpnext.quality_management.doctype.quality_review.quality_review.review because it was found in queue for mysite.local
2026-05-26 09:17:13,865 ERROR scheduler Skipped queueing erpnext.erpnext_integrations.doctype.plaid_settings.plaid_settings.automatic_synchronization because it was found in queue for mysite.local
2026-05-26 09:17:13,871 ERROR scheduler Skipped queueing erpnext.manufacturing.doctype.bom_update_tool.bom_update_tool.auto_update_latest_price_in_all_boms because it was found in queue for mysite.local
2026-05-26 09:17:13,877 ERROR scheduler Skipped queueing erpnext.utilities.bulk_transaction.retry because it was found in queue for mysite.local
2026-05-26 09:17:13,881 ERROR scheduler Skipped queueing erpnext.projects.doctype.project.project.project_status_update_reminder because it was found in queue for mysite.local
2026-05-26 09:17:13,884 ERROR scheduler Skipped queueing erpnext.assets.doctype.asset.depreciation.post_depreciation_entries because it was found in queue for mysite.local
2026-05-26 09:17:13,888 ERROR scheduler Skipped queueing erpnext.buying.doctype.supplier_quotation.supplier_quotation.set_expired_status because it was found in queue for mysite.local
2026-05-26 09:17:13,891 ERROR scheduler Skipped queueing erpnext.crm.doctype.opportunity.opportunity.auto_close_opportunity because it was found in queue for mysite.local
2026-05-26 09:17:13,894 ERROR scheduler Skipped queueing erpnext.setup.doctype.email_digest.email_digest.send because it was found in queue for mysite.local
2026-05-26 09:17:13,897 ERROR scheduler Skipped queueing frappe.integrations.doctype.google_contacts.google_contacts.sync because it was found in queue for mysite.local
2026-05-26 09:17:13,904 ERROR scheduler Skipped queueing frappe.core.doctype.prepared_report.prepared_report.expire_stalled_report because it was found in queue for mysite.local
2026-05-26 09:17:13,910 ERROR scheduler Skipped queueing erpnext.accounts.utils.run_ledger_health_checks because it was found in queue for mysite.local
2026-05-26 09:17:13,914 ERROR scheduler Skipped queueing erpnext.assets.doctype.asset_maintenance_log.asset_maintenance_log.update_asset_maintenance_log_status because it was found in queue for mysite.local
2026-05-26 09:17:13,918 ERROR scheduler Skipped queueing erpnext.stock.reorder_item.reorder_item because it was found in queue for mysite.local
2026-05-26 09:17:13,921 ERROR scheduler Skipped queueing erpnext.selling.doctype.quotation.quotation.set_expired_status because it was found in queue for mysite.local
2026-05-26 09:17:13,925 ERROR scheduler Skipped queueing erpnext.projects.doctype.task.task.set_tasks_as_overdue because it was found in queue for mysite.local
2026-05-26 09:17:13,930 ERROR scheduler Skipped queueing erpnext.crm.doctype.email_campaign.email_campaign.set_email_campaign_status because it was found in queue for mysite.local
2026-05-26 10:30:12,929 ERROR scheduler Skipped queueing frappe.email.queue.retry_sending_emails because it was found in queue for mysite.local
2026-05-26 10:30:27,360 ERROR scheduler Skipped queueing frappe.email.queue.flush because it was found in queue for mysite.local
2026-05-26 10:30:28,044 ERROR scheduler Skipped queueing frappe.integrations.doctype.google_calendar.google_calendar.sync because it was found in queue for mysite.local
2026-05-26 10:30:29,313 ERROR scheduler Skipped queueing frappe.monitor.flush because it was found in queue for mysite.local
2026-05-26 10:30:30,608 ERROR scheduler Skipped queueing hrms.hr.doctype.interview.interview.send_interview_reminder because it was found in queue for mysite.local
2026-05-26 10:30:32,265 ERROR scheduler Skipped queueing crm.api.event.trigger_offset_event_notifications because it was found in queue for mysite.local
2026-05-26 10:31:45,405 ERROR scheduler Skipped queueing frappe.model.utils.link_count.update_link_count because it was found in queue for mysite.local
2026-05-26 10:31:47,132 ERROR scheduler Skipped queueing frappe.deferred_insert.save_to_db because it was found in queue for mysite.local
2026-05-26 10:31:47,236 ERROR scheduler Skipped queueing frappe.utils.telemetry.pulse.client.send_queued_events because it was found in queue for mysite.local
2026-05-26 10:31:47,524 ERROR scheduler Skipped queueing frappe.search.sqlite_search.build_index_if_not_exists because it was found in queue for mysite.local
2026-05-26 10:31:47,962 ERROR scheduler Skipped queueing erpnext.accounts.doctype.gl_entry.gl_entry.rename_gle_sle_docs because it was found in queue for mysite.local
2026-05-26 10:31:48,890 ERROR scheduler Skipped queueing crm.lead_syncing.background_sync.sync_leads_from_sources_5_minutes because it was found in queue for mysite.local
2026-05-26 10:31:49,020 ERROR scheduler Skipped queueing frappe.email.queue.flush because it was found in queue for mysite.local
2026-05-26 10:31:49,198 ERROR scheduler Skipped queueing frappe.automation.doctype.reminder.reminder.send_reminders because it was found in queue for mysite.local
2026-05-26 10:31:49,868 ERROR scheduler Skipped queueing hrms.hr.doctype.interview.interview.send_interview_reminder because it was found in queue for mysite.local
2026-05-26 10:31:50,264 ERROR scheduler Skipped queueing frappe.utils.global_search.sync_global_search because it was found in queue for mysite.local
2026-05-26 10:31:50,427 ERROR scheduler Skipped queueing frappe.monitor.flush because it was found in queue for mysite.local
2026-05-26 10:31:50,555 ERROR scheduler Skipped queueing erpnext.manufacturing.doctype.bom_update_log.bom_update_log.resume_bom_cost_update_jobs because it was found in queue for mysite.local
2026-05-26 10:31:50,737 ERROR scheduler Skipped queueing frappe.email.queue.retry_sending_emails because it was found in queue for mysite.local
2026-05-26 10:31:51,099 ERROR scheduler Skipped queueing frappe.email.doctype.email_account.email_account.notify_unreplied because it was found in queue for mysite.local
2026-05-26 10:31:51,374 ERROR scheduler Skipped queueing crm.lead_syncing.background_sync.sync_leads_from_sources_15_minutes because it was found in queue for mysite.local
2026-05-26 10:33:06,117 ERROR scheduler Skipped queueing frappe.email.doctype.email_account.email_account.notify_unreplied because it was found in queue for mysite.local
2026-05-26 10:33:06,903 ERROR scheduler Skipped queueing crm.lead_syncing.background_sync.sync_leads_from_sources_15_minutes because it was found in queue for mysite.local
2026-05-26 10:33:07,571 ERROR scheduler Skipped queueing frappe.email.doctype.email_account.email_account.pull because it was found in queue for mysite.local
2026-05-26 10:33:08,006 ERROR scheduler Skipped queueing frappe.deferred_insert.save_to_db because it was found in queue for mysite.local
2026-05-26 10:33:08,303 ERROR scheduler Skipped queueing frappe.model.utils.link_count.update_link_count because it was found in queue for mysite.local
2026-05-26 10:33:09,058 ERROR scheduler Skipped queueing frappe.automation.doctype.reminder.reminder.send_reminders because it was found in queue for mysite.local
2026-05-26 10:33:09,550 ERROR scheduler Skipped queueing erpnext.accounts.doctype.gl_entry.gl_entry.rename_gle_sle_docs because it was found in queue for mysite.local
2026-05-26 10:33:09,726 ERROR scheduler Skipped queueing crm.lead_syncing.background_sync.sync_leads_from_sources_5_minutes because it was found in queue for mysite.local
2026-05-26 10:33:10,090 ERROR scheduler Skipped queueing crm.lead_syncing.background_sync.sync_leads_from_sources_10_minutes because it was found in queue for mysite.local
2026-05-26 10:33:10,338 ERROR scheduler Skipped queueing erpnext.manufacturing.doctype.bom_update_log.bom_update_log.resume_bom_cost_update_jobs because it was found in queue for mysite.local
2026-05-26 10:33:10,552 ERROR scheduler Skipped queueing frappe.utils.global_search.sync_global_search because it was found in queue for mysite.local
2026-05-26 10:33:11,285 ERROR scheduler Skipped queueing frappe.search.sqlite_search.build_index_if_not_exists because it was found in queue for mysite.local
2026-05-26 10:33:11,693 ERROR scheduler Skipped queueing frappe.utils.telemetry.pulse.client.send_queued_events because it was found in queue for mysite.local
2026-05-26 10:34:24,506 ERROR scheduler Skipped queueing frappe.email.doctype.email_account.email_account.pull because it was found in queue for mysite.local
2026-05-26 10:34:25,248 ERROR scheduler Skipped queueing erpnext.accounts.doctype.gl_entry.gl_entry.rename_gle_sle_docs because it was found in queue for mysite.local
2026-05-26 10:34:25,550 ERROR scheduler Skipped queueing frappe.automation.doctype.reminder.reminder.send_reminders because it was found in queue for mysite.local
2026-05-26 10:34:26,965 ERROR scheduler Skipped queueing frappe.search.sqlite_search.build_index_if_not_exists because it was found in queue for mysite.local
2026-05-26 10:34:28,140 ERROR scheduler Skipped queueing frappe.deferred_insert.save_to_db because it was found in queue for mysite.local
2026-05-26 10:34:28,222 ERROR scheduler Skipped queueing crm.lead_syncing.background_sync.sync_leads_from_sources_10_minutes because it was found in queue for mysite.local
2026-05-26 10:34:28,317 ERROR scheduler Skipped queueing frappe.integrations.doctype.google_calendar.google_calendar.sync because it was found in queue for mysite.local
2026-05-26 10:34:28,568 ERROR scheduler Skipped queueing frappe.utils.telemetry.pulse.client.send_queued_events because it was found in queue for mysite.local
2026-05-26 10:35:40,022 ERROR scheduler Skipped queueing frappe.search.sqlite_search.build_index_if_not_exists because it was found in queue for mysite.local
2026-05-26 10:35:40,578 ERROR scheduler Skipped queueing frappe.automation.doctype.reminder.reminder.send_reminders because it was found in queue for mysite.local
2026-05-26 10:35:40,919 ERROR scheduler Skipped queueing frappe.email.doctype.email_account.email_account.pull because it was found in queue for mysite.local
2026-05-26 10:35:41,180 ERROR scheduler Skipped queueing frappe.integrations.doctype.google_calendar.google_calendar.sync because it was found in queue for mysite.local
2026-05-26 10:35:42,870 ERROR scheduler Skipped queueing frappe.deferred_insert.save_to_db because it was found in queue for mysite.local
2026-05-26 10:37:00,824 ERROR scheduler Skipped queueing frappe.integrations.doctype.google_calendar.google_calendar.sync because it was found in queue for mysite.local
2026-05-26 10:37:03,660 ERROR scheduler Skipped queueing crm.lead_syncing.background_sync.sync_leads_from_sources_5_minutes because it was found in queue for mysite.local
2026-05-26 12:01:29,482 ERROR scheduler Skipped queueing frappe.model.utils.user_settings.sync_user_settings because it was found in queue for mysite.local
2026-05-26 12:01:29,673 ERROR scheduler Skipped queueing crm.lead_syncing.background_sync.sync_leads_from_sources_hourly because it was found in queue for mysite.local
2026-05-26 12:01:29,792 ERROR scheduler Skipped queueing frappe.twofactor.delete_all_barcodes_for_users because it was found in queue for mysite.local
2026-05-26 12:01:29,798 ERROR scheduler Skipped queueing erpnext.erpnext_integrations.doctype.plaid_settings.plaid_settings.automatic_synchronization because it was found in queue for mysite.local
2026-05-26 12:01:29,840 ERROR scheduler Skipped queueing frappe.desk.form.document_follow.send_hourly_updates because it was found in queue for mysite.local
2026-05-26 12:01:29,852 ERROR scheduler Skipped queueing erpnext.utilities.bulk_transaction.retry because it was found in queue for mysite.local
2026-05-26 12:01:29,944 ERROR scheduler Skipped queueing frappe.oauth.delete_oauth2_data because it was found in queue for mysite.local
2026-05-26 12:01:29,959 ERROR scheduler Skipped queueing erpnext.stock.doctype.repost_item_valuation.repost_item_valuation.repost_entries because it was found in queue for mysite.local
2026-05-26 12:01:30,000 ERROR scheduler Skipped queueing hrms.hr.doctype.shift_type.shift_type.process_auto_attendance_for_all_shifts because it was found in queue for mysite.local
2026-05-26 12:01:30,090 ERROR scheduler Skipped queueing hrms.hr.doctype.shift_type.shift_type.update_last_sync_of_checkin because it was found in queue for mysite.local
2026-05-26 12:01:30,117 ERROR scheduler Skipped queueing erpnext.projects.doctype.project.project.collect_project_status because it was found in queue for mysite.local
2026-05-26 12:01:30,146 ERROR scheduler Skipped queueing frappe.website.doctype.personal_data_deletion_request.personal_data_deletion_request.process_data_deletion_request because it was found in queue for mysite.local
2026-05-26 12:01:30,247 ERROR scheduler Skipped queueing erpnext.utilities.doctype.video.video.update_youtube_data because it was found in queue for mysite.local
2026-05-26 12:01:30,299 ERROR scheduler Skipped queueing frappe.desk.utils.delete_old_exported_report_files because it was found in queue for mysite.local
2026-05-26 12:01:30,359 ERROR scheduler Skipped queueing hrms.hr.doctype.shift_schedule_assignment.shift_schedule_assignment.process_auto_shift_creation because it was found in queue for mysite.local
