set -o pipefail; /usr/bin/mariadb-dump --user=_c059e81fe917cb98 --host=127.0.0.1 --port=3306 --password=********** --single-transaction --quick --lock-tables=false _c059e81fe917cb98 | /usr/bin/gzip >> ./mysite.local/private/backups/20260421_120002-mysite_local-database.sql.gz

Backup Summary for mysite.local at 2026-04-21 12:00:04.982053
Config  : ./mysite.local/private/backups/20260421_120002-mysite_local-site_config_backup.json 116.0B
Database: ./mysite.local/private/backups/20260421_120002-mysite_local-database.sql.gz         832.3KiB
Backup for Site mysite.local has been successfully completed
set -o pipefail; /usr/bin/mariadb-dump --user=_c059e81fe917cb98 --host=127.0.0.1 --port=3306 --password=********** --single-transaction --quick --lock-tables=false _c059e81fe917cb98 | /usr/bin/gzip >> ./mysite.local/private/backups/20260421_180001-mysite_local-database.sql.gz

Backup Summary for mysite.local at 2026-04-21 18:00:04.139271
Config  : ./mysite.local/private/backups/20260421_180001-mysite_local-site_config_backup.json 404.0B
Database: ./mysite.local/private/backups/20260421_180001-mysite_local-database.sql.gz         1.0MiB
Backup for Site mysite.local has been successfully completed
set -o pipefail; /usr/bin/mariadb-dump --user=_c059e81fe917cb98 --host=127.0.0.1 --port=3306 --password=********** --single-transaction --quick --lock-tables=false _c059e81fe917cb98 | /usr/bin/gzip >> ./mysite.local/private/backups/20260422_120006-mysite_local-database.sql.gz

Backup Summary for mysite.local at 2026-04-22 12:00:14.799561
Config  : ./mysite.local/private/backups/20260422_120006-mysite_local-site_config_backup.json 404.0B
Database: ./mysite.local/private/backups/20260422_120006-mysite_local-database.sql.gz         1.0MiB
Backup for Site mysite.local has been successfully completed
set -o pipefail; /usr/bin/mariadb-dump --user=_c059e81fe917cb98 --host=127.0.0.1 --port=3306 --password=********** --single-transaction --quick --lock-tables=false _c059e81fe917cb98 | /usr/bin/gzip >> ./mysite.local/private/backups/20260424_120001-mysite_local-database.sql.gz

Backup Summary for mysite.local at 2026-04-24 12:00:04.686721
Config  : ./mysite.local/private/backups/20260424_120001-mysite_local-site_config_backup.json 404.0B
Database: ./mysite.local/private/backups/20260424_120001-mysite_local-database.sql.gz         1.0MiB
Backup for Site mysite.local has been successfully completed
set -o pipefail; /usr/bin/mariadb-dump --user=_c059e81fe917cb98 --host=127.0.0.1 --port=3306 --password=********** --single-transaction --quick --lock-tables=false _c059e81fe917cb98 | /usr/bin/gzip >> ./mysite.local/private/backups/20260428_120014-mysite_local-database.sql.gz

Backup Summary for mysite.local at 2026-04-28 12:00:17.993585
Config  : ./mysite.local/private/backups/20260428_120014-mysite_local-site_config_backup.json 404.0B
Database: ./mysite.local/private/backups/20260428_120014-mysite_local-database.sql.gz         1.2MiB
Backup for Site mysite.local has been successfully completed
