2026-04-30 15:10:38,292 WARNING database DDL Query made to DB:
ALTER TABLE `tabSales Invoice` MODIFY `rounding_adjustment` decimal(21,9) not null default 0, MODIFY `base_total_taxes_and_charges` decimal(21,9) not null default 0, MODIFY `base_paid_amount` decimal(21,9) not null default 0, MODIFY `base_grand_total` decimal(21,9) not null default 0, MODIFY `paid_amount` decimal(21,9) not null default 0, MODIFY `base_rounding_adjustment` decimal(21,9) not null default 0, MODIFY `base_discount_amount` decimal(21,9) not null default 0, MODIFY `base_change_amount` decimal(21,9) not null default 0, MODIFY `net_total` decimal(21,9) not null default 0, MODIFY `loyalty_amount` decimal(21,9) not null default 0, MODIFY `grand_total` decimal(21,9) not null default 0, MODIFY `change_amount` decimal(21,9) not null default 0, MODIFY `rounded_total` decimal(21,9) not null default 0, MODIFY `amount_eligible_for_commission` decimal(21,9) not null default 0, MODIFY `discount_amount` decimal(21,9) not null default 0, MODIFY `base_total` decimal(21,9) not null default 0, MODIFY `commission_rate` decimal(21,9) not null default 0, MODIFY `total` decimal(21,9) not null default 0, MODIFY `outstanding_amount` decimal(21,9) not null default 0, MODIFY `total_commission` decimal(21,9) not null default 0, MODIFY `conversion_rate` decimal(21,9) not null default 0, MODIFY `base_write_off_amount` decimal(21,9) not null default 0, MODIFY `total_qty` decimal(21,9) not null default 0, MODIFY `additional_discount_percentage` decimal(21,9) not null default 0, MODIFY `total_net_weight` decimal(21,9) not null default 0, MODIFY `write_off_amount` decimal(21,9) not null default 0, MODIFY `total_taxes_and_charges` decimal(21,9) not null default 0, MODIFY `total_billing_hours` decimal(21,9) not null default 0, MODIFY `base_net_total` decimal(21,9) not null default 0, MODIFY `base_rounded_total` decimal(21,9) not null default 0, MODIFY `total_advance` decimal(21,9) not null default 0, MODIFY `plc_conversion_rate` decimal(21,9) not null default 0
2026-04-30 15:10:38,361 WARNING database DDL Query made to DB:
ALTER TABLE `tabCRM Deal` ADD COLUMN `erpnext_invoice` varchar(140)
2026-04-30 15:10:38,371 WARNING database DDL Query made to DB:
ALTER TABLE `tabCRM Deal` MODIFY `net_total` decimal(21,9) not null default 0, MODIFY `first_response_time` decimal(21,9), MODIFY `deal_value` decimal(21,9) not null default 0, MODIFY `probability` decimal(21,9) not null default 0, MODIFY `expected_deal_value` decimal(21,9) not null default 0, MODIFY `last_response_time` decimal(21,9), MODIFY `annual_revenue` decimal(21,9) not null default 0, MODIFY `total` decimal(21,9) not null default 0
2026-05-13 15:08:18,320 WARNING database DDL Query made to DB:
alter table `tabDocType` add column if not exists migration_hash varchar(140)
2026-05-13 15:08:19,575 WARNING database DDL Query made to DB:
ALTER TABLE `tabPrint Heading` DROP INDEX `print_heading`
2026-05-13 15:08:20,523 WARNING database DDL Query made to DB:
ALTER TABLE `tabPrint Heading` ADD UNIQUE INDEX IF NOT EXISTS print_heading (`print_heading`)
2026-05-13 15:08:21,344 WARNING database DDL Query made to DB:
ALTER TABLE `tabCRM Lead` MODIFY `last_response_time` decimal(21,9), MODIFY `annual_revenue` decimal(21,9) not null default 0, MODIFY `first_response_time` decimal(21,9), MODIFY `net_total` decimal(21,9) not null default 0, MODIFY `total` decimal(21,9) not null default 0
2026-05-13 15:08:30,527 WARNING database DDL Query made to DB:
alter table `tabDocType` add column if not exists migration_hash varchar(140)
2026-05-13 15:08:31,324 WARNING database DDL Query made to DB:
ALTER TABLE `tabPrint Heading` DROP INDEX `print_heading`
2026-05-13 15:08:32,086 WARNING database DDL Query made to DB:
ALTER TABLE `tabPrint Heading` ADD UNIQUE INDEX IF NOT EXISTS print_heading (`print_heading`)
2026-05-13 15:08:32,877 WARNING database DDL Query made to DB:
ALTER TABLE `tabJob Applicant` ADD COLUMN `recruitment_stage` varchar(140) default 'Applied'
2026-05-13 15:08:32,888 WARNING database DDL Query made to DB:
ALTER TABLE `tabJob Applicant` MODIFY `upper_range` decimal(21,0) not null default 0, MODIFY `applicant_rating` decimal(3,2), MODIFY `lower_range` decimal(21,0) not null default 0
2026-05-13 15:08:34,715 WARNING database DDL Query made to DB:
ALTER TABLE `tabIncome Tax Slab` MODIFY `tax_relief_limit` decimal(21,9) not null default 0, MODIFY `standard_tax_exemption_amount` decimal(21,9) not null default 0, MODIFY `marginal_relief_limit` decimal(21,9) not null default 0
2026-05-13 15:08:34,771 WARNING database DDL Query made to DB:
ALTER TABLE `tabSalary Component` MODIFY `max_benefit_amount` decimal(21,9) not null default 0, MODIFY `amount` decimal(21,9) not null default 0
2026-05-13 15:08:34,842 WARNING database DDL Query made to DB:
ALTER TABLE `tabEmployee Tax Exemption Proof Submission` MODIFY `exemption_amount` decimal(21,9) not null default 0, MODIFY `total_actual_amount` decimal(21,9) not null default 0, MODIFY `monthly_hra_exemption` decimal(21,9) not null default 0, MODIFY `monthly_house_rent` decimal(21,9) not null default 0, MODIFY `total_eligible_hra_exemption` decimal(21,9) not null default 0, MODIFY `house_rent_payment_amount` decimal(21,9) not null default 0
2026-05-13 15:08:34,909 WARNING database DDL Query made to DB:
ALTER TABLE `tabEmployee Tax Exemption Declaration` MODIFY `salary_structure_hra` decimal(21,9) not null default 0, MODIFY `monthly_house_rent` decimal(21,9) not null default 0, MODIFY `total_exemption_amount` decimal(21,9) not null default 0, MODIFY `annual_hra_exemption` decimal(21,9) not null default 0, MODIFY `monthly_hra_exemption` decimal(21,9) not null default 0, MODIFY `total_declared_amount` decimal(21,9) not null default 0
2026-05-25 17:47:02,944 WARNING database DDL Query made to DB:
alter table `tabDocType` add column if not exists migration_hash varchar(140)
2026-05-25 17:47:03,434 WARNING database DDL Query made to DB:
ALTER TABLE `tabFile` DROP INDEX `is_home_folder_index`
2026-05-25 17:47:04,748 WARNING database DDL Query made to DB:
ALTER TABLE `tabPrint Heading` DROP INDEX `print_heading`
2026-05-25 17:47:05,106 WARNING database DDL Query made to DB:
ALTER TABLE `tabItem Tax Template Detail` MODIFY `tax_rate` decimal(21,9) not null default 0
2026-05-25 17:47:05,630 WARNING database DDL Query made to DB:
ALTER TABLE `tabPOS Invoice Item` MODIFY `actual_batch_qty` decimal(21,9) not null default 0, MODIFY `amount` decimal(21,9) not null default 0, MODIFY `net_rate` decimal(21,9) not null default 0, MODIFY `net_amount` decimal(21,9) not null default 0, MODIFY `actual_qty` decimal(21,9) not null default 0, MODIFY `delivered_qty` decimal(21,9) not null default 0, MODIFY `discount_amount` decimal(21,9) not null default 0, MODIFY `rate` decimal(21,9) not null default 0, MODIFY `qty` decimal(21,9) not null default 0, MODIFY `base_rate_with_margin` decimal(21,9) not null default 0, MODIFY `base_net_rate` decimal(21,9) not null default 0, MODIFY `distributed_discount_amount` decimal(21,9) not null default 0, MODIFY `base_net_amount` decimal(21,9) not null default 0, MODIFY `base_price_list_rate` decimal(21,9) not null default 0, MODIFY `conversion_factor` decimal(21,9) not null default 0, MODIFY `price_list_rate` decimal(21,9) not null default 0, MODIFY `weight_per_unit` decimal(21,9) not null default 0, MODIFY `stock_qty` decimal(21,9) not null default 0, MODIFY `total_weight` decimal(21,9) not null default 0, MODIFY `discount_percentage` decimal(21,2) not null default 0, MODIFY `base_amount` decimal(21,9) not null default 0, MODIFY `margin_rate_or_amount` decimal(21,9) not null default 0, MODIFY `base_rate` decimal(21,9) not null default 0, MODIFY `rate_with_margin` decimal(21,9) not null default 0
2026-05-25 17:47:07,368 WARNING database DDL Query made to DB:
ALTER TABLE `tabPrint Heading` ADD UNIQUE INDEX IF NOT EXISTS print_heading (`print_heading`)
2026-05-25 17:47:07,566 WARNING database DDL Query made to DB:
create table `tabCareer Inquiry` (
			name varchar(140) primary key,
			creation datetime(6),
			modified datetime(6),
			modified_by varchar(140),
			owner varchar(140),
			docstatus int(1) not null default '0',
			idx int(8) not null default '0',
			`first_name` varchar(140),
`last_name` varchar(140),
`role_applying_for` varchar(140),
`email` varchar(140),
`phone_number` varchar(140),
`years_of_experience` varchar(140),
`linkedin_profile_url` varchar(140),
`portfolio_site` varchar(140),
`how_did_you_hear` varchar(140),
`other_source` text,
`resume_link` text,
`tell_us_about_yourself` text,
`job_applicant_ref` varchar(140),
`_user_tags` text,
`_comments` text,
`_assign` text,
`_liked_by` text,
index modified(modified))
			ENGINE=InnoDB
			ROW_FORMAT=DYNAMIC
			CHARACTER SET=utf8mb4
			COLLATE=utf8mb4_unicode_ci
2026-05-25 17:47:08,559 WARNING database DDL Query made to DB:
ALTER TABLE `tabStock Entry Detail` MODIFY `valuation_rate` decimal(21,9) not null default 0, MODIFY `basic_amount` decimal(21,9) not null default 0, MODIFY `actual_qty` decimal(21,9) not null default 0, MODIFY `transferred_qty` decimal(21,9) not null default 0, MODIFY `qty` decimal(21,9) not null default 0, MODIFY `basic_rate` decimal(21,9) not null default 0, MODIFY `amount` decimal(21,9) not null default 0, MODIFY `additional_cost` decimal(21,9) not null default 0, MODIFY `transfer_qty` decimal(21,9) not null default 0, MODIFY `conversion_factor` decimal(21,9) not null default 0
2026-05-25 17:47:08,852 WARNING database DDL Query made to DB:
ALTER TABLE `tabPurchase Receipt Item` MODIFY `total_weight` decimal(21,9) not null default 0, MODIFY `received_stock_qty` decimal(21,9) not null default 0, MODIFY `stock_uom_rate` decimal(21,9) not null default 0, MODIFY `landed_cost_voucher_amount` decimal(21,9) not null default 0, MODIFY `weight_per_unit` decimal(21,9) not null default 0, MODIFY `base_amount` decimal(21,9) not null default 0, MODIFY `conversion_factor` decimal(21,9) not null default 0, MODIFY `base_net_rate` decimal(21,9) not null default 0, MODIFY `base_rate_with_margin` decimal(21,9) not null default 0, MODIFY `rm_supp_cost` decimal(21,9) not null default 0, MODIFY `item_tax_amount` decimal(21,9) not null default 0, MODIFY `base_price_list_rate` decimal(21,9) not null default 0, MODIFY `sales_incoming_rate` decimal(21,9) not null default 0, MODIFY `discount_percentage` decimal(21,9) not null default 0, MODIFY `returned_qty` decimal(21,9) not null default 0, MODIFY `valuation_rate` decimal(21,9) not null default 0, MODIFY `base_net_amount` decimal(21,9) not null default 0, MODIFY `distributed_discount_amount` decimal(21,9) not null default 0, MODIFY `price_list_rate` decimal(21,9) not null default 0, MODIFY `amount_difference_with_purchase_invoice` decimal(21,9) not null default 0, MODIFY `stock_qty` decimal(21,9) not null default 0, MODIFY `rate` decimal(21,9) not null default 0, MODIFY `rejected_qty` decimal(21,9) not null default 0, MODIFY `qty` decimal(21,9) not null default 0, MODIFY `net_rate` decimal(21,9) not null default 0, MODIFY `billed_amt` decimal(21,9) not null default 0, MODIFY `margin_rate_or_amount` decimal(21,9) not null default 0, MODIFY `amount` decimal(21,9) not null default 0, MODIFY `net_amount` decimal(21,9) not null default 0, MODIFY `base_rate` decimal(21,9) not null default 0, MODIFY `discount_amount` decimal(21,9) not null default 0, MODIFY `rate_with_margin` decimal(21,9) not null default 0
2026-05-25 17:47:09,959 WARNING database DDL Query made to DB:
ALTER TABLE `tabJob Applicant` ADD COLUMN `recruitment_stage` varchar(140) default 'Applied'
2026-05-25 17:47:09,975 WARNING database DDL Query made to DB:
ALTER TABLE `tabJob Applicant` MODIFY `upper_range` decimal(21,0) not null default 0, MODIFY `lower_range` decimal(21,0) not null default 0, MODIFY `applicant_rating` decimal(3,2)
2026-05-25 17:47:10,155 WARNING database DDL Query made to DB:
ALTER TABLE `tabInterview` ADD COLUMN `applicant_name` varchar(140)
2026-05-25 17:47:10,169 WARNING database DDL Query made to DB:
ALTER TABLE `tabInterview` MODIFY `expected_average_rating` decimal(3,2), MODIFY `average_rating` decimal(3,2)
2026-05-25 17:47:10,738 WARNING database DDL Query made to DB:
ALTER TABLE `tabCRM Lead` ADD COLUMN `website_message` text, ADD COLUMN `primary_interest` varchar(140), ADD COLUMN `preferred_contact` varchar(140), ADD COLUMN `how_found_us` varchar(140)
2026-05-25 17:47:10,754 WARNING database DDL Query made to DB:
ALTER TABLE `tabCRM Lead` MODIFY `total` decimal(21,9) not null default 0, MODIFY `last_response_time` decimal(21,9), MODIFY `first_response_time` decimal(21,9), MODIFY `net_total` decimal(21,9) not null default 0, MODIFY `annual_revenue` decimal(21,9) not null default 0
2026-05-25 17:51:19,587 WARNING database DDL Query made to DB:
DROP TABLE IF EXISTS `tabMFT License`
2026-05-25 23:17:56,383 WARNING database DDL Query made to DB:
alter table `tabDocType` add column if not exists migration_hash varchar(140)
2026-05-25 23:17:57,164 WARNING database DDL Query made to DB:
ALTER TABLE `tabPrint Heading` DROP INDEX `print_heading`
2026-05-25 23:17:58,267 WARNING database DDL Query made to DB:
ALTER TABLE `tabPrint Heading` ADD UNIQUE INDEX IF NOT EXISTS print_heading (`print_heading`)
2026-05-25 23:17:59,719 WARNING database DDL Query made to DB:
create table `tabMFT License` (
			name varchar(140) primary key,
			creation datetime(6),
			modified datetime(6),
			modified_by varchar(140),
			owner varchar(140),
			docstatus int(1) not null default '0',
			idx int(8) not null default '0',
			`license_key` varchar(140) unique,
`status` varchar(140) default 'Active',
`customer` varchar(140),
`email` varchar(140),
`invoice_number` varchar(140),
`stripe_session_id` varchar(140) unique,
`product` varchar(140),
`purchase_date` date,
`expiry` date,
`amount_paid` decimal(21,9) not null default 0,
`_user_tags` text,
`_comments` text,
`_assign` text,
`_liked_by` text,
index `email`(`email`),
index `invoice_number`(`invoice_number`),
index modified(modified))
			ENGINE=InnoDB
			ROW_FORMAT=DYNAMIC
			CHARACTER SET=utf8mb4
			COLLATE=utf8mb4_unicode_ci
2026-05-26 12:02:46,956 WARNING database DDL Query made to DB:
alter table `tabDocType` add column if not exists migration_hash varchar(140)
2026-05-26 12:02:51,098 WARNING database DDL Query made to DB:
ALTER TABLE `tabPrint Heading` DROP INDEX `print_heading`
2026-05-26 12:02:54,313 WARNING database DDL Query made to DB:
ALTER TABLE `tabMFT License` MODIFY `amount_paid` decimal(21,9) not null default 0
2026-05-26 12:02:54,452 WARNING database DDL Query made to DB:
ALTER TABLE `tabMFT License` ADD INDEX `license_key_index`(`license_key`), ADD INDEX `stripe_session_id_index`(`stripe_session_id`)
2026-05-26 12:02:58,220 WARNING database DDL Query made to DB:
ALTER TABLE `tabPrint Heading` ADD UNIQUE INDEX IF NOT EXISTS print_heading (`print_heading`)
2026-05-26 12:03:06,286 WARNING database DDL Query made to DB:
ALTER TABLE `tabMFT License` MODIFY `amount_paid` decimal(21,9) not null default 0
2026-05-26 12:04:10,100 WARNING database DDL Query made to DB:
ALTER TABLE `tabMFT License` MODIFY `amount_paid` decimal(21,9) not null default 0
