2026-04-21 12:19:49,676 ERROR frappe New Exception collected in error log
Site: mysite.local
Form Dict: {'cmd': 'frappe.core.doctype.user.user.reset_password', 'user': 'akash.raj@hephzibahtech.com'}
2026-04-21 12:25:35,898 ERROR frappe New Exception collected in error log
Site: mysite.local
Form Dict: {'cmd': 'frappe.core.doctype.user.user.reset_password', 'user': 'akash.raj@hephzibahtech.com'}
2026-04-21 12:39:44,302 ERROR frappe New Exception collected in error log
Site: mysite.local
Form Dict: {'title': 'CRM', 'public': '1', 'new_widgets': '{}', 'blocks': '[{"id":"Cj2TyhgiWy","type":"chart","data":{"chart_name":"Territory Wise Sales","col":12}},{"id":"LAKRmpYMRA","type":"spacer","data":{"col":12}},{"id":"XGIwEUStw_","type":"header","data":{"text":"<span class=\\"h4\\"><b>Your Shortcuts</b></span>","col":12}},{"id":"wdROEmB_XG","type":"shortcut","data":{"shortcut_name":"Dashboard","col":3}},{"id":"69RN0XsiJK","type":"shortcut","data":{"shortcut_name":"Lead","col":3}},{"id":"t6PQ0vY-Iw","type":"shortcut","data":{"shortcut_name":"Opportunity","col":3}},{"id":"VOFE0hqXRD","type":"shortcut","data":{"shortcut_name":"Customer","col":3}},{"id":"0ik53fuemG","type":"shortcut","data":{"shortcut_name":"Sales Analytics","col":3}},{"id":"-I9HhcgUKE","type":"spacer","data":{"col":12}},{"id":"ttpROKW9vk","type":"header","data":{"text":"<span class=\\"h4\\"><b>Reports &amp; Masters</b></span>","col":12}},{"id":"_YmGwzVWRr","type":"card","data":{"card_name":"Masters","col":4}},{"id":"-76QPdbBHy","type":"card","data":{"card_name":"Sales Pipeline","col":8}},{"id":"Bma1PxoXk3","type":"card","data":{"card_name":"Reports","col":4}},{"id":"80viA0R83a","type":"card","data":{"card_name":"Campaign","col":4}},{"id":"Buo5HtKRFN","type":"card","data":{"card_name":"Settings","col":4}},{"id":"sLS_x4FMK2","type":"card","data":{"card_name":"Maintenance","col":4}}]', 'cmd': 'frappe.desk.doctype.workspace.workspace.save_page'}
2026-04-21 12:57:48,515 ERROR frappe New Exception collected in error log
Site: mysite.local
Form Dict: {'title': 'CRM', 'public': '1', 'new_widgets': '{}', 'blocks': '[{"id":"-76QPdbBHy","type":"card","data":{"card_name":"Sales Pipeline","col":3}},{"id":"Cj2TyhgiWy","type":"chart","data":{"chart_name":"Territory Wise Sales","col":9}},{"id":"LAKRmpYMRA","type":"spacer","data":{"col":12}},{"id":"XGIwEUStw_","type":"header","data":{"text":"<span class=\\"h4\\"><b>Your Shortcuts</b></span>","col":12}},{"id":"69RN0XsiJK","type":"shortcut","data":{"shortcut_name":"Lead","col":3}},{"id":"t6PQ0vY-Iw","type":"shortcut","data":{"shortcut_name":"Opportunity","col":3}},{"id":"VOFE0hqXRD","type":"shortcut","data":{"shortcut_name":"Customer","col":3}},{"id":"0ik53fuemG","type":"shortcut","data":{"shortcut_name":"Sales Analytics","col":3}},{"id":"wdROEmB_XG","type":"shortcut","data":{"shortcut_name":"Dashboard","col":3}},{"id":"-I9HhcgUKE","type":"spacer","data":{"col":12}},{"id":"ttpROKW9vk","type":"header","data":{"text":"<span class=\\"h4\\"><b>Reports &amp; Masters</b></span>","col":12}},{"id":"_YmGwzVWRr","type":"card","data":{"card_name":"Masters","col":4}},{"id":"Bma1PxoXk3","type":"card","data":{"card_name":"Reports","col":4}},{"id":"80viA0R83a","type":"card","data":{"card_name":"Campaign","col":4}},{"id":"Buo5HtKRFN","type":"card","data":{"card_name":"Settings","col":4}},{"id":"sLS_x4FMK2","type":"card","data":{"card_name":"Maintenance","col":4}}]', 'cmd': 'frappe.desk.doctype.workspace.workspace.save_page'}
2026-04-21 15:04:01,450 ERROR frappe New Exception collected in error log
Site: mysite.local
Form Dict: {'recipients': 'lijish.wilson@hephzibahtech.com', 'attachments': [], 'cc': '', 'bcc': '', 'subject': 'Lijish Wilson S (#CRM-LEAD-2026-00001)', 'content': '<p>Hi Lijish , <br><br>we receuived</p>', 'doctype': 'CRM Lead', 'name': 'CRM-LEAD-2026-00001', 'send_email': 1, 'sender': 'admin@example.com', 'sender_full_name': 'Administrator', 'cmd': 'frappe.core.doctype.communication.email.make'}
2026-04-21 15:06:35,028 ERROR frappe New Exception collected in error log
Site: mysite.local
Form Dict: {'recipients': 'lijish.wilson@hephzibahtech.com', 'attachments': [], 'cc': '', 'bcc': '', 'subject': 'Lijish Wilson S (#CRM-LEAD-2026-00001)', 'content': '<p>Hi Lijish , <br><br>we receuived</p>', 'doctype': 'CRM Lead', 'name': 'CRM-LEAD-2026-00001', 'send_email': 1, 'sender': 'admin@example.com', 'sender_full_name': 'Administrator', 'cmd': 'frappe.core.doctype.communication.email.make'}
2026-04-24 12:53:58,442 ERROR frappe New Exception collected in error log
Site: mysite.local
Form Dict: {'doctype': 'CRM Lead', 'name': 'CRM-LEAD-2026-00001', 'cmd': 'frappe.client.delete'}
2026-04-24 12:53:58,443 ERROR frappe New Exception collected in error log
Site: mysite.local
Form Dict: {'doctype': 'CRM Lead', 'name': 'CRM-LEAD-2026-00001', 'cmd': 'frappe.client.delete'}
2026-04-24 12:53:58,444 ERROR frappe New Exception collected in error log
Site: mysite.local
Form Dict: {'doctype': 'CRM Lead', 'name': 'CRM-LEAD-2026-00001', 'cmd': 'frappe.client.delete'}
2026-04-24 14:16:14,408 ERROR frappe New Exception collected in error log
Site: mysite.local
Form Dict: {'doctype': 'CRM Lead', 'name': 'CRM-LEAD-2026-00003', 'cmd': 'frappe.client.delete'}
2026-04-24 14:16:14,410 ERROR frappe New Exception collected in error log
Site: mysite.local
Form Dict: {'doctype': 'CRM Lead', 'name': 'CRM-LEAD-2026-00003', 'cmd': 'frappe.client.delete'}
2026-04-24 14:16:14,411 ERROR frappe New Exception collected in error log
Site: mysite.local
Form Dict: {'doctype': 'CRM Lead', 'name': 'CRM-LEAD-2026-00003', 'cmd': 'frappe.client.delete'}
2026-04-24 14:16:29,837 ERROR frappe New Exception collected in error log
Site: mysite.local
Form Dict: {'doctype': 'CRM Lead', 'name': 'CRM-LEAD-2026-00003', 'cmd': 'frappe.client.delete'}
2026-04-24 14:16:30,211 ERROR frappe New Exception collected in error log
Site: mysite.local
Form Dict: {'doctype': 'CRM Lead', 'name': 'CRM-LEAD-2026-00003', 'cmd': 'frappe.client.delete'}
2026-04-24 14:16:30,213 ERROR frappe New Exception collected in error log
Site: mysite.local
Form Dict: {'doctype': 'CRM Lead', 'name': 'CRM-LEAD-2026-00003', 'cmd': 'frappe.client.delete'}
2026-04-30 11:45:32,703 ERROR frappe New Exception collected in error log
Site: mysite.local
Form Dict: {'doctype': 'Crm Lead', 'cmd': 'frappe.client.get_count', 'filters': None, 'debug': False}
2026-04-30 12:43:22,081 ERROR frappe New Exception collected in error log
Site: mysite.local
Form Dict: {'doctype': 'CRM Lead', 'filters': {}, 'order_by': 'modified desc', 'default_filters': {'converted': 0}, 'view': {'custom_view_name': '', 'view_type': 'list', 'group_by_field': 'owner'}, 'column_field': 'status', 'title_field': '', 'kanban_columns': '', 'kanban_fields': '', 'columns': '', 'rows': '', 'page_length': 20, 'page_length_count': 20, 'cmd': 'crm.api.doc.get_data'}
2026-04-30 12:44:33,457 ERROR frappe New Exception collected in error log
Site: mysite.local
Form Dict: {'doctype': 'CRM Lead', 'filters': {}, 'order_by': 'modified desc', 'default_filters': {'converted': 0}, 'view': {'custom_view_name': '', 'view_type': 'list', 'group_by_field': 'owner'}, 'column_field': 'status', 'title_field': '', 'kanban_columns': '', 'kanban_fields': '', 'columns': '', 'rows': '', 'page_length': 20, 'page_length_count': 20, 'cmd': 'crm.api.doc.get_data'}
2026-04-30 12:50:26,095 ERROR frappe New Exception collected in error log
Site: mysite.local
Form Dict: {'doctype': 'CRM Lead', 'filters': {}, 'order_by': 'modified desc', 'default_filters': {'converted': 0}, 'view': {'custom_view_name': '', 'view_type': 'list', 'group_by_field': 'owner'}, 'column_field': 'status', 'title_field': '', 'kanban_columns': '', 'kanban_fields': '', 'columns': '', 'rows': '', 'page_length': 20, 'page_length_count': 20, 'cmd': 'crm.api.doc.get_data'}
2026-04-30 13:00:48,019 ERROR frappe Error while inserting deferred Route History record: Could not find User: lijish.wilson@hephzibahtech.com
Site: mysite.local
Form Dict: {}
2026-05-25 17:10:20,817 ERROR frappe New Exception collected in error log
Site: mysite.local
Form Dict: {'doctype': 'CRM Lead', 'filters': {}, 'order_by': 'modified desc', 'default_filters': {'converted': 0}, 'view': {'custom_view_name': '', 'view_type': 'list', 'group_by_field': 'owner'}, 'column_field': 'status', 'title_field': '', 'kanban_columns': '', 'kanban_fields': '', 'columns': '', 'rows': '', 'cmd': 'crm.api.doc.get_data'}
2026-05-25 17:11:44,166 ERROR frappe New Exception collected in error log
Site: mysite.local
Form Dict: {'doctype': 'CRM Lead', 'filters': {}, 'order_by': 'modified desc', 'default_filters': {'converted': 0}, 'view': {'custom_view_name': '', 'view_type': 'list', 'group_by_field': 'owner'}, 'column_field': 'status', 'title_field': '', 'kanban_columns': '', 'kanban_fields': '', 'columns': '', 'rows': '', 'cmd': 'crm.api.doc.get_data'}
2026-05-25 22:53:55,896 ERROR frappe New Exception collected in error log
Site: mysite.local
Form Dict: {'stripe_session_id': 'cs_test_a1UK8JAegk620zvteyJEVrchdFnMfpgsyq46YjYmCUQBcfnHiBGy4tXZ6z', 'name': 'Test user6', 'org': 'Test org6', 'email': 'testorg6@mailinator.com', 'bill_number': 'MFTBILL-00024', 'cmd': 'mft_integration.api.process_payment'}
2026-05-25 23:01:10,026 ERROR frappe Error while inserting deferred Error Log record: Error Log idc9krn69c: 'Title' (Module import failed for MFT License, the DocType you're trying to open might be deleted.
Error: No module named 'frappe.core.doctype.mft_license') will get truncated, as max characters allowed is 140
Site: mysite.local
Form Dict: {}
2026-05-25 23:14:08,474 ERROR frappe New Exception collected in error log
Site: mysite.local
Form Dict: {'stripe_session_id': 'cs_test_a1UK8JAegk620zvteyJEVrchdFnMfpgsyq46YjYmCUQBcfnHiBGy4tXZ6z', 'name': 'Test user6', 'org': 'Test org6', 'email': 'testorg6@mailinator.com', 'bill_number': 'MFTBILL-00024', 'cmd': 'mft_integration.api.process_payment'}
2026-05-25 23:14:11,626 ERROR frappe New Exception collected in error log
Site: mysite.local
Form Dict: {'stripe_session_id': 'cs_test_a1UK8JAegk620zvteyJEVrchdFnMfpgsyq46YjYmCUQBcfnHiBGy4tXZ6z', 'name': 'Test user6', 'org': 'Test org6', 'email': 'testorg6@mailinator.com', 'bill_number': 'MFTBILL-00024', 'cmd': 'mft_integration.api.process_payment'}
2026-05-25 23:15:12,320 ERROR frappe New Exception collected in error log
Site: mysite.local
Form Dict: {'stripe_session_id': 'cs_test_a1PJoAU1TD2APHAnyXSvPjDBRZVMkI5ltC8lSf0hnxJVeMtguclMiOdyIc', 'name': 'doss', 'org': 'doss ltd', 'email': 'dossltd@mailinator.com', 'bill_number': 'MFTBILL-00025', 'cmd': 'mft_integration.api.process_payment'}
2026-05-25 23:15:19,475 ERROR frappe Error while inserting deferred Error Log record: Error Log qmqhj4c1hi: 'Title' (Module import failed for MFT License, the DocType you're trying to open might be deleted.
Error: No module named 'frappe.core.doctype.mft_license') will get truncated, as max characters allowed is 140
Site: mysite.local
Form Dict: {}
2026-05-25 23:15:19,479 ERROR frappe Error while inserting deferred Error Log record: Error Log qmqj8it33f: 'Title' (Module import failed for MFT License, the DocType you're trying to open might be deleted.
Error: No module named 'frappe.core.doctype.mft_license') will get truncated, as max characters allowed is 140
Site: mysite.local
Form Dict: {}
2026-05-25 23:15:19,484 ERROR frappe Error while inserting deferred Error Log record: Error Log qmq2aesffr: 'Title' (Module import failed for MFT License, the DocType you're trying to open might be deleted.
Error: No module named 'frappe.core.doctype.mft_license') will get truncated, as max characters allowed is 140
Site: mysite.local
Form Dict: {}
2026-05-25 23:16:49,637 ERROR frappe New Exception collected in error log
Site: mysite.local
Form Dict: {'stripe_session_id': 'test_debug_001', 'name': 'Test User', 'org': 'Test Org', 'email': 'test@test.com', 'bill_number': '001', 'cmd': 'mft_integration.api.process_payment'}
2026-05-25 23:30:54,479 ERROR frappe Error while inserting deferred Error Log record: Error Log 3r0dvhrdpa: 'Title' (Module import failed for MFT License, the DocType you're trying to open might be deleted.
Error: No module named 'frappe.core.doctype.mft_license') will get truncated, as max characters allowed is 140
Site: mysite.local
Form Dict: {}
