2026-05-14 17:48:52,327 ERROR scheduler Exception in Enqueue Events for Site mysite.local
Traceback (most recent call last):
  File "/home/ijish/frappe-bench/apps/frappe/frappe/utils/caching.py", line 57, in wrapper
    return frappe.local.request_cache[func][args_key]
KeyError: 5740354900026072187

During handling of the above exception, another exception occurred:

Traceback (most recent call last):
  File "/home/ijish/frappe-bench/apps/frappe/frappe/utils/scheduler.py", line 102, in enqueue_events_for_site
    enqueue_events(site=site)
  File "/home/ijish/frappe-bench/apps/frappe/frappe/utils/scheduler.py", line 117, in enqueue_events
    all_jobs = frappe.get_all("Scheduled Job Type", filters={"stopped": 0}, fields="*")
  File "/home/ijish/frappe-bench/apps/frappe/frappe/__init__.py", line 2053, in get_all
    return get_list(doctype, *args, **kwargs)
  File "/home/ijish/frappe-bench/apps/frappe/frappe/__init__.py", line 2028, in get_list
    return frappe.model.db_query.DatabaseQuery(doctype).execute(*args, **kwargs)
  File "/home/ijish/frappe-bench/apps/frappe/frappe/model/db_query.py", line 212, in execute
    result = self.build_and_run()
  File "/home/ijish/frappe-bench/apps/frappe/frappe/model/db_query.py", line 227, in build_and_run
    args = self.prepare_args()
  File "/home/ijish/frappe-bench/apps/frappe/frappe/model/db_query.py", line 269, in prepare_args
    self.build_conditions()
  File "/home/ijish/frappe-bench/apps/frappe/frappe/model/db_query.py", line 642, in build_conditions
    self.build_filter_conditions(self.filters, self.conditions)
  File "/home/ijish/frappe-bench/apps/frappe/frappe/model/db_query.py", line 660, in build_filter_conditions
    conditions.append(self.prepare_filter_condition(f))
  File "/home/ijish/frappe-bench/apps/frappe/frappe/model/db_query.py", line 776, in prepare_filter_condition
    additional_filters_config = get_additional_filters_from_hooks()
  File "/home/ijish/frappe-bench/apps/frappe/frappe/boot.py", line 410, in get_additional_filters_from_hooks
    filter_hooks = frappe.get_hooks("filters_config")
  File "/home/ijish/frappe-bench/apps/frappe/frappe/__init__.py", line 1625, in get_hooks
    hooks = _dict(_load_app_hooks())
  File "/home/ijish/frappe-bench/apps/frappe/frappe/utils/caching.py", line 59, in wrapper
    return_val = func(*args, **kwargs)
  File "/home/ijish/frappe-bench/apps/frappe/frappe/__init__.py", line 1594, in _load_app_hooks
    app_hooks = get_module(f"{app}.hooks")
  File "/home/ijish/frappe-bench/apps/frappe/frappe/__init__.py", line 1460, in get_module
    return importlib.import_module(modulename)
  File "/usr/lib/python3.10/importlib/__init__.py", line 126, in import_module
    return _bootstrap._gcd_import(name[level:], package, level)
  File "<frozen importlib._bootstrap>", line 1050, in _gcd_import
  File "<frozen importlib._bootstrap>", line 1027, in _find_and_load
  File "<frozen importlib._bootstrap>", line 992, in _find_and_load_unlocked
  File "<frozen importlib._bootstrap>", line 241, in _call_with_frames_removed
  File "<frozen importlib._bootstrap>", line 1050, in _gcd_import
  File "<frozen importlib._bootstrap>", line 1027, in _find_and_load
  File "<frozen importlib._bootstrap>", line 1004, in _find_and_load_unlocked
ModuleNotFoundError: No module named 'telephony'
2026-05-14 17:49:52,358 ERROR scheduler Exception in Enqueue Events for Site mysite.local
Traceback (most recent call last):
  File "/home/ijish/frappe-bench/apps/frappe/frappe/utils/caching.py", line 57, in wrapper
    return frappe.local.request_cache[func][args_key]
KeyError: 5740354900026072187

During handling of the above exception, another exception occurred:

Traceback (most recent call last):
  File "/home/ijish/frappe-bench/apps/frappe/frappe/utils/scheduler.py", line 102, in enqueue_events_for_site
    enqueue_events(site=site)
  File "/home/ijish/frappe-bench/apps/frappe/frappe/utils/scheduler.py", line 117, in enqueue_events
    all_jobs = frappe.get_all("Scheduled Job Type", filters={"stopped": 0}, fields="*")
  File "/home/ijish/frappe-bench/apps/frappe/frappe/__init__.py", line 2053, in get_all
    return get_list(doctype, *args, **kwargs)
  File "/home/ijish/frappe-bench/apps/frappe/frappe/__init__.py", line 2028, in get_list
    return frappe.model.db_query.DatabaseQuery(doctype).execute(*args, **kwargs)
  File "/home/ijish/frappe-bench/apps/frappe/frappe/model/db_query.py", line 212, in execute
    result = self.build_and_run()
  File "/home/ijish/frappe-bench/apps/frappe/frappe/model/db_query.py", line 227, in build_and_run
    args = self.prepare_args()
  File "/home/ijish/frappe-bench/apps/frappe/frappe/model/db_query.py", line 269, in prepare_args
    self.build_conditions()
  File "/home/ijish/frappe-bench/apps/frappe/frappe/model/db_query.py", line 642, in build_conditions
    self.build_filter_conditions(self.filters, self.conditions)
  File "/home/ijish/frappe-bench/apps/frappe/frappe/model/db_query.py", line 660, in build_filter_conditions
    conditions.append(self.prepare_filter_condition(f))
  File "/home/ijish/frappe-bench/apps/frappe/frappe/model/db_query.py", line 776, in prepare_filter_condition
    additional_filters_config = get_additional_filters_from_hooks()
  File "/home/ijish/frappe-bench/apps/frappe/frappe/boot.py", line 410, in get_additional_filters_from_hooks
    filter_hooks = frappe.get_hooks("filters_config")
  File "/home/ijish/frappe-bench/apps/frappe/frappe/__init__.py", line 1625, in get_hooks
    hooks = _dict(_load_app_hooks())
  File "/home/ijish/frappe-bench/apps/frappe/frappe/utils/caching.py", line 59, in wrapper
    return_val = func(*args, **kwargs)
  File "/home/ijish/frappe-bench/apps/frappe/frappe/__init__.py", line 1594, in _load_app_hooks
    app_hooks = get_module(f"{app}.hooks")
  File "/home/ijish/frappe-bench/apps/frappe/frappe/__init__.py", line 1460, in get_module
    return importlib.import_module(modulename)
  File "/usr/lib/python3.10/importlib/__init__.py", line 126, in import_module
    return _bootstrap._gcd_import(name[level:], package, level)
  File "<frozen importlib._bootstrap>", line 1050, in _gcd_import
  File "<frozen importlib._bootstrap>", line 1027, in _find_and_load
  File "<frozen importlib._bootstrap>", line 992, in _find_and_load_unlocked
  File "<frozen importlib._bootstrap>", line 241, in _call_with_frames_removed
  File "<frozen importlib._bootstrap>", line 1050, in _gcd_import
  File "<frozen importlib._bootstrap>", line 1027, in _find_and_load
  File "<frozen importlib._bootstrap>", line 1004, in _find_and_load_unlocked
ModuleNotFoundError: No module named 'telephony'
2026-05-14 17:50:52,426 ERROR scheduler Exception in Enqueue Events for Site mysite.local
Traceback (most recent call last):
  File "/home/ijish/frappe-bench/apps/frappe/frappe/utils/caching.py", line 57, in wrapper
    return frappe.local.request_cache[func][args_key]
KeyError: 5740354900026072187

During handling of the above exception, another exception occurred:

Traceback (most recent call last):
  File "/home/ijish/frappe-bench/apps/frappe/frappe/utils/scheduler.py", line 102, in enqueue_events_for_site
    enqueue_events(site=site)
  File "/home/ijish/frappe-bench/apps/frappe/frappe/utils/scheduler.py", line 117, in enqueue_events
    all_jobs = frappe.get_all("Scheduled Job Type", filters={"stopped": 0}, fields="*")
  File "/home/ijish/frappe-bench/apps/frappe/frappe/__init__.py", line 2053, in get_all
    return get_list(doctype, *args, **kwargs)
  File "/home/ijish/frappe-bench/apps/frappe/frappe/__init__.py", line 2028, in get_list
    return frappe.model.db_query.DatabaseQuery(doctype).execute(*args, **kwargs)
  File "/home/ijish/frappe-bench/apps/frappe/frappe/model/db_query.py", line 212, in execute
    result = self.build_and_run()
  File "/home/ijish/frappe-bench/apps/frappe/frappe/model/db_query.py", line 227, in build_and_run
    args = self.prepare_args()
  File "/home/ijish/frappe-bench/apps/frappe/frappe/model/db_query.py", line 269, in prepare_args
    self.build_conditions()
  File "/home/ijish/frappe-bench/apps/frappe/frappe/model/db_query.py", line 642, in build_conditions
    self.build_filter_conditions(self.filters, self.conditions)
  File "/home/ijish/frappe-bench/apps/frappe/frappe/model/db_query.py", line 660, in build_filter_conditions
    conditions.append(self.prepare_filter_condition(f))
  File "/home/ijish/frappe-bench/apps/frappe/frappe/model/db_query.py", line 776, in prepare_filter_condition
    additional_filters_config = get_additional_filters_from_hooks()
  File "/home/ijish/frappe-bench/apps/frappe/frappe/boot.py", line 410, in get_additional_filters_from_hooks
    filter_hooks = frappe.get_hooks("filters_config")
  File "/home/ijish/frappe-bench/apps/frappe/frappe/__init__.py", line 1625, in get_hooks
    hooks = _dict(_load_app_hooks())
  File "/home/ijish/frappe-bench/apps/frappe/frappe/utils/caching.py", line 59, in wrapper
    return_val = func(*args, **kwargs)
  File "/home/ijish/frappe-bench/apps/frappe/frappe/__init__.py", line 1594, in _load_app_hooks
    app_hooks = get_module(f"{app}.hooks")
  File "/home/ijish/frappe-bench/apps/frappe/frappe/__init__.py", line 1460, in get_module
    return importlib.import_module(modulename)
  File "/usr/lib/python3.10/importlib/__init__.py", line 126, in import_module
    return _bootstrap._gcd_import(name[level:], package, level)
  File "<frozen importlib._bootstrap>", line 1050, in _gcd_import
  File "<frozen importlib._bootstrap>", line 1027, in _find_and_load
  File "<frozen importlib._bootstrap>", line 992, in _find_and_load_unlocked
  File "<frozen importlib._bootstrap>", line 241, in _call_with_frames_removed
  File "<frozen importlib._bootstrap>", line 1050, in _gcd_import
  File "<frozen importlib._bootstrap>", line 1027, in _find_and_load
  File "<frozen importlib._bootstrap>", line 1004, in _find_and_load_unlocked
ModuleNotFoundError: No module named 'telephony'
2026-05-14 17:51:52,546 ERROR scheduler Exception in Enqueue Events for Site mysite.local
Traceback (most recent call last):
  File "/home/ijish/frappe-bench/apps/frappe/frappe/utils/caching.py", line 57, in wrapper
    return frappe.local.request_cache[func][args_key]
KeyError: 5740354900026072187

During handling of the above exception, another exception occurred:

Traceback (most recent call last):
  File "/home/ijish/frappe-bench/apps/frappe/frappe/utils/scheduler.py", line 102, in enqueue_events_for_site
    enqueue_events(site=site)
  File "/home/ijish/frappe-bench/apps/frappe/frappe/utils/scheduler.py", line 117, in enqueue_events
    all_jobs = frappe.get_all("Scheduled Job Type", filters={"stopped": 0}, fields="*")
  File "/home/ijish/frappe-bench/apps/frappe/frappe/__init__.py", line 2053, in get_all
    return get_list(doctype, *args, **kwargs)
  File "/home/ijish/frappe-bench/apps/frappe/frappe/__init__.py", line 2028, in get_list
    return frappe.model.db_query.DatabaseQuery(doctype).execute(*args, **kwargs)
  File "/home/ijish/frappe-bench/apps/frappe/frappe/model/db_query.py", line 212, in execute
    result = self.build_and_run()
  File "/home/ijish/frappe-bench/apps/frappe/frappe/model/db_query.py", line 227, in build_and_run
    args = self.prepare_args()
  File "/home/ijish/frappe-bench/apps/frappe/frappe/model/db_query.py", line 269, in prepare_args
    self.build_conditions()
  File "/home/ijish/frappe-bench/apps/frappe/frappe/model/db_query.py", line 642, in build_conditions
    self.build_filter_conditions(self.filters, self.conditions)
  File "/home/ijish/frappe-bench/apps/frappe/frappe/model/db_query.py", line 660, in build_filter_conditions
    conditions.append(self.prepare_filter_condition(f))
  File "/home/ijish/frappe-bench/apps/frappe/frappe/model/db_query.py", line 776, in prepare_filter_condition
    additional_filters_config = get_additional_filters_from_hooks()
  File "/home/ijish/frappe-bench/apps/frappe/frappe/boot.py", line 410, in get_additional_filters_from_hooks
    filter_hooks = frappe.get_hooks("filters_config")
  File "/home/ijish/frappe-bench/apps/frappe/frappe/__init__.py", line 1625, in get_hooks
    hooks = _dict(_load_app_hooks())
  File "/home/ijish/frappe-bench/apps/frappe/frappe/utils/caching.py", line 59, in wrapper
    return_val = func(*args, **kwargs)
  File "/home/ijish/frappe-bench/apps/frappe/frappe/__init__.py", line 1594, in _load_app_hooks
    app_hooks = get_module(f"{app}.hooks")
  File "/home/ijish/frappe-bench/apps/frappe/frappe/__init__.py", line 1460, in get_module
    return importlib.import_module(modulename)
  File "/usr/lib/python3.10/importlib/__init__.py", line 126, in import_module
    return _bootstrap._gcd_import(name[level:], package, level)
  File "<frozen importlib._bootstrap>", line 1050, in _gcd_import
  File "<frozen importlib._bootstrap>", line 1027, in _find_and_load
  File "<frozen importlib._bootstrap>", line 992, in _find_and_load_unlocked
  File "<frozen importlib._bootstrap>", line 241, in _call_with_frames_removed
  File "<frozen importlib._bootstrap>", line 1050, in _gcd_import
  File "<frozen importlib._bootstrap>", line 1027, in _find_and_load
  File "<frozen importlib._bootstrap>", line 1004, in _find_and_load_unlocked
ModuleNotFoundError: No module named 'telephony'
2026-05-14 17:52:52,669 ERROR scheduler Exception in Enqueue Events for Site mysite.local
Traceback (most recent call last):
  File "/home/ijish/frappe-bench/apps/frappe/frappe/utils/caching.py", line 57, in wrapper
    return frappe.local.request_cache[func][args_key]
KeyError: 5740354900026072187

During handling of the above exception, another exception occurred:

Traceback (most recent call last):
  File "/home/ijish/frappe-bench/apps/frappe/frappe/utils/scheduler.py", line 102, in enqueue_events_for_site
    enqueue_events(site=site)
  File "/home/ijish/frappe-bench/apps/frappe/frappe/utils/scheduler.py", line 117, in enqueue_events
    all_jobs = frappe.get_all("Scheduled Job Type", filters={"stopped": 0}, fields="*")
  File "/home/ijish/frappe-bench/apps/frappe/frappe/__init__.py", line 2053, in get_all
    return get_list(doctype, *args, **kwargs)
  File "/home/ijish/frappe-bench/apps/frappe/frappe/__init__.py", line 2028, in get_list
    return frappe.model.db_query.DatabaseQuery(doctype).execute(*args, **kwargs)
  File "/home/ijish/frappe-bench/apps/frappe/frappe/model/db_query.py", line 212, in execute
    result = self.build_and_run()
  File "/home/ijish/frappe-bench/apps/frappe/frappe/model/db_query.py", line 227, in build_and_run
    args = self.prepare_args()
  File "/home/ijish/frappe-bench/apps/frappe/frappe/model/db_query.py", line 269, in prepare_args
    self.build_conditions()
  File "/home/ijish/frappe-bench/apps/frappe/frappe/model/db_query.py", line 642, in build_conditions
    self.build_filter_conditions(self.filters, self.conditions)
  File "/home/ijish/frappe-bench/apps/frappe/frappe/model/db_query.py", line 660, in build_filter_conditions
    conditions.append(self.prepare_filter_condition(f))
  File "/home/ijish/frappe-bench/apps/frappe/frappe/model/db_query.py", line 776, in prepare_filter_condition
    additional_filters_config = get_additional_filters_from_hooks()
  File "/home/ijish/frappe-bench/apps/frappe/frappe/boot.py", line 410, in get_additional_filters_from_hooks
    filter_hooks = frappe.get_hooks("filters_config")
  File "/home/ijish/frappe-bench/apps/frappe/frappe/__init__.py", line 1625, in get_hooks
    hooks = _dict(_load_app_hooks())
  File "/home/ijish/frappe-bench/apps/frappe/frappe/utils/caching.py", line 59, in wrapper
    return_val = func(*args, **kwargs)
  File "/home/ijish/frappe-bench/apps/frappe/frappe/__init__.py", line 1594, in _load_app_hooks
    app_hooks = get_module(f"{app}.hooks")
  File "/home/ijish/frappe-bench/apps/frappe/frappe/__init__.py", line 1460, in get_module
    return importlib.import_module(modulename)
  File "/usr/lib/python3.10/importlib/__init__.py", line 126, in import_module
    return _bootstrap._gcd_import(name[level:], package, level)
  File "<frozen importlib._bootstrap>", line 1050, in _gcd_import
  File "<frozen importlib._bootstrap>", line 1027, in _find_and_load
  File "<frozen importlib._bootstrap>", line 992, in _find_and_load_unlocked
  File "<frozen importlib._bootstrap>", line 241, in _call_with_frames_removed
  File "<frozen importlib._bootstrap>", line 1050, in _gcd_import
  File "<frozen importlib._bootstrap>", line 1027, in _find_and_load
  File "<frozen importlib._bootstrap>", line 1004, in _find_and_load_unlocked
ModuleNotFoundError: No module named 'telephony'
2026-05-14 17:53:52,781 ERROR scheduler Exception in Enqueue Events for Site mysite.local
Traceback (most recent call last):
  File "/home/ijish/frappe-bench/apps/frappe/frappe/utils/caching.py", line 57, in wrapper
    return frappe.local.request_cache[func][args_key]
KeyError: 5740354900026072187

During handling of the above exception, another exception occurred:

Traceback (most recent call last):
  File "/home/ijish/frappe-bench/apps/frappe/frappe/utils/scheduler.py", line 102, in enqueue_events_for_site
    enqueue_events(site=site)
  File "/home/ijish/frappe-bench/apps/frappe/frappe/utils/scheduler.py", line 117, in enqueue_events
    all_jobs = frappe.get_all("Scheduled Job Type", filters={"stopped": 0}, fields="*")
  File "/home/ijish/frappe-bench/apps/frappe/frappe/__init__.py", line 2053, in get_all
    return get_list(doctype, *args, **kwargs)
  File "/home/ijish/frappe-bench/apps/frappe/frappe/__init__.py", line 2028, in get_list
    return frappe.model.db_query.DatabaseQuery(doctype).execute(*args, **kwargs)
  File "/home/ijish/frappe-bench/apps/frappe/frappe/model/db_query.py", line 212, in execute
    result = self.build_and_run()
  File "/home/ijish/frappe-bench/apps/frappe/frappe/model/db_query.py", line 227, in build_and_run
    args = self.prepare_args()
  File "/home/ijish/frappe-bench/apps/frappe/frappe/model/db_query.py", line 269, in prepare_args
    self.build_conditions()
  File "/home/ijish/frappe-bench/apps/frappe/frappe/model/db_query.py", line 642, in build_conditions
    self.build_filter_conditions(self.filters, self.conditions)
  File "/home/ijish/frappe-bench/apps/frappe/frappe/model/db_query.py", line 660, in build_filter_conditions
    conditions.append(self.prepare_filter_condition(f))
  File "/home/ijish/frappe-bench/apps/frappe/frappe/model/db_query.py", line 776, in prepare_filter_condition
    additional_filters_config = get_additional_filters_from_hooks()
  File "/home/ijish/frappe-bench/apps/frappe/frappe/boot.py", line 410, in get_additional_filters_from_hooks
    filter_hooks = frappe.get_hooks("filters_config")
  File "/home/ijish/frappe-bench/apps/frappe/frappe/__init__.py", line 1625, in get_hooks
    hooks = _dict(_load_app_hooks())
  File "/home/ijish/frappe-bench/apps/frappe/frappe/utils/caching.py", line 59, in wrapper
    return_val = func(*args, **kwargs)
  File "/home/ijish/frappe-bench/apps/frappe/frappe/__init__.py", line 1594, in _load_app_hooks
    app_hooks = get_module(f"{app}.hooks")
  File "/home/ijish/frappe-bench/apps/frappe/frappe/__init__.py", line 1460, in get_module
    return importlib.import_module(modulename)
  File "/usr/lib/python3.10/importlib/__init__.py", line 126, in import_module
    return _bootstrap._gcd_import(name[level:], package, level)
  File "<frozen importlib._bootstrap>", line 1050, in _gcd_import
  File "<frozen importlib._bootstrap>", line 1027, in _find_and_load
  File "<frozen importlib._bootstrap>", line 992, in _find_and_load_unlocked
  File "<frozen importlib._bootstrap>", line 241, in _call_with_frames_removed
  File "<frozen importlib._bootstrap>", line 1050, in _gcd_import
  File "<frozen importlib._bootstrap>", line 1027, in _find_and_load
  File "<frozen importlib._bootstrap>", line 1004, in _find_and_load_unlocked
ModuleNotFoundError: No module named 'telephony'
2026-05-14 17:54:52,896 ERROR scheduler Exception in Enqueue Events for Site mysite.local
Traceback (most recent call last):
  File "/home/ijish/frappe-bench/apps/frappe/frappe/utils/caching.py", line 57, in wrapper
    return frappe.local.request_cache[func][args_key]
KeyError: 5740354900026072187

During handling of the above exception, another exception occurred:

Traceback (most recent call last):
  File "/home/ijish/frappe-bench/apps/frappe/frappe/__init__.py", line 1594, in _load_app_hooks
    app_hooks = get_module(f"{app}.hooks")
  File "/home/ijish/frappe-bench/apps/frappe/frappe/__init__.py", line 1460, in get_module
    return importlib.import_module(modulename)
  File "/usr/lib/python3.10/importlib/__init__.py", line 126, in import_module
    return _bootstrap._gcd_import(name[level:], package, level)
  File "<frozen importlib._bootstrap>", line 1050, in _gcd_import
  File "<frozen importlib._bootstrap>", line 1027, in _find_and_load
  File "<frozen importlib._bootstrap>", line 992, in _find_and_load_unlocked
  File "<frozen importlib._bootstrap>", line 241, in _call_with_frames_removed
  File "<frozen importlib._bootstrap>", line 1050, in _gcd_import
  File "<frozen importlib._bootstrap>", line 1027, in _find_and_load
  File "<frozen importlib._bootstrap>", line 1004, in _find_and_load_unlocked
ModuleNotFoundError: No module named 'telephony'

During handling of the above exception, another exception occurred:

Traceback (most recent call last):
  File "/home/ijish/frappe-bench/apps/frappe/frappe/utils/scheduler.py", line 102, in enqueue_events_for_site
    enqueue_events(site=site)
  File "/home/ijish/frappe-bench/apps/frappe/frappe/utils/scheduler.py", line 117, in enqueue_events
    all_jobs = frappe.get_all("Scheduled Job Type", filters={"stopped": 0}, fields="*")
  File "/home/ijish/frappe-bench/apps/frappe/frappe/__init__.py", line 2053, in get_all
    return get_list(doctype, *args, **kwargs)
  File "/home/ijish/frappe-bench/apps/frappe/frappe/__init__.py", line 2028, in get_list
    return frappe.model.db_query.DatabaseQuery(doctype).execute(*args, **kwargs)
  File "/home/ijish/frappe-bench/apps/frappe/frappe/model/db_query.py", line 212, in execute
    result = self.build_and_run()
  File "/home/ijish/frappe-bench/apps/frappe/frappe/model/db_query.py", line 227, in build_and_run
    args = self.prepare_args()
  File "/home/ijish/frappe-bench/apps/frappe/frappe/model/db_query.py", line 269, in prepare_args
    self.build_conditions()
  File "/home/ijish/frappe-bench/apps/frappe/frappe/model/db_query.py", line 642, in build_conditions
    self.build_filter_conditions(self.filters, self.conditions)
  File "/home/ijish/frappe-bench/apps/frappe/frappe/model/db_query.py", line 660, in build_filter_conditions
    conditions.append(self.prepare_filter_condition(f))
  File "/home/ijish/frappe-bench/apps/frappe/frappe/model/db_query.py", line 776, in prepare_filter_condition
    additional_filters_config = get_additional_filters_from_hooks()
  File "/home/ijish/frappe-bench/apps/frappe/frappe/boot.py", line 410, in get_additional_filters_from_hooks
    filter_hooks = frappe.get_hooks("filters_config")
  File "/home/ijish/frappe-bench/apps/frappe/frappe/__init__.py", line 1625, in get_hooks
    hooks = _dict(_load_app_hooks())
  File "/home/ijish/frappe-bench/apps/frappe/frappe/utils/caching.py", line 59, in wrapper
    return_val = func(*args, **kwargs)
  File "/home/ijish/frappe-bench/apps/frappe/frappe/__init__.py", line 1600, in _load_app_hooks
    print(f'Could not find app "{app}": \n{e}')
BrokenPipeError: [Errno 32] Broken pipe
2026-05-18 10:41:03,550 ERROR scheduler Skipped queueing frappe.integrations.doctype.google_contacts.google_contacts.sync because it was found in queue for mysite.local
2026-05-18 10:41:03,556 ERROR scheduler Skipped queueing frappe.oauth.delete_oauth2_data because it was found in queue for mysite.local
2026-05-18 10:41:03,558 ERROR scheduler Skipped queueing erpnext.assets.doctype.asset.depreciation.post_depreciation_entries because it was found in queue for mysite.local
2026-05-18 10:41:03,569 ERROR scheduler Skipped queueing erpnext.accounts.doctype.process_subscription.process_subscription.create_subscription_process because it was found in queue for mysite.local
2026-05-18 10:41:03,572 ERROR scheduler Skipped queueing frappe.integrations.doctype.s3_backup_settings.s3_backup_settings.take_backups_weekly because it was found in queue for mysite.local
2026-05-18 10:41:03,575 ERROR scheduler Skipped queueing erpnext.crm.utils.open_leads_opportunities_based_on_todays_event because it was found in queue for mysite.local
2026-05-18 10:41:03,579 ERROR scheduler Skipped queueing frappe.desk.doctype.changelog_feed.changelog_feed.fetch_changelog_feed because it was found in queue for mysite.local
2026-05-18 10:41:03,582 ERROR scheduler Skipped queueing frappe.twofactor.delete_all_barcodes_for_users because it was found in queue for mysite.local
2026-05-18 10:41:03,584 ERROR scheduler Skipped queueing erpnext.accounts.doctype.process_statement_of_accounts.process_statement_of_accounts.send_auto_email because it was found in queue for mysite.local
2026-05-18 10:41:03,586 ERROR scheduler Skipped queueing crm.lead_syncing.background_sync.sync_leads_from_sources_hourly because it was found in queue for mysite.local
2026-05-18 10:41:03,594 ERROR scheduler Skipped queueing erpnext.assets.doctype.asset.asset.update_maintenance_status because it was found in queue for mysite.local
2026-05-18 10:41:03,603 ERROR scheduler Skipped queueing frappe.social.doctype.energy_point_log.energy_point_log.send_weekly_summary because it was found in queue for mysite.local
2026-05-18 10:41:03,605 ERROR scheduler Skipped queueing erpnext.accounts.utils.run_ledger_health_checks because it was found in queue for mysite.local
2026-05-18 10:41:03,607 ERROR scheduler Skipped queueing frappe.website.doctype.personal_data_deletion_request.personal_data_deletion_request.process_data_deletion_request because it was found in queue for mysite.local
2026-05-18 10:41:03,609 ERROR scheduler Skipped queueing frappe.desk.utils.delete_old_exported_report_files because it was found in queue for mysite.local
2026-05-18 10:41:03,612 ERROR scheduler Skipped queueing frappe.desk.form.document_follow.send_weekly_updates because it was found in queue for mysite.local
2026-05-18 10:41:03,614 ERROR scheduler Skipped queueing erpnext.crm.doctype.opportunity.opportunity.auto_close_opportunity because it was found in queue for mysite.local
2026-05-18 10:41:03,618 ERROR scheduler Skipped queueing erpnext.setup.doctype.company.company.cache_companies_monthly_sales_history because it was found in queue for mysite.local
2026-05-18 10:41:03,621 ERROR scheduler Skipped queueing erpnext.projects.doctype.task.task.set_tasks_as_overdue because it was found in queue for mysite.local
2026-05-18 10:41:03,625 ERROR scheduler Skipped queueing erpnext.projects.doctype.project.project.update_project_sales_billing because it was found in queue for mysite.local
2026-05-18 10:41:03,634 ERROR scheduler Skipped queueing erpnext.utilities.doctype.video.video.update_youtube_data because it was found in queue for mysite.local
2026-05-18 10:41:03,641 ERROR scheduler Skipped queueing frappe.sessions.clear_expired_sessions because it was found in queue for mysite.local
2026-05-18 10:41:03,643 ERROR scheduler Skipped queueing frappe.integrations.doctype.s3_backup_settings.s3_backup_settings.take_backups_daily because it was found in queue for mysite.local
2026-05-18 10:41:03,647 ERROR scheduler Skipped queueing frappe.core.doctype.log_settings.log_settings.run_log_clean_up because it was found in queue for mysite.local
2026-05-18 10:41:03,654 ERROR scheduler Skipped queueing erpnext.crm.doctype.contract.contract.update_status_for_contracts because it was found in queue for mysite.local
2026-05-18 10:41:03,663 ERROR scheduler Skipped queueing erpnext.assets.doctype.asset.asset.make_post_gl_entry because it was found in queue for mysite.local
2026-05-18 10:41:03,665 ERROR scheduler Skipped queueing hrms.hr.doctype.shift_type.shift_type.process_auto_attendance_for_all_shifts because it was found in queue for mysite.local
2026-05-18 10:41:03,670 ERROR scheduler Skipped queueing frappe.integrations.doctype.dropbox_settings.dropbox_settings.take_backups_daily because it was found in queue for mysite.local
2026-05-18 10:41:03,672 ERROR scheduler Skipped queueing erpnext.accounts.utils.auto_create_exchange_rate_revaluation_daily because it was found in queue for mysite.local
2026-05-18 10:41:03,675 ERROR scheduler Skipped queueing hrms.hr.utils.allocate_earned_leaves because it was found in queue for mysite.local
2026-05-18 10:41:03,677 ERROR scheduler Skipped queueing erpnext.projects.doctype.project.project.send_project_status_email_to_users because it was found in queue for mysite.local
2026-05-18 10:41:03,680 ERROR scheduler Skipped queueing erpnext.assets.doctype.asset_maintenance_log.asset_maintenance_log.update_asset_maintenance_log_status because it was found in queue for mysite.local
2026-05-18 10:41:03,682 ERROR scheduler Skipped queueing frappe.social.doctype.energy_point_settings.energy_point_settings.allocate_review_points because it was found in queue for mysite.local
2026-05-18 10:41:03,686 ERROR scheduler Skipped queueing erpnext.stock.doctype.serial_no.serial_no.update_maintenance_status because it was found in queue for mysite.local
2026-05-18 10:41:03,690 ERROR scheduler Skipped queueing hrms.hr.utils.generate_leave_encashment because it was found in queue for mysite.local
2026-05-18 10:41:03,693 ERROR scheduler Skipped queueing erpnext.support.doctype.service_level_agreement.service_level_agreement.check_agreement_status because it was found in queue for mysite.local
2026-05-18 10:41:03,697 ERROR scheduler Skipped queueing hrms.hr.doctype.shift_type.shift_type.update_last_sync_of_checkin because it was found in queue for mysite.local
2026-05-18 10:41:03,703 ERROR scheduler Skipped queueing frappe.integrations.doctype.dropbox_settings.dropbox_settings.take_backups_weekly because it was found in queue for mysite.local
2026-05-18 10:41:03,708 ERROR scheduler Skipped queueing erpnext.utilities.bulk_transaction.retry because it was found in queue for mysite.local
2026-05-18 10:41:03,710 ERROR scheduler Skipped queueing frappe.desk.page.backups.backups.delete_downloadable_backups because it was found in queue for mysite.local
2026-05-18 10:41:03,716 ERROR scheduler Skipped queueing erpnext.buying.doctype.supplier_quotation.supplier_quotation.set_expired_status because it was found in queue for mysite.local
2026-05-18 10:41:03,723 ERROR scheduler Skipped queueing erpnext.controllers.accounts_controller.update_invoice_status because it was found in queue for mysite.local
2026-05-18 10:41:03,728 ERROR scheduler Skipped queueing frappe.desk.form.document_follow.send_hourly_updates because it was found in queue for mysite.local
2026-05-18 10:41:03,731 ERROR scheduler Skipped queueing hrms.hr.doctype.leave_ledger_entry.leave_ledger_entry.process_expired_allocation because it was found in queue for mysite.local
2026-05-18 10:41:03,738 ERROR scheduler Skipped queueing erpnext.stock.reorder_item.reorder_item because it was found in queue for mysite.local
2026-05-18 10:41:03,741 ERROR scheduler Skipped queueing frappe.integrations.doctype.google_drive.google_drive.daily_backup because it was found in queue for mysite.local
2026-05-18 10:41:03,745 ERROR scheduler Skipped queueing frappe.email.doctype.auto_email_report.auto_email_report.send_daily because it was found in queue for mysite.local
2026-05-18 10:41:03,748 ERROR scheduler Skipped queueing erpnext.setup.doctype.email_digest.email_digest.send because it was found in queue for mysite.local
2026-05-18 10:41:03,752 ERROR scheduler Skipped queueing frappe.model.utils.user_settings.sync_user_settings because it was found in queue for mysite.local
2026-05-18 10:41:03,755 ERROR scheduler Skipped queueing erpnext.support.doctype.issue.issue.auto_close_tickets because it was found in queue for mysite.local
2026-05-18 10:41:03,758 ERROR scheduler Skipped queueing frappe.desk.notifications.clear_notifications because it was found in queue for mysite.local
2026-05-18 10:41:03,765 ERROR scheduler Skipped queueing erpnext.projects.doctype.project.project.collect_project_status because it was found in queue for mysite.local
2026-05-18 10:41:03,774 ERROR scheduler Skipped queueing erpnext.crm.doctype.email_campaign.email_campaign.set_email_campaign_status because it was found in queue for mysite.local
2026-05-20 15:01:31,832 ERROR scheduler Skipped queueing erpnext.projects.doctype.project.project.project_status_update_reminder because it was found in queue for mysite.local
2026-05-26 10:30:51,324 ERROR scheduler Skipped queueing erpnext.support.doctype.issue.issue.auto_close_tickets because it was found in queue for mysite.local
